# JRE version: OpenJDK Runtime Environment (8.0_191-b12) (build 1.8.0_191-b12)
# Java VM: OpenJDK 64-Bit Server VM (25.191-b12 mixed mode linux-amd64 compressed oops)
Heap:
 def new generation   total 30080K, used 28884K [0x00000000f0800000, 0x00000000f28a0000, 0x00000000f5aa0000)
  eden space 26752K,  98% used [0x00000000f0800000, 0x00000000f21dbf58, 0x00000000f2220000)
  from space 3328K,  72% used [0x00000000f2220000, 0x00000000f24793a0, 0x00000000f2560000)
  to   space 3328K,  12% used [0x00000000f2560000, 0x00000000f25c85c8, 0x00000000f28a0000)
 tenured generation   total 66768K, used 58747K [0x00000000f5aa0000, 0x00000000f9bd4000, 0x0000000100000000)
   the space 66768K,  87% used [0x00000000f5aa0000, 0x00000000f93fede0, 0x00000000f93fee00, 0x00000000f9bd4000)
 Metaspace       used 26058K, capacity 26566K, committed 26624K, reserved 1073152K
  class space    used 2874K, capacity 3022K, committed 3072K, reserved 1048576K
GC Heap History (119 events):
Event: 0.525 GC heap before
{Heap before GC invocations=0 (full 0):
 def new generation   total 4928K, used 4416K [0x00000000f0800000, 0x00000000f0d50000, 0x00000000f5aa0000)
  eden space 4416K, 100% used [0x00000000f0800000, 0x00000000f0c50000, 0x00000000f0c50000)
  from space 512K,   0% used [0x00000000f0c50000, 0x00000000f0c50000, 0x00000000f0cd0000)
  to   space 512K,   0% used [0x00000000f0cd0000, 0x00000000f0cd0000, 0x00000000f0d50000)
 tenured generation   total 10944K, used 0K [0x00000000f5aa0000, 0x00000000f6550000, 0x0000000100000000)
   the space 10944K,   0% used [0x00000000f5aa0000, 0x00000000f5aa0000, 0x00000000f5aa0200, 0x00000000f6550000)
 Metaspace       used 5009K, capacity 5260K, committed 5504K, reserved 1056768K
  class space    used 477K, capacity 568K, committed 640K, reserved 1048576K
Event: 0.528 GC heap after
Heap after GC invocations=1 (full 0):
 def new generation   total 4928K, used 512K [0x00000000f0800000, 0x00000000f0d50000, 0x00000000f5aa0000)
  eden space 4416K,   0% used [0x00000000f0800000, 0x00000000f0800000, 0x00000000f0c50000)
  from space 512K, 100% used [0x00000000f0cd0000, 0x00000000f0d50000, 0x00000000f0d50000)
  to   space 512K,   0% used [0x00000000f0c50000, 0x00000000f0c50000, 0x00000000f0cd0000)
 tenured generation   total 10944K, used 913K [0x00000000f5aa0000, 0x00000000f6550000, 0x0000000100000000)
   the space 10944K,   8% used [0x00000000f5aa0000, 0x00000000f5b84598, 0x00000000f5b84600, 0x00000000f6550000)
 Metaspace       used 5009K, capacity 5260K, committed 5504K, reserved 1056768K
  class space    used 477K, capacity 568K, committed 640K, reserved 1048576K
}
Event: 0.688 GC heap before
{Heap before GC invocations=1 (full 0):
 def new generation   total 4928K, used 4928K [0x00000000f0800000, 0x00000000f0d50000, 0x00000000f5aa0000)
  eden space 4416K, 100% used [0x00000000f0800000, 0x00000000f0c50000, 0x00000000f0c50000)
  from space 512K, 100% used [0x00000000f0cd0000, 0x00000000f0d50000, 0x00000000f0d50000)
  to   space 512K,   0% used [0x00000000f0c50000, 0x00000000f0c50000, 0x00000000f0cd0000)
 tenured generation   total 10944K, used 913K [0x00000000f5aa0000, 0x00000000f6550000, 0x0000000100000000)
   the space 10944K,   8% used [0x00000000f5aa0000, 0x00000000f5b84598, 0x00000000f5b84600, 0x00000000f6550000)
 Metaspace       used 5761K, capacity 5916K, committed 6016K, reserved 1056768K
  class space    used 572K, capacity 632K, committed 640K, reserved 1048576K
Event: 0.691 GC heap after
Heap after GC invocations=2 (full 0):
 def new generation   total 4928K, used 512K [0x00000000f0800000, 0x00000000f0d50000, 0x00000000f5aa0000)
  eden space 4416K,   0% used [0x00000000f0800000, 0x00000000f0800000, 0x00000000f0c50000)
  from space 512K, 100% used [0x00000000f0c50000, 0x00000000f0cd0000, 0x00000000f0cd0000)
  to   space 512K,   0% used [0x00000000f0cd0000, 0x00000000f0cd0000, 0x00000000f0d50000)
 tenured generation   total 10944K, used 1570K [0x00000000f5aa0000, 0x00000000f6550000, 0x0000000100000000)
   the space 10944K,  14% used [0x00000000f5aa0000, 0x00000000f5c288f8, 0x00000000f5c28a00, 0x00000000f6550000)
 Metaspace       used 5761K, capacity 5916K, committed 6016K, reserved 1056768K
  class space    used 572K, capacity 632K, committed 640K, reserved 1048576K
}
Event: 0.820 GC heap before
{Heap before GC invocations=2 (full 0):
 def new generation   total 4928K, used 4928K [0x00000000f0800000, 0x00000000f0d50000, 0x00000000f5aa0000)
  eden space 4416K, 100% used [0x00000000f0800000, 0x00000000f0c50000, 0x00000000f0c50000)
  from space 512K, 100% used [0x00000000f0c50000, 0x00000000f0cd0000, 0x00000000f0cd0000)
  to   space 512K,   0% used [0x00000000f0cd0000, 0x00000000f0cd0000, 0x00000000f0d50000)
 tenured generation   total 10944K, used 1570K [0x00000000f5aa0000, 0x00000000f6550000, 0x0000000100000000)
   the space 10944K,  14% used [0x00000000f5aa0000, 0x00000000f5c288f8, 0x00000000f5c28a00, 0x00000000f6550000)
 Metaspace       used 6642K, capacity 6780K, committed 6912K, reserved 1056768K
  class space    used 674K, capacity 728K, committed 768K, reserved 1048576K
Event: 0.821 GC heap after
Heap after GC invocations=3 (full 0):
 def new generation   total 4928K, used 511K [0x00000000f0800000, 0x00000000f0d50000, 0x00000000f5aa0000)
  eden space 4416K,   0% used [0x00000000f0800000, 0x00000000f0800000, 0x00000000f0c50000)
  from space 512K,  99% used [0x00000000f0cd0000, 0x00000000f0d4fff0, 0x00000000f0d50000)
  to   space 512K,   0% used [0x00000000f0c50000, 0x00000000f0c50000, 0x00000000f0cd0000)
 tenured generation   total 10944K, used 1952K [0x00000000f5aa0000, 0x00000000f6550000, 0x0000000100000000)
   the space 10944K,  17% used [0x00000000f5aa0000, 0x00000000f5c88300, 0x00000000f5c88400, 0x00000000f6550000)
 Metaspace       used 6642K, capacity 6780K, committed 6912K, reserved 1056768K
  class space    used 674K, capacity 728K, committed 768K, reserved 1048576K
}
Event: 0.923 GC heap before
{Heap before GC invocations=3 (full 0):
 def new generation   total 4928K, used 4927K [0x00000000f0800000, 0x00000000f0d50000, 0x00000000f5aa0000)
  eden space 4416K, 100% used [0x00000000f0800000, 0x00000000f0c50000, 0x00000000f0c50000)
  from space 512K,  99% used [0x00000000f0cd0000, 0x00000000f0d4fff0, 0x00000000f0d50000)
  to   space 512K,   0% used [0x00000000f0c50000, 0x00000000f0c50000, 0x00000000f0cd0000)
 tenured generation   total 10944K, used 1952K [0x00000000f5aa0000, 0x00000000f6550000, 0x0000000100000000)
   the space 10944K,  17% used [0x00000000f5aa0000, 0x00000000f5c88300, 0x00000000f5c88400, 0x00000000f6550000)
 Metaspace       used 7246K, capacity 7388K, committed 7552K, reserved 1056768K
  class space    used 764K, capacity 824K, committed 896K, reserved 1048576K
Event: 0.924 GC heap after
Heap after GC invocations=4 (full 0):
 def new generation   total 4928K, used 512K [0x00000000f0800000, 0x00000000f0d50000, 0x00000000f5aa0000)
  eden space 4416K,   0% used [0x00000000f0800000, 0x00000000f0800000, 0x00000000f0c50000)
  from space 512K, 100% used [0x00000000f0c50000, 0x00000000f0cd0000, 0x00000000f0cd0000)
  to   space 512K,   0% used [0x00000000f0cd0000, 0x00000000f0cd0000, 0x00000000f0d50000)
 tenured generation   total 10944K, used 2173K [0x00000000f5aa0000, 0x00000000f6550000, 0x0000000100000000)
   the space 10944K,  19% used [0x00000000f5aa0000, 0x00000000f5cbf530, 0x00000000f5cbf600, 0x00000000f6550000)
 Metaspace       used 7246K, capacity 7388K, committed 7552K, reserved 1056768K
  class space    used 764K, capacity 824K, committed 896K, reserved 1048576K
}
Event: 1.063 GC heap before
{Heap before GC invocations=4 (full 0):
 def new generation   total 4928K, used 4928K [0x00000000f0800000, 0x00000000f0d50000, 0x00000000f5aa0000)
  eden space 4416K, 100% used [0x00000000f0800000, 0x00000000f0c50000, 0x00000000f0c50000)
  from space 512K, 100% used [0x00000000f0c50000, 0x00000000f0cd0000, 0x00000000f0cd0000)
  to   space 512K,   0% used [0x00000000f0cd0000, 0x00000000f0cd0000, 0x00000000f0d50000)
 tenured generation   total 10944K, used 2173K [0x00000000f5aa0000, 0x00000000f6550000, 0x0000000100000000)
   the space 10944K,  19% used [0x00000000f5aa0000, 0x00000000f5cbf530, 0x00000000f5cbf600, 0x00000000f6550000)
 Metaspace       used 8024K, capacity 8220K, committed 8448K, reserved 1056768K
  class space    used 881K, capacity 952K, committed 1024K, reserved 1048576K
Event: 1.065 GC heap after
Heap after GC invocations=5 (full 0):
 def new generation   total 4928K, used 511K [0x00000000f0800000, 0x00000000f0d50000, 0x00000000f5aa0000)
  eden space 4416K,   0% used [0x00000000f0800000, 0x00000000f0800000, 0x00000000f0c50000)
  from space 512K,  99% used [0x00000000f0cd0000, 0x00000000f0d4fff0, 0x00000000f0d50000)
  to   space 512K,   0% used [0x00000000f0c50000, 0x00000000f0c50000, 0x00000000f0cd0000)
 tenured generation   total 10944K, used 2373K [0x00000000f5aa0000, 0x00000000f6550000, 0x0000000100000000)
   the space 10944K,  21% used [0x00000000f5aa0000, 0x00000000f5cf1790, 0x00000000f5cf1800, 0x00000000f6550000)
 Metaspace       used 8024K, capacity 8220K, committed 8448K, reserved 1056768K
  class space    used 881K, capacity 952K, committed 1024K, reserved 1048576K
}
Event: 1.139 GC heap before
{Heap before GC invocations=5 (full 0):
 def new generation   total 4928K, used 4927K [0x00000000f0800000, 0x00000000f0d50000, 0x00000000f5aa0000)
  eden space 4416K, 100% used [0x00000000f0800000, 0x00000000f0c50000, 0x00000000f0c50000)
  from space 512K,  99% used [0x00000000f0cd0000, 0x00000000f0d4fff0, 0x00000000f0d50000)
  to   space 512K,   0% used [0x00000000f0c50000, 0x00000000f0c50000, 0x00000000f0cd0000)
 tenured generation   total 10944K, used 2373K [0x00000000f5aa0000, 0x00000000f6550000, 0x0000000100000000)
   the space 10944K,  21% used [0x00000000f5aa0000, 0x00000000f5cf1790, 0x00000000f5cf1800, 0x00000000f6550000)
 Metaspace       used 8140K, capacity 8316K, committed 8448K, reserved 1056768K
  class space    used 898K, capacity 984K, committed 1024K, reserved 1048576K
Event: 1.141 GC heap after
Heap after GC invocations=6 (full 0):
 def new generation   total 4928K, used 352K [0x00000000f0800000, 0x00000000f0d50000, 0x00000000f5aa0000)
  eden space 4416K,   0% used [0x00000000f0800000, 0x00000000f0800000, 0x00000000f0c50000)
  from space 512K,  68% used [0x00000000f0c50000, 0x00000000f0ca8308, 0x00000000f0cd0000)
  to   space 512K,   0% used [0x00000000f0cd0000, 0x00000000f0cd0000, 0x00000000f0d50000)
 tenured generation   total 10944K, used 2551K [0x00000000f5aa0000, 0x00000000f6550000, 0x0000000100000000)
   the space 10944K,  23% used [0x00000000f5aa0000, 0x00000000f5d1ddc0, 0x00000000f5d1de00, 0x00000000f6550000)
 Metaspace       used 8140K, capacity 8316K, committed 8448K, reserved 1056768K
  class space    used 898K, capacity 984K, committed 1024K, reserved 1048576K
}
Event: 1.193 GC heap before
{Heap before GC invocations=6 (full 0):
 def new generation   total 4928K, used 4768K [0x00000000f0800000, 0x00000000f0d50000, 0x00000000f5aa0000)
  eden space 4416K, 100% used [0x00000000f0800000, 0x00000000f0c50000, 0x00000000f0c50000)
  from space 512K,  68% used [0x00000000f0c50000, 0x00000000f0ca8308, 0x00000000f0cd0000)
  to   space 512K,   0% used [0x00000000f0cd0000, 0x00000000f0cd0000, 0x00000000f0d50000)
 tenured generation   total 10944K, used 2551K [0x00000000f5aa0000, 0x00000000f6550000, 0x0000000100000000)
   the space 10944K,  23% used [0x00000000f5aa0000, 0x00000000f5d1ddc0, 0x00000000f5d1de00, 0x00000000f6550000)
 Metaspace       used 8250K, capacity 8380K, committed 8448K, reserved 1056768K
  class space    used 927K, capacity 984K, committed 1024K, reserved 1048576K
Event: 1.194 GC heap after
Heap after GC invocations=7 (full 0):
 def new generation   total 4928K, used 313K [0x00000000f0800000, 0x00000000f0d50000, 0x00000000f5aa0000)
  eden space 4416K,   0% used [0x00000000f0800000, 0x00000000f0800000, 0x00000000f0c50000)
  from space 512K,  61% used [0x00000000f0cd0000, 0x00000000f0d1e6c0, 0x00000000f0d50000)
  to   space 512K,   0% used [0x00000000f0c50000, 0x00000000f0c50000, 0x00000000f0cd0000)
 tenured generation   total 10944K, used 2742K [0x00000000f5aa0000, 0x00000000f6550000, 0x0000000100000000)
   the space 10944K,  25% used [0x00000000f5aa0000, 0x00000000f5d4db18, 0x00000000f5d4dc00, 0x00000000f6550000)
 Metaspace       used 8250K, capacity 8380K, committed 8448K, reserved 1056768K
  class space    used 927K, capacity 984K, committed 1024K, reserved 1048576K
}
Event: 1.308 GC heap before
{Heap before GC invocations=7 (full 0):
 def new generation   total 4928K, used 4729K [0x00000000f0800000, 0x00000000f0d50000, 0x00000000f5aa0000)
  eden space 4416K, 100% used [0x00000000f0800000, 0x00000000f0c50000, 0x00000000f0c50000)
  from space 512K,  61% used [0x00000000f0cd0000, 0x00000000f0d1e6c0, 0x00000000f0d50000)
  to   space 512K,   0% used [0x00000000f0c50000, 0x00000000f0c50000, 0x00000000f0cd0000)
 tenured generation   total 10944K, used 2742K [0x00000000f5aa0000, 0x00000000f6550000, 0x0000000100000000)
   the space 10944K,  25% used [0x00000000f5aa0000, 0x00000000f5d4db18, 0x00000000f5d4dc00, 0x00000000f6550000)
 Metaspace       used 8543K, capacity 8700K, committed 8832K, reserved 1056768K
  class space    used 963K, capacity 1048K, committed 1152K, reserved 1048576K
Event: 1.310 GC heap after
Heap after GC invocations=8 (full 0):
 def new generation   total 4928K, used 402K [0x00000000f0800000, 0x00000000f0d50000, 0x00000000f5aa0000)
  eden space 4416K,   0% used [0x00000000f0800000, 0x00000000f0800000, 0x00000000f0c50000)
  from space 512K,  78% used [0x00000000f0c50000, 0x00000000f0cb48b0, 0x00000000f0cd0000)
  to   space 512K,   0% used [0x00000000f0cd0000, 0x00000000f0cd0000, 0x00000000f0d50000)
 tenured generation   total 10944K, used 2860K [0x00000000f5aa0000, 0x00000000f6550000, 0x0000000100000000)
   the space 10944K,  26% used [0x00000000f5aa0000, 0x00000000f5d6b228, 0x00000000f5d6b400, 0x00000000f6550000)
 Metaspace       used 8543K, capacity 8700K, committed 8832K, reserved 1056768K
  class space    used 963K, capacity 1048K, committed 1152K, reserved 1048576K
}
Event: 1.393 GC heap before
{Heap before GC invocations=8 (full 0):
 def new generation   total 4928K, used 4818K [0x00000000f0800000, 0x00000000f0d50000, 0x00000000f5aa0000)
  eden space 4416K, 100% used [0x00000000f0800000, 0x00000000f0c50000, 0x00000000f0c50000)
  from space 512K,  78% used [0x00000000f0c50000, 0x00000000f0cb48b0, 0x00000000f0cd0000)
  to   space 512K,   0% used [0x00000000f0cd0000, 0x00000000f0cd0000, 0x00000000f0d50000)
 tenured generation   total 10944K, used 2860K [0x00000000f5aa0000, 0x00000000f6550000, 0x0000000100000000)
   the space 10944K,  26% used [0x00000000f5aa0000, 0x00000000f5d6b228, 0x00000000f5d6b400, 0x00000000f6550000)
 Metaspace       used 9035K, capacity 9186K, committed 9344K, reserved 1056768K
  class space    used 1014K, capacity 1081K, committed 1152K, reserved 1048576K
Event: 1.395 GC heap after
Heap after GC invocations=9 (full 0):
 def new generation   total 4928K, used 511K [0x00000000f0800000, 0x00000000f0d50000, 0x00000000f5aa0000)
  eden space 4416K,   0% used [0x00000000f0800000, 0x00000000f0800000, 0x00000000f0c50000)
  from space 512K,  99% used [0x00000000f0cd0000, 0x00000000f0d4fff8, 0x00000000f0d50000)
  to   space 512K,   0% used [0x00000000f0c50000, 0x00000000f0c50000, 0x00000000f0cd0000)
 tenured generation   total 10944K, used 3415K [0x00000000f5aa0000, 0x00000000f6550000, 0x0000000100000000)
   the space 10944K,  31% used [0x00000000f5aa0000, 0x00000000f5df5f98, 0x00000000f5df6000, 0x00000000f6550000)
 Metaspace       used 9035K, capacity 9186K, committed 9344K, reserved 1056768K
  class space    used 1014K, capacity 1081K, committed 1152K, reserved 1048576K
}
Event: 1.467 GC heap before
{Heap before GC invocations=9 (full 0):
 def new generation   total 4928K, used 4927K [0x00000000f0800000, 0x00000000f0d50000, 0x00000000f5aa0000)
  eden space 4416K, 100% used [0x00000000f0800000, 0x00000000f0c50000, 0x00000000f0c50000)
  from space 512K,  99% used [0x00000000f0cd0000, 0x00000000f0d4fff8, 0x00000000f0d50000)
  to   space 512K,   0% used [0x00000000f0c50000, 0x00000000f0c50000, 0x00000000f0cd0000)
 tenured generation   total 10944K, used 3415K [0x00000000f5aa0000, 0x00000000f6550000, 0x0000000100000000)
   the space 10944K,  31% used [0x00000000f5aa0000, 0x00000000f5df5f98, 0x00000000f5df6000, 0x00000000f6550000)
 Metaspace       used 9482K, capacity 9614K, committed 9856K, reserved 1058816K
  class space    used 1065K, capacity 1116K, committed 1152K, reserved 1048576K
Event: 1.469 GC heap after
Heap after GC invocations=10 (full 0):
 def new generation   total 4928K, used 512K [0x00000000f0800000, 0x00000000f0d50000, 0x00000000f5aa0000)
  eden space 4416K,   0% used [0x00000000f0800000, 0x00000000f0800000, 0x00000000f0c50000)
  from space 512K, 100% used [0x00000000f0c50000, 0x00000000f0cd0000, 0x00000000f0cd0000)
  to   space 512K,   0% used [0x00000000f0cd0000, 0x00000000f0cd0000, 0x00000000f0d50000)
 tenured generation   total 10944K, used 3673K [0x00000000f5aa0000, 0x00000000f6550000, 0x0000000100000000)
   the space 10944K,  33% used [0x00000000f5aa0000, 0x00000000f5e36578, 0x00000000f5e36600, 0x00000000f6550000)
 Metaspace       used 9482K, capacity 9614K, committed 9856K, reserved 1058816K
  class space    used 1065K, capacity 1116K, committed 1152K, reserved 1048576K
}
Event: 1.557 GC heap before
{Heap before GC invocations=10 (full 0):
 def new generation   total 4928K, used 4904K [0x00000000f0800000, 0x00000000f0d50000, 0x00000000f5aa0000)
  eden space 4416K,  99% used [0x00000000f0800000, 0x00000000f0c4a018, 0x00000000f0c50000)
  from space 512K, 100% used [0x00000000f0c50000, 0x00000000f0cd0000, 0x00000000f0cd0000)
  to   space 512K,   0% used [0x00000000f0cd0000, 0x00000000f0cd0000, 0x00000000f0d50000)
 tenured generation   total 10944K, used 3673K [0x00000000f5aa0000, 0x00000000f6550000, 0x0000000100000000)
   the space 10944K,  33% used [0x00000000f5aa0000, 0x00000000f5e36578, 0x00000000f5e36600, 0x00000000f6550000)
 Metaspace       used 9988K, capacity 10134K, committed 10240K, reserved 1058816K
  class space    used 1131K, capacity 1183K, committed 1280K, reserved 1048576K
Event: 1.558 GC heap after
Heap after GC invocations=11 (full 0):
 def new generation   total 4928K, used 512K [0x00000000f0800000, 0x00000000f0d50000, 0x00000000f5aa0000)
  eden space 4416K,   0% used [0x00000000f0800000, 0x00000000f0800000, 0x00000000f0c50000)
  from space 512K, 100% used [0x00000000f0cd0000, 0x00000000f0d50000, 0x00000000f0d50000)
  to   space 512K,   0% used [0x00000000f0c50000, 0x00000000f0c50000, 0x00000000f0cd0000)
 tenured generation   total 10944K, used 3987K [0x00000000f5aa0000, 0x00000000f6550000, 0x0000000100000000)
   the space 10944K,  36% used [0x00000000f5aa0000, 0x00000000f5e84dc0, 0x00000000f5e84e00, 0x00000000f6550000)
 Metaspace       used 9988K, capacity 10134K, committed 10240K, reserved 1058816K
  class space    used 1131K, capacity 1183K, committed 1280K, reserved 1048576K
}
Event: 1.627 GC heap before
{Heap before GC invocations=11 (full 0):
 def new generation   total 4928K, used 4928K [0x00000000f0800000, 0x00000000f0d50000, 0x00000000f5aa0000)
  eden space 4416K, 100% used [0x00000000f0800000, 0x00000000f0c50000, 0x00000000f0c50000)
  from space 512K, 100% used [0x00000000f0cd0000, 0x00000000f0d50000, 0x00000000f0d50000)
  to   space 512K,   0% used [0x00000000f0c50000, 0x00000000f0c50000, 0x00000000f0cd0000)
 tenured generation   total 10944K, used 3987K [0x00000000f5aa0000, 0x00000000f6550000, 0x0000000100000000)
   the space 10944K,  36% used [0x00000000f5aa0000, 0x00000000f5e84dc0, 0x00000000f5e84e00, 0x00000000f6550000)
 Metaspace       used 10546K, capacity 10686K, committed 10880K, reserved 1058816K
  class space    used 1208K, capacity 1283K, committed 1408K, reserved 1048576K
Event: 1.629 GC heap after
Heap after GC invocations=12 (full 0):
 def new generation   total 4928K, used 511K [0x00000000f0800000, 0x00000000f0d50000, 0x00000000f5aa0000)
  eden space 4416K,   0% used [0x00000000f0800000, 0x00000000f0800000, 0x00000000f0c50000)
  from space 512K,  99% used [0x00000000f0c50000, 0x00000000f0ccffc8, 0x00000000f0cd0000)
  to   space 512K,   0% used [0x00000000f0cd0000, 0x00000000f0cd0000, 0x00000000f0d50000)
 tenured generation   total 10944K, used 4240K [0x00000000f5aa0000, 0x00000000f6550000, 0x0000000100000000)
   the space 10944K,  38% used [0x00000000f5aa0000, 0x00000000f5ec42b0, 0x00000000f5ec4400, 0x00000000f6550000)
 Metaspace       used 10546K, capacity 10686K, committed 10880K, reserved 1058816K
  class space    used 1208K, capacity 1283K, committed 1408K, reserved 1048576K
}
Event: 1.693 GC heap before
{Heap before GC invocations=12 (full 0):
 def new generation   total 4928K, used 4927K [0x00000000f0800000, 0x00000000f0d50000, 0x00000000f5aa0000)
  eden space 4416K, 100% used [0x00000000f0800000, 0x00000000f0c50000, 0x00000000f0c50000)
  from space 512K,  99% used [0x00000000f0c50000, 0x00000000f0ccffc8, 0x00000000f0cd0000)
  to   space 512K,   0% used [0x00000000f0cd0000, 0x00000000f0cd0000, 0x00000000f0d50000)
 tenured generation   total 10944K, used 4240K [0x00000000f5aa0000, 0x00000000f6550000, 0x0000000100000000)
   the space 10944K,  38% used [0x00000000f5aa0000, 0x00000000f5ec42b0, 0x00000000f5ec4400, 0x00000000f6550000)
 Metaspace       used 11087K, capacity 11262K, committed 11392K, reserved 1058816K
  class space    used 1266K, capacity 1347K, committed 1408K, reserved 1048576K
Event: 1.695 GC heap after
Heap after GC invocations=13 (full 0):
 def new generation   total 4928K, used 511K [0x00000000f0800000, 0x00000000f0d50000, 0x00000000f5aa0000)
  eden space 4416K,   0% used [0x00000000f0800000, 0x00000000f0800000, 0x00000000f0c50000)
  from space 512K,  99% used [0x00000000f0cd0000, 0x00000000f0d4fff0, 0x00000000f0d50000)
  to   space 512K,   0% used [0x00000000f0c50000, 0x00000000f0c50000, 0x00000000f0cd0000)
 tenured generation   total 10944K, used 4670K [0x00000000f5aa0000, 0x00000000f6550000, 0x0000000100000000)
   the space 10944K,  42% used [0x00000000f5aa0000, 0x00000000f5f2f8b0, 0x00000000f5f2fa00, 0x00000000f6550000)
 Metaspace       used 11087K, capacity 11262K, committed 11392K, reserved 1058816K
  class space    used 1266K, capacity 1347K, committed 1408K, reserved 1048576K
}
Event: 1.780 GC heap before
{Heap before GC invocations=13 (full 0):
 def new generation   total 4928K, used 4927K [0x00000000f0800000, 0x00000000f0d50000, 0x00000000f5aa0000)
  eden space 4416K, 100% used [0x00000000f0800000, 0x00000000f0c50000, 0x00000000f0c50000)
  from space 512K,  99% used [0x00000000f0cd0000, 0x00000000f0d4fff0, 0x00000000f0d50000)
  to   space 512K,   0% used [0x00000000f0c50000, 0x00000000f0c50000, 0x00000000f0cd0000)
 tenured generation   total 10944K, used 4670K [0x00000000f5aa0000, 0x00000000f6550000, 0x0000000100000000)
   the space 10944K,  42% used [0x00000000f5aa0000, 0x00000000f5f2f8b0, 0x00000000f5f2fa00, 0x00000000f6550000)
 Metaspace       used 11541K, capacity 11714K, committed 12032K, reserved 1060864K
  class space    used 1330K, capacity 1411K, committed 1536K, reserved 1048576K
Event: 1.782 GC heap after
Heap after GC invocations=14 (full 0):
 def new generation   total 4928K, used 512K [0x00000000f0800000, 0x00000000f0d50000, 0x00000000f5aa0000)
  eden space 4416K,   0% used [0x00000000f0800000, 0x00000000f0800000, 0x00000000f0c50000)
  from space 512K, 100% used [0x00000000f0c50000, 0x00000000f0cd0000, 0x00000000f0cd0000)
  to   space 512K,   0% used [0x00000000f0cd0000, 0x00000000f0cd0000, 0x00000000f0d50000)
 tenured generation   total 10944K, used 5012K [0x00000000f5aa0000, 0x00000000f6550000, 0x0000000100000000)
   the space 10944K,  45% used [0x00000000f5aa0000, 0x00000000f5f850a0, 0x00000000f5f85200, 0x00000000f6550000)
 Metaspace       used 11541K, capacity 11714K, committed 12032K, reserved 1060864K
  class space    used 1330K, capacity 1411K, committed 1536K, reserved 1048576K
}
Event: 1.891 GC heap before
{Heap before GC invocations=14 (full 0):
 def new generation   total 4928K, used 4928K [0x00000000f0800000, 0x00000000f0d50000, 0x00000000f5aa0000)
  eden space 4416K, 100% used [0x00000000f0800000, 0x00000000f0c50000, 0x00000000f0c50000)
  from space 512K, 100% used [0x00000000f0c50000, 0x00000000f0cd0000, 0x00000000f0cd0000)
  to   space 512K,   0% used [0x00000000f0cd0000, 0x00000000f0cd0000, 0x00000000f0d50000)
 tenured generation   total 10944K, used 5012K [0x00000000f5aa0000, 0x00000000f6550000, 0x0000000100000000)
   the space 10944K,  45% used [0x00000000f5aa0000, 0x00000000f5f850a0, 0x00000000f5f85200, 0x00000000f6550000)
 Metaspace       used 12043K, capacity 12168K, committed 12288K, reserved 1060864K
  class space    used 1405K, capacity 1476K, committed 1536K, reserved 1048576K
Event: 1.894 GC heap after
Heap after GC invocations=15 (full 0):
 def new generation   total 4928K, used 511K [0x00000000f0800000, 0x00000000f0d50000, 0x00000000f5aa0000)
  eden space 4416K,   0% used [0x00000000f0800000, 0x00000000f0800000, 0x00000000f0c50000)
  from space 512K,  99% used [0x00000000f0cd0000, 0x00000000f0d4fff0, 0x00000000f0d50000)
  to   space 512K,   0% used [0x00000000f0c50000, 0x00000000f0c50000, 0x00000000f0cd0000)
 tenured generation   total 10944K, used 5523K [0x00000000f5aa0000, 0x00000000f6550000, 0x0000000100000000)
   the space 10944K,  50% used [0x00000000f5aa0000, 0x00000000f6004f98, 0x00000000f6005000, 0x00000000f6550000)
 Metaspace       used 12043K, capacity 12168K, committed 12288K, reserved 1060864K
  class space    used 1405K, capacity 1476K, committed 1536K, reserved 1048576K
}
Event: 1.989 GC heap before
{Heap before GC invocations=15 (full 0):
 def new generation   total 4928K, used 4927K [0x00000000f0800000, 0x00000000f0d50000, 0x00000000f5aa0000)
  eden space 4416K, 100% used [0x00000000f0800000, 0x00000000f0c50000, 0x00000000f0c50000)
  from space 512K,  99% used [0x00000000f0cd0000, 0x00000000f0d4fff0, 0x00000000f0d50000)
  to   space 512K,   0% used [0x00000000f0c50000, 0x00000000f0c50000, 0x00000000f0cd0000)
 tenured generation   total 10944K, used 5523K [0x00000000f5aa0000, 0x00000000f6550000, 0x0000000100000000)
   the space 10944K,  50% used [0x00000000f5aa0000, 0x00000000f6004f98, 0x00000000f6005000, 0x00000000f6550000)
 Metaspace       used 12459K, capacity 12622K, committed 12928K, reserved 1060864K
  class space    used 1468K, capacity 1541K, committed 1664K, reserved 1048576K
Event: 1.992 GC heap after
Heap after GC invocations=16 (full 0):
 def new generation   total 4928K, used 512K [0x00000000f0800000, 0x00000000f0d50000, 0x00000000f5aa0000)
  eden space 4416K,   0% used [0x00000000f0800000, 0x00000000f0800000, 0x00000000f0c50000)
  from space 512K, 100% used [0x00000000f0c50000, 0x00000000f0cd0000, 0x00000000f0cd0000)
  to   space 512K,   0% used [0x00000000f0cd0000, 0x00000000f0cd0000, 0x00000000f0d50000)
 tenured generation   total 10944K, used 6048K [0x00000000f5aa0000, 0x00000000f6550000, 0x0000000100000000)
   the space 10944K,  55% used [0x00000000f5aa0000, 0x00000000f6088058, 0x00000000f6088200, 0x00000000f6550000)
 Metaspace       used 12459K, capacity 12622K, committed 12928K, reserved 1060864K
  class space    used 1468K, capacity 1541K, committed 1664K, reserved 1048576K
}
Event: 2.189 GC heap before
{Heap before GC invocations=16 (full 0):
 def new generation   total 4928K, used 4928K [0x00000000f0800000, 0x00000000f0d50000, 0x00000000f5aa0000)
  eden space 4416K, 100% used [0x00000000f0800000, 0x00000000f0c50000, 0x00000000f0c50000)
  from space 512K, 100% used [0x00000000f0c50000, 0x00000000f0cd0000, 0x00000000f0cd0000)
  to   space 512K,   0% used [0x00000000f0cd0000, 0x00000000f0cd0000, 0x00000000f0d50000)
 tenured generation   total 10944K, used 6048K [0x00000000f5aa0000, 0x00000000f6550000, 0x0000000100000000)
   the space 10944K,  55% used [0x00000000f5aa0000, 0x00000000f6088058, 0x00000000f6088200, 0x00000000f6550000)
 Metaspace       used 13009K, capacity 13236K, committed 13440K, reserved 1060864K
  class space    used 1541K, capacity 1638K, committed 1664K, reserved 1048576K
Event: 2.192 GC heap after
Heap after GC invocations=17 (full 0):
 def new generation   total 4928K, used 511K [0x00000000f0800000, 0x00000000f0d50000, 0x00000000f5aa0000)
  eden space 4416K,   0% used [0x00000000f0800000, 0x00000000f0800000, 0x00000000f0c50000)
  from space 512K,  99% used [0x00000000f0cd0000, 0x00000000f0d4fff8, 0x00000000f0d50000)
  to   space 512K,   0% used [0x00000000f0c50000, 0x00000000f0c50000, 0x00000000f0cd0000)
 tenured generation   total 10944K, used 6351K [0x00000000f5aa0000, 0x00000000f6550000, 0x0000000100000000)
   the space 10944K,  58% used [0x00000000f5aa0000, 0x00000000f60d3ea0, 0x00000000f60d4000, 0x00000000f6550000)
 Metaspace       used 13009K, capacity 13236K, committed 13440K, reserved 1060864K
  class space    used 1541K, capacity 1638K, committed 1664K, reserved 1048576K
}
Event: 2.404 GC heap before
{Heap before GC invocations=17 (full 0):
 def new generation   total 4928K, used 4927K [0x00000000f0800000, 0x00000000f0d50000, 0x00000000f5aa0000)
  eden space 4416K, 100% used [0x00000000f0800000, 0x00000000f0c50000, 0x00000000f0c50000)
  from space 512K,  99% used [0x00000000f0cd0000, 0x00000000f0d4fff8, 0x00000000f0d50000)
  to   space 512K,   0% used [0x00000000f0c50000, 0x00000000f0c50000, 0x00000000f0cd0000)
 tenured generation   total 10944K, used 6351K [0x00000000f5aa0000, 0x00000000f6550000, 0x0000000100000000)
   the space 10944K,  58% used [0x00000000f5aa0000, 0x00000000f60d3ea0, 0x00000000f60d4000, 0x00000000f6550000)
 Metaspace       used 13843K, capacity 14026K, committed 14080K, reserved 1060864K
  class space    used 1630K, capacity 1743K, committed 1792K, reserved 1048576K
Event: 2.407 GC heap after
Heap after GC invocations=18 (full 0):
 def new generation   total 4928K, used 511K [0x00000000f0800000, 0x00000000f0d50000, 0x00000000f5aa0000)
  eden space 4416K,   0% used [0x00000000f0800000, 0x00000000f0800000, 0x00000000f0c50000)
  from space 512K,  99% used [0x00000000f0c50000, 0x00000000f0ccfff8, 0x00000000f0cd0000)
  to   space 512K,   0% used [0x00000000f0cd0000, 0x00000000f0cd0000, 0x00000000f0d50000)
 tenured generation   total 10944K, used 6791K [0x00000000f5aa0000, 0x00000000f6550000, 0x0000000100000000)
   the space 10944K,  62% used [0x00000000f5aa0000, 0x00000000f6141d08, 0x00000000f6141e00, 0x00000000f6550000)
 Metaspace       used 13843K, capacity 14026K, committed 14080K, reserved 1060864K
  class space    used 1630K, capacity 1743K, committed 1792K, reserved 1048576K
}
Event: 2.561 GC heap before
{Heap before GC invocations=18 (full 0):
 def new generation   total 4928K, used 4927K [0x00000000f0800000, 0x00000000f0d50000, 0x00000000f5aa0000)
  eden space 4416K, 100% used [0x00000000f0800000, 0x00000000f0c50000, 0x00000000f0c50000)
  from space 512K,  99% used [0x00000000f0c50000, 0x00000000f0ccfff8, 0x00000000f0cd0000)
  to   space 512K,   0% used [0x00000000f0cd0000, 0x00000000f0cd0000, 0x00000000f0d50000)
 tenured generation   total 10944K, used 6791K [0x00000000f5aa0000, 0x00000000f6550000, 0x0000000100000000)
   the space 10944K,  62% used [0x00000000f5aa0000, 0x00000000f6141d08, 0x00000000f6141e00, 0x00000000f6550000)
 Metaspace       used 14714K, capacity 14922K, committed 15232K, reserved 1062912K
  class space    used 1712K, capacity 1807K, committed 1920K, reserved 1048576K
Event: 2.566 GC heap after
Heap after GC invocations=19 (full 0):
 def new generation   total 4928K, used 512K [0x00000000f0800000, 0x00000000f0d50000, 0x00000000f5aa0000)
  eden space 4416K,   0% used [0x00000000f0800000, 0x00000000f0800000, 0x00000000f0c50000)
  from space 512K, 100% used [0x00000000f0cd0000, 0x00000000f0d50000, 0x00000000f0d50000)
  to   space 512K,   0% used [0x00000000f0c50000, 0x00000000f0c50000, 0x00000000f0cd0000)
 tenured generation   total 10944K, used 7882K [0x00000000f5aa0000, 0x00000000f6550000, 0x0000000100000000)
   the space 10944K,  72% used [0x00000000f5aa0000, 0x00000000f6252850, 0x00000000f6252a00, 0x00000000f6550000)
 Metaspace       used 14714K, capacity 14922K, committed 15232K, reserved 1062912K
  class space    used 1712K, capacity 1807K, committed 1920K, reserved 1048576K
}
Event: 2.715 GC heap before
{Heap before GC invocations=19 (full 0):
 def new generation   total 4928K, used 4928K [0x00000000f0800000, 0x00000000f0d50000, 0x00000000f5aa0000)
  eden space 4416K, 100% used [0x00000000f0800000, 0x00000000f0c50000, 0x00000000f0c50000)
  from space 512K, 100% used [0x00000000f0cd0000, 0x00000000f0d50000, 0x00000000f0d50000)
  to   space 512K,   0% used [0x00000000f0c50000, 0x00000000f0c50000, 0x00000000f0cd0000)
 tenured generation   total 10944K, used 7882K [0x00000000f5aa0000, 0x00000000f6550000, 0x0000000100000000)
   the space 10944K,  72% used [0x00000000f5aa0000, 0x00000000f6252850, 0x00000000f6252a00, 0x00000000f6550000)
 Metaspace       used 14976K, capacity 15164K, committed 15488K, reserved 1062912K
  class space    used 1740K, capacity 1842K, committed 1920K, reserved 1048576K
Event: 2.722 GC heap after
Heap after GC invocations=20 (full 0):
 def new generation   total 4928K, used 512K [0x00000000f0800000, 0x00000000f0d50000, 0x00000000f5aa0000)
  eden space 4416K,   0% used [0x00000000f0800000, 0x00000000f0800000, 0x00000000f0c50000)
  from space 512K, 100% used [0x00000000f0c50000, 0x00000000f0cd0000, 0x00000000f0cd0000)
  to   space 512K,   0% used [0x00000000f0cd0000, 0x00000000f0cd0000, 0x00000000f0d50000)
 tenured generation   total 10944K, used 8805K [0x00000000f5aa0000, 0x00000000f6550000, 0x0000000100000000)
   the space 10944K,  80% used [0x00000000f5aa0000, 0x00000000f6339540, 0x00000000f6339600, 0x00000000f6550000)
 Metaspace       used 14976K, capacity 15164K, committed 15488K, reserved 1062912K
  class space    used 1740K, capacity 1842K, committed 1920K, reserved 1048576K
}
Event: 2.809 GC heap before
{Heap before GC invocations=20 (full 0):
 def new generation   total 4928K, used 4928K [0x00000000f0800000, 0x00000000f0d50000, 0x00000000f5aa0000)
  eden space 4416K, 100% used [0x00000000f0800000, 0x00000000f0c50000, 0x00000000f0c50000)
  from space 512K, 100% used [0x00000000f0c50000, 0x00000000f0cd0000, 0x00000000f0cd0000)
  to   space 512K,   0% used [0x00000000f0cd0000, 0x00000000f0cd0000, 0x00000000f0d50000)
 tenured generation   total 10944K, used 8805K [0x00000000f5aa0000, 0x00000000f6550000, 0x0000000100000000)
   the space 10944K,  80% used [0x00000000f5aa0000, 0x00000000f6339540, 0x00000000f6339600, 0x00000000f6550000)
 Metaspace       used 15027K, capacity 15234K, committed 15488K, reserved 1062912K
  class space    used 1741K, capacity 1843K, committed 1920K, reserved 1048576K
Event: 2.812 GC heap after
Heap after GC invocations=21 (full 0):
 def new generation   total 4928K, used 282K [0x00000000f0800000, 0x00000000f0d50000, 0x00000000f5aa0000)
  eden space 4416K,   0% used [0x00000000f0800000, 0x00000000f0800000, 0x00000000f0c50000)
  from space 512K,  55% used [0x00000000f0cd0000, 0x00000000f0d16b68, 0x00000000f0d50000)
  to   space 512K,   0% used [0x00000000f0c50000, 0x00000000f0c50000, 0x00000000f0cd0000)
 tenured generation   total 10944K, used 9257K [0x00000000f5aa0000, 0x00000000f6550000, 0x0000000100000000)
   the space 10944K,  84% used [0x00000000f5aa0000, 0x00000000f63aa428, 0x00000000f63aa600, 0x00000000f6550000)
 Metaspace       used 15027K, capacity 15234K, committed 15488K, reserved 1062912K
  class space    used 1741K, capacity 1843K, committed 1920K, reserved 1048576K
}
Event: 2.877 GC heap before
{Heap before GC invocations=21 (full 0):
 def new generation   total 4928K, used 4698K [0x00000000f0800000, 0x00000000f0d50000, 0x00000000f5aa0000)
  eden space 4416K, 100% used [0x00000000f0800000, 0x00000000f0c50000, 0x00000000f0c50000)
  from space 512K,  55% used [0x00000000f0cd0000, 0x00000000f0d16b68, 0x00000000f0d50000)
  to   space 512K,   0% used [0x00000000f0c50000, 0x00000000f0c50000, 0x00000000f0cd0000)
 tenured generation   total 10944K, used 9257K [0x00000000f5aa0000, 0x00000000f6550000, 0x0000000100000000)
   the space 10944K,  84% used [0x00000000f5aa0000, 0x00000000f63aa428, 0x00000000f63aa600, 0x00000000f6550000)
 Metaspace       used 15067K, capacity 15298K, committed 15488K, reserved 1062912K
  class space    used 1741K, capacity 1843K, committed 1920K, reserved 1048576K
Event: 2.880 GC heap after
Heap after GC invocations=22 (full 0):
 def new generation   total 4928K, used 512K [0x00000000f0800000, 0x00000000f0d50000, 0x00000000f5aa0000)
  eden space 4416K,   0% used [0x00000000f0800000, 0x00000000f0800000, 0x00000000f0c50000)
  from space 512K, 100% used [0x00000000f0c50000, 0x00000000f0cd0000, 0x00000000f0cd0000)
  to   space 512K,   0% used [0x00000000f0cd0000, 0x00000000f0cd0000, 0x00000000f0d50000)
 tenured generation   total 10944K, used 9610K [0x00000000f5aa0000, 0x00000000f6550000, 0x0000000100000000)
   the space 10944K,  87% used [0x00000000f5aa0000, 0x00000000f6402b30, 0x00000000f6402c00, 0x00000000f6550000)
 Metaspace       used 15067K, capacity 15298K, committed 15488K, reserved 1062912K
  class space    used 1741K, capacity 1843K, committed 1920K, reserved 1048576K
}
Event: 2.956 GC heap before
{Heap before GC invocations=22 (full 0):
 def new generation   total 4928K, used 4915K [0x00000000f0800000, 0x00000000f0d50000, 0x00000000f5aa0000)
  eden space 4416K,  99% used [0x00000000f0800000, 0x00000000f0c4ce18, 0x00000000f0c50000)
  from space 512K, 100% used [0x00000000f0c50000, 0x00000000f0cd0000, 0x00000000f0cd0000)
  to   space 512K,   0% used [0x00000000f0cd0000, 0x00000000f0cd0000, 0x00000000f0d50000)
 tenured generation   total 10944K, used 9610K [0x00000000f5aa0000, 0x00000000f6550000, 0x0000000100000000)
   the space 10944K,  87% used [0x00000000f5aa0000, 0x00000000f6402b30, 0x00000000f6402c00, 0x00000000f6550000)
 Metaspace       used 15086K, capacity 15304K, committed 15488K, reserved 1062912K
  class space    used 1742K, capacity 1844K, committed 1920K, reserved 1048576K
Event: 2.959 GC heap after
Heap after GC invocations=23 (full 0):
 def new generation   total 4928K, used 512K [0x00000000f0800000, 0x00000000f0d50000, 0x00000000f5aa0000)
  eden space 4416K,   0% used [0x00000000f0800000, 0x00000000f0800000, 0x00000000f0c50000)
  from space 512K, 100% used [0x00000000f0cd0000, 0x00000000f0d50000, 0x00000000f0d50000)
  to   space 512K,   0% used [0x00000000f0c50000, 0x00000000f0c50000, 0x00000000f0cd0000)
 tenured generation   total 10944K, used 10181K [0x00000000f5aa0000, 0x00000000f6550000, 0x0000000100000000)
   the space 10944K,  93% used [0x00000000f5aa0000, 0x00000000f6491538, 0x00000000f6491600, 0x00000000f6550000)
 Metaspace       used 15086K, capacity 15304K, committed 15488K, reserved 1062912K
  class space    used 1742K, capacity 1844K, committed 1920K, reserved 1048576K
}
Event: 3.008 GC heap before
{Heap before GC invocations=23 (full 0):
 def new generation   total 4928K, used 4928K [0x00000000f0800000, 0x00000000f0d50000, 0x00000000f5aa0000)
  eden space 4416K, 100% used [0x00000000f0800000, 0x00000000f0c50000, 0x00000000f0c50000)
  from space 512K, 100% used [0x00000000f0cd0000, 0x00000000f0d50000, 0x00000000f0d50000)
  to   space 512K,   0% used [0x00000000f0c50000, 0x00000000f0c50000, 0x00000000f0cd0000)
 tenured generation   total 10944K, used 10181K [0x00000000f5aa0000, 0x00000000f6550000, 0x0000000100000000)
   the space 10944K,  93% used [0x00000000f5aa0000, 0x00000000f6491538, 0x00000000f6491600, 0x00000000f6550000)
 Metaspace       used 15089K, capacity 15304K, committed 15488K, reserved 1062912K
  class space    used 1742K, capacity 1844K, committed 1920K, reserved 1048576K
Event: 3.011 GC heap after
Heap after GC invocations=24 (full 0):
 def new generation   total 4928K, used 374K [0x00000000f0800000, 0x00000000f0d50000, 0x00000000f5aa0000)
  eden space 4416K,   0% used [0x00000000f0800000, 0x00000000f0800000, 0x00000000f0c50000)
  from space 512K,  73% used [0x00000000f0c50000, 0x00000000f0cad868, 0x00000000f0cd0000)
  to   space 512K,   0% used [0x00000000f0cd0000, 0x00000000f0cd0000, 0x00000000f0d50000)
 tenured generation   total 10944K, used 10660K [0x00000000f5aa0000, 0x00000000f6550000, 0x0000000100000000)
   the space 10944K,  97% used [0x00000000f5aa0000, 0x00000000f6509348, 0x00000000f6509400, 0x00000000f6550000)
 Metaspace       used 15089K, capacity 15304K, committed 15488K, reserved 1062912K
  class space    used 1742K, capacity 1844K, committed 1920K, reserved 1048576K
}
Event: 3.062 GC heap before
{Heap before GC invocations=24 (full 0):
 def new generation   total 4928K, used 4790K [0x00000000f0800000, 0x00000000f0d50000, 0x00000000f5aa0000)
  eden space 4416K, 100% used [0x00000000f0800000, 0x00000000f0c50000, 0x00000000f0c50000)
  from space 512K,  73% used [0x00000000f0c50000, 0x00000000f0cad868, 0x00000000f0cd0000)
  to   space 512K,   0% used [0x00000000f0cd0000, 0x00000000f0cd0000, 0x00000000f0d50000)
 tenured generation   total 10944K, used 10660K [0x00000000f5aa0000, 0x00000000f6550000, 0x0000000100000000)
   the space 10944K,  97% used [0x00000000f5aa0000, 0x00000000f6509348, 0x00000000f6509400, 0x00000000f6550000)
 Metaspace       used 15264K, capacity 15432K, committed 15744K, reserved 1062912K
  class space    used 1751K, capacity 1844K, committed 1920K, reserved 1048576K
Event: 3.094 GC heap after
Heap after GC invocations=25 (full 1):
 def new generation   total 7104K, used 0K [0x00000000f0800000, 0x00000000f0fb0000, 0x00000000f5aa0000)
  eden space 6336K,   0% used [0x00000000f0800000, 0x00000000f0800000, 0x00000000f0e30000)
  from space 768K,   0% used [0x00000000f0e30000, 0x00000000f0e30000, 0x00000000f0ef0000)
  to   space 768K,   0% used [0x00000000f0ef0000, 0x00000000f0ef0000, 0x00000000f0fb0000)
 tenured generation   total 15692K, used 9413K [0x00000000f5aa0000, 0x00000000f69f3000, 0x0000000100000000)
   the space 15692K,  59% used [0x00000000f5aa0000, 0x00000000f63d1708, 0x00000000f63d1800, 0x00000000f69f3000)
 Metaspace       used 15264K, capacity 15432K, committed 15744K, reserved 1062912K
  class space    used 1751K, capacity 1844K, committed 1920K, reserved 1048576K
}
Event: 3.190 GC heap before
{Heap before GC invocations=25 (full 1):
 def new generation   total 7104K, used 6336K [0x00000000f0800000, 0x00000000f0fb0000, 0x00000000f5aa0000)
  eden space 6336K, 100% used [0x00000000f0800000, 0x00000000f0e30000, 0x00000000f0e30000)
  from space 768K,   0% used [0x00000000f0e30000, 0x00000000f0e30000, 0x00000000f0ef0000)
  to   space 768K,   0% used [0x00000000f0ef0000, 0x00000000f0ef0000, 0x00000000f0fb0000)
 tenured generation   total 15692K, used 9413K [0x00000000f5aa0000, 0x00000000f69f3000, 0x0000000100000000)
   the space 15692K,  59% used [0x00000000f5aa0000, 0x00000000f63d1708, 0x00000000f63d1800, 0x00000000f69f3000)
 Metaspace       used 15316K, capacity 15496K, committed 15744K, reserved 1062912K
  class space    used 1753K, capacity 1844K, committed 1920K, reserved 1048576K
Event: 3.195 GC heap after
Heap after GC invocations=26 (full 1):
 def new generation   total 7104K, used 767K [0x00000000f0800000, 0x00000000f0fb0000, 0x00000000f5aa0000)
  eden space 6336K,   0% used [0x00000000f0800000, 0x00000000f0800000, 0x00000000f0e30000)
  from space 768K,  99% used [0x00000000f0ef0000, 0x00000000f0fafff8, 0x00000000f0fb0000)
  to   space 768K,   0% used [0x00000000f0e30000, 0x00000000f0e30000, 0x00000000f0ef0000)
 tenured generation   total 15692K, used 9885K [0x00000000f5aa0000, 0x00000000f69f3000, 0x0000000100000000)
   the space 15692K,  62% used [0x00000000f5aa0000, 0x00000000f6447428, 0x00000000f6447600, 0x00000000f69f3000)
 Metaspace       used 15316K, capacity 15496K, committed 15744K, reserved 1062912K
  class space    used 1753K, capacity 1844K, committed 1920K, reserved 1048576K
}
Event: 3.259 GC heap before
{Heap before GC invocations=26 (full 1):
 def new generation   total 7104K, used 7103K [0x00000000f0800000, 0x00000000f0fb0000, 0x00000000f5aa0000)
  eden space 6336K, 100% used [0x00000000f0800000, 0x00000000f0e30000, 0x00000000f0e30000)
  from space 768K,  99% used [0x00000000f0ef0000, 0x00000000f0fafff8, 0x00000000f0fb0000)
  to   space 768K,   0% used [0x00000000f0e30000, 0x00000000f0e30000, 0x00000000f0ef0000)
 tenured generation   total 15692K, used 9885K [0x00000000f5aa0000, 0x00000000f69f3000, 0x0000000100000000)
   the space 15692K,  62% used [0x00000000f5aa0000, 0x00000000f6447428, 0x00000000f6447600, 0x00000000f69f3000)
 Metaspace       used 15375K, capacity 15624K, committed 15744K, reserved 1062912K
  class space    used 1753K, capacity 1844K, committed 1920K, reserved 1048576K
Event: 3.268 GC heap after
Heap after GC invocations=27 (full 1):
 def new generation   total 7104K, used 768K [0x00000000f0800000, 0x00000000f0fb0000, 0x00000000f5aa0000)
  eden space 6336K,   0% used [0x00000000f0800000, 0x00000000f0800000, 0x00000000f0e30000)
  from space 768K, 100% used [0x00000000f0e30000, 0x00000000f0ef0000, 0x00000000f0ef0000)
  to   space 768K,   0% used [0x00000000f0ef0000, 0x00000000f0ef0000, 0x00000000f0fb0000)
 tenured generation   total 15692K, used 11139K [0x00000000f5aa0000, 0x00000000f69f3000, 0x0000000100000000)
   the space 15692K,  70% used [0x00000000f5aa0000, 0x00000000f6580f80, 0x00000000f6581000, 0x00000000f69f3000)
 Metaspace       used 15375K, capacity 15624K, committed 15744K, reserved 1062912K
  class space    used 1753K, capacity 1844K, committed 1920K, reserved 1048576K
}
Event: 3.375 GC heap before
{Heap before GC invocations=27 (full 1):
 def new generation   total 7104K, used 7104K [0x00000000f0800000, 0x00000000f0fb0000, 0x00000000f5aa0000)
  eden space 6336K, 100% used [0x00000000f0800000, 0x00000000f0e30000, 0x00000000f0e30000)
  from space 768K, 100% used [0x00000000f0e30000, 0x00000000f0ef0000, 0x00000000f0ef0000)
  to   space 768K,   0% used [0x00000000f0ef0000, 0x00000000f0ef0000, 0x00000000f0fb0000)
 tenured generation   total 15692K, used 11139K [0x00000000f5aa0000, 0x00000000f69f3000, 0x0000000100000000)
   the space 15692K,  70% used [0x00000000f5aa0000, 0x00000000f6580f80, 0x00000000f6581000, 0x00000000f69f3000)
 Metaspace       used 15520K, capacity 15688K, committed 16000K, reserved 1062912K
  class space    used 1762K, capacity 1844K, committed 1920K, reserved 1048576K
Event: 3.383 GC heap after
Heap after GC invocations=28 (full 1):
 def new generation   total 7104K, used 768K [0x00000000f0800000, 0x00000000f0fb0000, 0x00000000f5aa0000)
  eden space 6336K,   0% used [0x00000000f0800000, 0x00000000f0800000, 0x00000000f0e30000)
  from space 768K, 100% used [0x00000000f0ef0000, 0x00000000f0fb0000, 0x00000000f0fb0000)
  to   space 768K,   0% used [0x00000000f0e30000, 0x00000000f0e30000, 0x00000000f0ef0000)
 tenured generation   total 15692K, used 12457K [0x00000000f5aa0000, 0x00000000f69f3000, 0x0000000100000000)
   the space 15692K,  79% used [0x00000000f5aa0000, 0x00000000f66ca500, 0x00000000f66ca600, 0x00000000f69f3000)
 Metaspace       used 15520K, capacity 15688K, committed 16000K, reserved 1062912K
  class space    used 1762K, capacity 1844K, committed 1920K, reserved 1048576K
}
Event: 3.453 GC heap before
{Heap before GC invocations=28 (full 1):
 def new generation   total 7104K, used 7104K [0x00000000f0800000, 0x00000000f0fb0000, 0x00000000f5aa0000)
  eden space 6336K, 100% used [0x00000000f0800000, 0x00000000f0e30000, 0x00000000f0e30000)
  from space 768K, 100% used [0x00000000f0ef0000, 0x00000000f0fb0000, 0x00000000f0fb0000)
  to   space 768K,   0% used [0x00000000f0e30000, 0x00000000f0e30000, 0x00000000f0ef0000)
 tenured generation   total 15692K, used 12457K [0x00000000f5aa0000, 0x00000000f69f3000, 0x0000000100000000)
   the space 15692K,  79% used [0x00000000f5aa0000, 0x00000000f66ca500, 0x00000000f66ca600, 0x00000000f69f3000)
 Metaspace       used 15554K, capacity 15758K, committed 16000K, reserved 1062912K
  class space    used 1764K, capacity 1845K, committed 1920K, reserved 1048576K
Event: 3.456 GC heap after
Heap after GC invocations=29 (full 1):
 def new generation   total 7104K, used 375K [0x00000000f0800000, 0x00000000f0fb0000, 0x00000000f5aa0000)
  eden space 6336K,   0% used [0x00000000f0800000, 0x00000000f0800000, 0x00000000f0e30000)
  from space 768K,  48% used [0x00000000f0e30000, 0x00000000f0e8ddf0, 0x00000000f0ef0000)
  to   space 768K,   0% used [0x00000000f0ef0000, 0x00000000f0ef0000, 0x00000000f0fb0000)
 tenured generation   total 15692K, used 13060K [0x00000000f5aa0000, 0x00000000f69f3000, 0x0000000100000000)
   the space 15692K,  83% used [0x00000000f5aa0000, 0x00000000f6761170, 0x00000000f6761200, 0x00000000f69f3000)
 Metaspace       used 15554K, capacity 15758K, committed 16000K, reserved 1062912K
  class space    used 1764K, capacity 1845K, committed 1920K, reserved 1048576K
}
Event: 3.563 GC heap before
{Heap before GC invocations=29 (full 1):
 def new generation   total 7104K, used 6711K [0x00000000f0800000, 0x00000000f0fb0000, 0x00000000f5aa0000)
  eden space 6336K, 100% used [0x00000000f0800000, 0x00000000f0e30000, 0x00000000f0e30000)
  from space 768K,  48% used [0x00000000f0e30000, 0x00000000f0e8ddf0, 0x00000000f0ef0000)
  to   space 768K,   0% used [0x00000000f0ef0000, 0x00000000f0ef0000, 0x00000000f0fb0000)
 tenured generation   total 15692K, used 13060K [0x00000000f5aa0000, 0x00000000f69f3000, 0x0000000100000000)
   the space 15692K,  83% used [0x00000000f5aa0000, 0x00000000f6761170, 0x00000000f6761200, 0x00000000f69f3000)
 Metaspace       used 15662K, capacity 15854K, committed 16000K, reserved 1062912K
  class space    used 1772K, capacity 1877K, committed 1920K, reserved 1048576K
Event: 3.566 GC heap after
Heap after GC invocations=30 (full 1):
 def new generation   total 7104K, used 768K [0x00000000f0800000, 0x00000000f0fb0000, 0x00000000f5aa0000)
  eden space 6336K,   0% used [0x00000000f0800000, 0x00000000f0800000, 0x00000000f0e30000)
  from space 768K, 100% used [0x00000000f0ef0000, 0x00000000f0fb0000, 0x00000000f0fb0000)
  to   space 768K,   0% used [0x00000000f0e30000, 0x00000000f0e30000, 0x00000000f0ef0000)
 tenured generation   total 15692K, used 13522K [0x00000000f5aa0000, 0x00000000f69f3000, 0x0000000100000000)
   the space 15692K,  86% used [0x00000000f5aa0000, 0x00000000f67d4950, 0x00000000f67d4a00, 0x00000000f69f3000)
 Metaspace       used 15662K, capacity 15854K, committed 16000K, reserved 1062912K
  class space    used 1772K, capacity 1877K, committed 1920K, reserved 1048576K
}
Event: 3.662 GC heap before
{Heap before GC invocations=30 (full 1):
 def new generation   total 7104K, used 7104K [0x00000000f0800000, 0x00000000f0fb0000, 0x00000000f5aa0000)
  eden space 6336K, 100% used [0x00000000f0800000, 0x00000000f0e30000, 0x00000000f0e30000)
  from space 768K, 100% used [0x00000000f0ef0000, 0x00000000f0fb0000, 0x00000000f0fb0000)
  to   space 768K,   0% used [0x00000000f0e30000, 0x00000000f0e30000, 0x00000000f0ef0000)
 tenured generation   total 15692K, used 13522K [0x00000000f5aa0000, 0x00000000f69f3000, 0x0000000100000000)
   the space 15692K,  86% used [0x00000000f5aa0000, 0x00000000f67d4950, 0x00000000f67d4a00, 0x00000000f69f3000)
 Metaspace       used 15712K, capacity 15982K, committed 16256K, reserved 1062912K
  class space    used 1776K, capacity 1877K, committed 1920K, reserved 1048576K
Event: 3.670 GC heap after
Heap after GC invocations=31 (full 1):
 def new generation   total 7104K, used 768K [0x00000000f0800000, 0x00000000f0fb0000, 0x00000000f5aa0000)
  eden space 6336K,   0% used [0x00000000f0800000, 0x00000000f0800000, 0x00000000f0e30000)
  from space 768K, 100% used [0x00000000f0e30000, 0x00000000f0ef0000, 0x00000000f0ef0000)
  to   space 768K,   0% used [0x00000000f0ef0000, 0x00000000f0ef0000, 0x00000000f0fb0000)
 tenured generation   total 15692K, used 14357K [0x00000000f5aa0000, 0x00000000f69f3000, 0x0000000100000000)
   the space 15692K,  91% used [0x00000000f5aa0000, 0x00000000f68a5668, 0x00000000f68a5800, 0x00000000f69f3000)
 Metaspace       used 15712K, capacity 15982K, committed 16256K, reserved 1062912K
  class space    used 1776K, capacity 1877K, committed 1920K, reserved 1048576K
}
Event: 3.734 GC heap before
{Heap before GC invocations=31 (full 1):
 def new generation   total 7104K, used 7104K [0x00000000f0800000, 0x00000000f0fb0000, 0x00000000f5aa0000)
  eden space 6336K, 100% used [0x00000000f0800000, 0x00000000f0e30000, 0x00000000f0e30000)
  from space 768K, 100% used [0x00000000f0e30000, 0x00000000f0ef0000, 0x00000000f0ef0000)
  to   space 768K,   0% used [0x00000000f0ef0000, 0x00000000f0ef0000, 0x00000000f0fb0000)
 tenured generation   total 15692K, used 14357K [0x00000000f5aa0000, 0x00000000f69f3000, 0x0000000100000000)
   the space 15692K,  91% used [0x00000000f5aa0000, 0x00000000f68a5668, 0x00000000f68a5800, 0x00000000f69f3000)
 Metaspace       used 15773K, capacity 15982K, committed 16256K, reserved 1062912K
  class space    used 1784K, capacity 1877K, committed 1920K, reserved 1048576K
Event: 3.740 GC heap after
Heap after GC invocations=32 (full 1):
 def new generation   total 7104K, used 767K [0x00000000f0800000, 0x00000000f0fb0000, 0x00000000f5aa0000)
  eden space 6336K,   0% used [0x00000000f0800000, 0x00000000f0800000, 0x00000000f0e30000)
  from space 768K,  99% used [0x00000000f0ef0000, 0x00000000f0fafff8, 0x00000000f0fb0000)
  to   space 768K,   0% used [0x00000000f0e30000, 0x00000000f0e30000, 0x00000000f0ef0000)
 tenured generation   total 15692K, used 15478K [0x00000000f5aa0000, 0x00000000f69f3000, 0x0000000100000000)
   the space 15692K,  98% used [0x00000000f5aa0000, 0x00000000f69bdad8, 0x00000000f69bdc00, 0x00000000f69f3000)
 Metaspace       used 15773K, capacity 15982K, committed 16256K, reserved 1062912K
  class space    used 1784K, capacity 1877K, committed 1920K, reserved 1048576K
}
Event: 3.794 GC heap before
{Heap before GC invocations=32 (full 1):
 def new generation   total 7104K, used 7103K [0x00000000f0800000, 0x00000000f0fb0000, 0x00000000f5aa0000)
  eden space 6336K, 100% used [0x00000000f0800000, 0x00000000f0e30000, 0x00000000f0e30000)
  from space 768K,  99% used [0x00000000f0ef0000, 0x00000000f0fafff8, 0x00000000f0fb0000)
  to   space 768K,   0% used [0x00000000f0e30000, 0x00000000f0e30000, 0x00000000f0ef0000)
 tenured generation   total 15692K, used 15478K [0x00000000f5aa0000, 0x00000000f69f3000, 0x0000000100000000)
   the space 15692K,  98% used [0x00000000f5aa0000, 0x00000000f69bdad8, 0x00000000f69bdc00, 0x00000000f69f3000)
 Metaspace       used 15782K, capacity 16046K, committed 16256K, reserved 1062912K
  class space    used 1784K, capacity 1877K, committed 1920K, reserved 1048576K
Event: 3.848 GC heap after
Heap after GC invocations=33 (full 2):
 def new generation   total 10944K, used 0K [0x00000000f0800000, 0x00000000f13d0000, 0x00000000f5aa0000)
  eden space 9792K,   0% used [0x00000000f0800000, 0x00000000f0800000, 0x00000000f1190000)
  from space 1152K,   0% used [0x00000000f1190000, 0x00000000f1190000, 0x00000000f12b0000)
  to   space 1152K,   0% used [0x00000000f12b0000, 0x00000000f12b0000, 0x00000000f13d0000)
 tenured generation   total 24088K, used 14450K [0x00000000f5aa0000, 0x00000000f7226000, 0x0000000100000000)
   the space 24088K,  59% used [0x00000000f5aa0000, 0x00000000f68bcae0, 0x00000000f68bcc00, 0x00000000f7226000)
 Metaspace       used 15782K, capacity 16046K, committed 16256K, reserved 1062912K
  class space    used 1784K, capacity 1877K, committed 1920K, reserved 1048576K
}
Event: 3.981 GC heap before
{Heap before GC invocations=33 (full 2):
 def new generation   total 10944K, used 9792K [0x00000000f0800000, 0x00000000f13d0000, 0x00000000f5aa0000)
  eden space 9792K, 100% used [0x00000000f0800000, 0x00000000f1190000, 0x00000000f1190000)
  from space 1152K,   0% used [0x00000000f1190000, 0x00000000f1190000, 0x00000000f12b0000)
  to   space 1152K,   0% used [0x00000000f12b0000, 0x00000000f12b0000, 0x00000000f13d0000)
 tenured generation   total 24088K, used 14450K [0x00000000f5aa0000, 0x00000000f7226000, 0x0000000100000000)
   the space 24088K,  59% used [0x00000000f5aa0000, 0x00000000f68bcae0, 0x00000000f68bcc00, 0x00000000f7226000)
 Metaspace       used 15815K, capacity 16070K, committed 16256K, reserved 1062912K
  class space    used 1786K, capacity 1881K, committed 1920K, reserved 1048576K
Event: 3.985 GC heap after
Heap after GC invocations=34 (full 2):
 def new generation   total 10944K, used 1103K [0x00000000f0800000, 0x00000000f13d0000, 0x00000000f5aa0000)
  eden space 9792K,   0% used [0x00000000f0800000, 0x00000000f0800000, 0x00000000f1190000)
  from space 1152K,  95% used [0x00000000f12b0000, 0x00000000f13c3cf0, 0x00000000f13d0000)
  to   space 1152K,   0% used [0x00000000f1190000, 0x00000000f1190000, 0x00000000f12b0000)
 tenured generation   total 24088K, used 14450K [0x00000000f5aa0000, 0x00000000f7226000, 0x0000000100000000)
   the space 24088K,  59% used [0x00000000f5aa0000, 0x00000000f68bcae0, 0x00000000f68bcc00, 0x00000000f7226000)
 Metaspace       used 15815K, capacity 16070K, committed 16256K, reserved 1062912K
  class space    used 1786K, capacity 1881K, committed 1920K, reserved 1048576K
}
Event: 4.061 GC heap before
{Heap before GC invocations=34 (full 2):
 def new generation   total 10944K, used 10895K [0x00000000f0800000, 0x00000000f13d0000, 0x00000000f5aa0000)
  eden space 9792K, 100% used [0x00000000f0800000, 0x00000000f1190000, 0x00000000f1190000)
  from space 1152K,  95% used [0x00000000f12b0000, 0x00000000f13c3cf0, 0x00000000f13d0000)
  to   space 1152K,   0% used [0x00000000f1190000, 0x00000000f1190000, 0x00000000f12b0000)
 tenured generation   total 24088K, used 14450K [0x00000000f5aa0000, 0x00000000f7226000, 0x0000000100000000)
   the space 24088K,  59% used [0x00000000f5aa0000, 0x00000000f68bcae0, 0x00000000f68bcc00, 0x00000000f7226000)
 Metaspace       used 15832K, capacity 16070K, committed 16256K, reserved 1062912K
  class space    used 1786K, capacity 1881K, committed 1920K, reserved 1048576K
Event: 4.065 GC heap after
Heap after GC invocations=35 (full 2):
 def new generation   total 10944K, used 1003K [0x00000000f0800000, 0x00000000f13d0000, 0x00000000f5aa0000)
  eden space 9792K,   0% used [0x00000000f0800000, 0x00000000f0800000, 0x00000000f1190000)
  from space 1152K,  87% used [0x00000000f1190000, 0x00000000f128ae50, 0x00000000f12b0000)
  to   space 1152K,   0% used [0x00000000f12b0000, 0x00000000f12b0000, 0x00000000f13d0000)
 tenured generation   total 24088K, used 15418K [0x00000000f5aa0000, 0x00000000f7226000, 0x0000000100000000)
   the space 24088K,  64% used [0x00000000f5aa0000, 0x00000000f69aea88, 0x00000000f69aec00, 0x00000000f7226000)
 Metaspace       used 15832K, capacity 16070K, committed 16256K, reserved 1062912K
  class space    used 1786K, capacity 1881K, committed 1920K, reserved 1048576K
}
Event: 4.135 GC heap before
{Heap before GC invocations=35 (full 2):
 def new generation   total 10944K, used 10795K [0x00000000f0800000, 0x00000000f13d0000, 0x00000000f5aa0000)
  eden space 9792K, 100% used [0x00000000f0800000, 0x00000000f1190000, 0x00000000f1190000)
  from space 1152K,  87% used [0x00000000f1190000, 0x00000000f128ae50, 0x00000000f12b0000)
  to   space 1152K,   0% used [0x00000000f12b0000, 0x00000000f12b0000, 0x00000000f13d0000)
 tenured generation   total 24088K, used 15418K [0x00000000f5aa0000, 0x00000000f7226000, 0x0000000100000000)
   the space 24088K,  64% used [0x00000000f5aa0000, 0x00000000f69aea88, 0x00000000f69aec00, 0x00000000f7226000)
 Metaspace       used 15851K, capacity 16070K, committed 16256K, reserved 1062912K
  class space    used 1787K, capacity 1881K, committed 1920K, reserved 1048576K
Event: 4.139 GC heap after
Heap after GC invocations=36 (full 2):
 def new generation   total 10944K, used 1152K [0x00000000f0800000, 0x00000000f13d0000, 0x00000000f5aa0000)
  eden space 9792K,   0% used [0x00000000f0800000, 0x00000000f0800000, 0x00000000f1190000)
  from space 1152K, 100% used [0x00000000f12b0000, 0x00000000f13d0000, 0x00000000f13d0000)
  to   space 1152K,   0% used [0x00000000f1190000, 0x00000000f1190000, 0x00000000f12b0000)
 tenured generation   total 24088K, used 16406K [0x00000000f5aa0000, 0x00000000f7226000, 0x0000000100000000)
   the space 24088K,  68% used [0x00000000f5aa0000, 0x00000000f6aa5a28, 0x00000000f6aa5c00, 0x00000000f7226000)
 Metaspace       used 15851K, capacity 16070K, committed 16256K, reserved 1062912K
  class space    used 1787K, capacity 1881K, committed 1920K, reserved 1048576K
}
Event: 4.247 GC heap before
{Heap before GC invocations=36 (full 2):
 def new generation   total 10944K, used 10944K [0x00000000f0800000, 0x00000000f13d0000, 0x00000000f5aa0000)
  eden space 9792K, 100% used [0x00000000f0800000, 0x00000000f1190000, 0x00000000f1190000)
  from space 1152K, 100% used [0x00000000f12b0000, 0x00000000f13d0000, 0x00000000f13d0000)
  to   space 1152K,   0% used [0x00000000f1190000, 0x00000000f1190000, 0x00000000f12b0000)
 tenured generation   total 24088K, used 16406K [0x00000000f5aa0000, 0x00000000f7226000, 0x0000000100000000)
   the space 24088K,  68% used [0x00000000f5aa0000, 0x00000000f6aa5a28, 0x00000000f6aa5c00, 0x00000000f7226000)
 Metaspace       used 15911K, capacity 16134K, committed 16256K, reserved 1062912K
  class space    used 1787K, capacity 1881K, committed 1920K, reserved 1048576K
Event: 4.254 GC heap after
Heap after GC invocations=37 (full 2):
 def new generation   total 10944K, used 974K [0x00000000f0800000, 0x00000000f13d0000, 0x00000000f5aa0000)
  eden space 9792K,   0% used [0x00000000f0800000, 0x00000000f0800000, 0x00000000f1190000)
  from space 1152K,  84% used [0x00000000f1190000, 0x00000000f12839d8, 0x00000000f12b0000)
  to   space 1152K,   0% used [0x00000000f12b0000, 0x00000000f12b0000, 0x00000000f13d0000)
 tenured generation   total 24088K, used 17303K [0x00000000f5aa0000, 0x00000000f7226000, 0x0000000100000000)
   the space 24088K,  71% used [0x00000000f5aa0000, 0x00000000f6b85c00, 0x00000000f6b85c00, 0x00000000f7226000)
 Metaspace       used 15911K, capacity 16134K, committed 16256K, reserved 1062912K
  class space    used 1787K, capacity 1881K, committed 1920K, reserved 1048576K
}
Event: 4.372 GC heap before
{Heap before GC invocations=37 (full 2):
 def new generation   total 10944K, used 10766K [0x00000000f0800000, 0x00000000f13d0000, 0x00000000f5aa0000)
  eden space 9792K, 100% used [0x00000000f0800000, 0x00000000f1190000, 0x00000000f1190000)
  from space 1152K,  84% used [0x00000000f1190000, 0x00000000f12839d8, 0x00000000f12b0000)
  to   space 1152K,   0% used [0x00000000f12b0000, 0x00000000f12b0000, 0x00000000f13d0000)
 tenured generation   total 24088K, used 17303K [0x00000000f5aa0000, 0x00000000f7226000, 0x0000000100000000)
   the space 24088K,  71% used [0x00000000f5aa0000, 0x00000000f6b85c00, 0x00000000f6b85c00, 0x00000000f7226000)
 Metaspace       used 16019K, capacity 16280K, committed 16512K, reserved 1064960K
  class space    used 1789K, capacity 1884K, committed 1920K, reserved 1048576K
Event: 4.376 GC heap after
Heap after GC invocations=38 (full 2):
 def new generation   total 10944K, used 663K [0x00000000f0800000, 0x00000000f13d0000, 0x00000000f5aa0000)
  eden space 9792K,   0% used [0x00000000f0800000, 0x00000000f0800000, 0x00000000f1190000)
  from space 1152K,  57% used [0x00000000f12b0000, 0x00000000f1355f18, 0x00000000f13d0000)
  to   space 1152K,   0% used [0x00000000f1190000, 0x00000000f1190000, 0x00000000f12b0000)
 tenured generation   total 24088K, used 18134K [0x00000000f5aa0000, 0x00000000f7226000, 0x0000000100000000)
   the space 24088K,  75% used [0x00000000f5aa0000, 0x00000000f6c55be0, 0x00000000f6c55c00, 0x00000000f7226000)
 Metaspace       used 16019K, capacity 16280K, committed 16512K, reserved 1064960K
  class space    used 1789K, capacity 1884K, committed 1920K, reserved 1048576K
}
Event: 4.487 GC heap before
{Heap before GC invocations=38 (full 2):
 def new generation   total 10944K, used 10455K [0x00000000f0800000, 0x00000000f13d0000, 0x00000000f5aa0000)
  eden space 9792K, 100% used [0x00000000f0800000, 0x00000000f1190000, 0x00000000f1190000)
  from space 1152K,  57% used [0x00000000f12b0000, 0x00000000f1355f18, 0x00000000f13d0000)
  to   space 1152K,   0% used [0x00000000f1190000, 0x00000000f1190000, 0x00000000f12b0000)
 tenured generation   total 24088K, used 18134K [0x00000000f5aa0000, 0x00000000f7226000, 0x0000000100000000)
   the space 24088K,  75% used [0x00000000f5aa0000, 0x00000000f6c55be0, 0x00000000f6c55c00, 0x00000000f7226000)
 Metaspace       used 16065K, capacity 16280K, committed 16512K, reserved 1064960K
  class space    used 1789K, capacity 1884K, committed 1920K, reserved 1048576K
Event: 4.490 GC heap after
Heap after GC invocations=39 (full 2):
 def new generation   total 10944K, used 618K [0x00000000f0800000, 0x00000000f13d0000, 0x00000000f5aa0000)
  eden space 9792K,   0% used [0x00000000f0800000, 0x00000000f0800000, 0x00000000f1190000)
  from space 1152K,  53% used [0x00000000f1190000, 0x00000000f122abf0, 0x00000000f12b0000)
  to   space 1152K,   0% used [0x00000000f12b0000, 0x00000000f12b0000, 0x00000000f13d0000)
 tenured generation   total 24088K, used 18715K [0x00000000f5aa0000, 0x00000000f7226000, 0x0000000100000000)
   the space 24088K,  77% used [0x00000000f5aa0000, 0x00000000f6ce6f30, 0x00000000f6ce7000, 0x00000000f7226000)
 Metaspace       used 16065K, capacity 16280K, committed 16512K, reserved 1064960K
  class space    used 1789K, capacity 1884K, committed 1920K, reserved 1048576K
}
Event: 4.559 GC heap before
{Heap before GC invocations=39 (full 2):
 def new generation   total 10944K, used 10410K [0x00000000f0800000, 0x00000000f13d0000, 0x00000000f5aa0000)
  eden space 9792K, 100% used [0x00000000f0800000, 0x00000000f1190000, 0x00000000f1190000)
  from space 1152K,  53% used [0x00000000f1190000, 0x00000000f122abf0, 0x00000000f12b0000)
  to   space 1152K,   0% used [0x00000000f12b0000, 0x00000000f12b0000, 0x00000000f13d0000)
 tenured generation   total 24088K, used 18715K [0x00000000f5aa0000, 0x00000000f7226000, 0x0000000100000000)
   the space 24088K,  77% used [0x00000000f5aa0000, 0x00000000f6ce6f30, 0x00000000f6ce7000, 0x00000000f7226000)
 Metaspace       used 16078K, capacity 16280K, committed 16512K, reserved 1064960K
  class space    used 1789K, capacity 1884K, committed 1920K, reserved 1048576K
Event: 4.564 GC heap after
Heap after GC invocations=40 (full 2):
 def new generation   total 10944K, used 1152K [0x00000000f0800000, 0x00000000f13d0000, 0x00000000f5aa0000)
  eden space 9792K,   0% used [0x00000000f0800000, 0x00000000f0800000, 0x00000000f1190000)
  from space 1152K, 100% used [0x00000000f12b0000, 0x00000000f13d0000, 0x00000000f13d0000)
  to   space 1152K,   0% used [0x00000000f1190000, 0x00000000f1190000, 0x00000000f12b0000)
 tenured generation   total 24088K, used 19336K [0x00000000f5aa0000, 0x00000000f7226000, 0x0000000100000000)
   the space 24088K,  80% used [0x00000000f5aa0000, 0x00000000f6d821a8, 0x00000000f6d82200, 0x00000000f7226000)
 Metaspace       used 16078K, capacity 16280K, committed 16512K, reserved 1064960K
  class space    used 1789K, capacity 1884K, committed 1920K, reserved 1048576K
}
Event: 4.678 GC heap before
{Heap before GC invocations=40 (full 2):
 def new generation   total 10944K, used 10944K [0x00000000f0800000, 0x00000000f13d0000, 0x00000000f5aa0000)
  eden space 9792K, 100% used [0x00000000f0800000, 0x00000000f1190000, 0x00000000f1190000)
  from space 1152K, 100% used [0x00000000f12b0000, 0x00000000f13d0000, 0x00000000f13d0000)
  to   space 1152K,   0% used [0x00000000f1190000, 0x00000000f1190000, 0x00000000f12b0000)
 tenured generation   total 24088K, used 19336K [0x00000000f5aa0000, 0x00000000f7226000, 0x0000000100000000)
   the space 24088K,  80% used [0x00000000f5aa0000, 0x00000000f6d821a8, 0x00000000f6d82200, 0x00000000f7226000)
 Metaspace       used 16150K, capacity 16408K, committed 16512K, reserved 1064960K
  class space    used 1789K, capacity 1884K, committed 1920K, reserved 1048576K
Event: 4.682 GC heap after
Heap after GC invocations=41 (full 2):
 def new generation   total 10944K, used 863K [0x00000000f0800000, 0x00000000f13d0000, 0x00000000f5aa0000)
  eden space 9792K,   0% used [0x00000000f0800000, 0x00000000f0800000, 0x00000000f1190000)
  from space 1152K,  74% used [0x00000000f1190000, 0x00000000f1267c58, 0x00000000f12b0000)
  to   space 1152K,   0% used [0x00000000f12b0000, 0x00000000f12b0000, 0x00000000f13d0000)
 tenured generation   total 24088K, used 20464K [0x00000000f5aa0000, 0x00000000f7226000, 0x0000000100000000)
   the space 24088K,  84% used [0x00000000f5aa0000, 0x00000000f6e9c088, 0x00000000f6e9c200, 0x00000000f7226000)
 Metaspace       used 16150K, capacity 16408K, committed 16512K, reserved 1064960K
  class space    used 1789K, capacity 1884K, committed 1920K, reserved 1048576K
}
Event: 4.779 GC heap before
{Heap before GC invocations=41 (full 2):
 def new generation   total 10944K, used 10655K [0x00000000f0800000, 0x00000000f13d0000, 0x00000000f5aa0000)
  eden space 9792K, 100% used [0x00000000f0800000, 0x00000000f1190000, 0x00000000f1190000)
  from space 1152K,  74% used [0x00000000f1190000, 0x00000000f1267c58, 0x00000000f12b0000)
  to   space 1152K,   0% used [0x00000000f12b0000, 0x00000000f12b0000, 0x00000000f13d0000)
 tenured generation   total 24088K, used 20464K [0x00000000f5aa0000, 0x00000000f7226000, 0x0000000100000000)
   the space 24088K,  84% used [0x00000000f5aa0000, 0x00000000f6e9c088, 0x00000000f6e9c200, 0x00000000f7226000)
 Metaspace       used 16185K, capacity 16484K, committed 16768K, reserved 1064960K
  class space    used 1790K, capacity 1886K, committed 1920K, reserved 1048576K
Event: 4.784 GC heap after
Heap after GC invocations=42 (full 2):
 def new generation   total 10944K, used 1114K [0x00000000f0800000, 0x00000000f13d0000, 0x00000000f5aa0000)
  eden space 9792K,   0% used [0x00000000f0800000, 0x00000000f0800000, 0x00000000f1190000)
  from space 1152K,  96% used [0x00000000f12b0000, 0x00000000f13c6920, 0x00000000f13d0000)
  to   space 1152K,   0% used [0x00000000f1190000, 0x00000000f1190000, 0x00000000f12b0000)
 tenured generation   total 24088K, used 21058K [0x00000000f5aa0000, 0x00000000f7226000, 0x0000000100000000)
   the space 24088K,  87% used [0x00000000f5aa0000, 0x00000000f6f30988, 0x00000000f6f30a00, 0x00000000f7226000)
 Metaspace       used 16185K, capacity 16484K, committed 16768K, reserved 1064960K
  class space    used 1790K, capacity 1886K, committed 1920K, reserved 1048576K
}
Event: 4.865 GC heap before
{Heap before GC invocations=42 (full 2):
 def new generation   total 10944K, used 10906K [0x00000000f0800000, 0x00000000f13d0000, 0x00000000f5aa0000)
  eden space 9792K, 100% used [0x00000000f0800000, 0x00000000f1190000, 0x00000000f1190000)
  from space 1152K,  96% used [0x00000000f12b0000, 0x00000000f13c6920, 0x00000000f13d0000)
  to   space 1152K,   0% used [0x00000000f1190000, 0x00000000f1190000, 0x00000000f12b0000)
 tenured generation   total 24088K, used 21058K [0x00000000f5aa0000, 0x00000000f7226000, 0x0000000100000000)
   the space 24088K,  87% used [0x00000000f5aa0000, 0x00000000f6f30988, 0x00000000f6f30a00, 0x00000000f7226000)
 Metaspace       used 16231K, capacity 16484K, committed 16768K, reserved 1064960K
  class space    used 1790K, capacity 1886K, committed 1920K, reserved 1048576K
Event: 4.869 GC heap after
Heap after GC invocations=43 (full 2):
 def new generation   total 10944K, used 985K [0x00000000f0800000, 0x00000000f13d0000, 0x00000000f5aa0000)
  eden space 9792K,   0% used [0x00000000f0800000, 0x00000000f0800000, 0x00000000f1190000)
  from space 1152K,  85% used [0x00000000f1190000, 0x00000000f1286518, 0x00000000f12b0000)
  to   space 1152K,   0% used [0x00000000f12b0000, 0x00000000f12b0000, 0x00000000f13d0000)
 tenured generation   total 24088K, used 21894K [0x00000000f5aa0000, 0x00000000f7226000, 0x0000000100000000)
   the space 24088K,  90% used [0x00000000f5aa0000, 0x00000000f7001ba0, 0x00000000f7001c00, 0x00000000f7226000)
 Metaspace       used 16231K, capacity 16484K, committed 16768K, reserved 1064960K
  class space    used 1790K, capacity 1886K, committed 1920K, reserved 1048576K
}
Event: 4.962 GC heap before
{Heap before GC invocations=43 (full 2):
 def new generation   total 10944K, used 10777K [0x00000000f0800000, 0x00000000f13d0000, 0x00000000f5aa0000)
  eden space 9792K, 100% used [0x00000000f0800000, 0x00000000f1190000, 0x00000000f1190000)
  from space 1152K,  85% used [0x00000000f1190000, 0x00000000f1286518, 0x00000000f12b0000)
  to   space 1152K,   0% used [0x00000000f12b0000, 0x00000000f12b0000, 0x00000000f13d0000)
 tenured generation   total 24088K, used 21894K [0x00000000f5aa0000, 0x00000000f7226000, 0x0000000100000000)
   the space 24088K,  90% used [0x00000000f5aa0000, 0x00000000f7001ba0, 0x00000000f7001c00, 0x00000000f7226000)
 Metaspace       used 16273K, capacity 16560K, committed 16768K, reserved 1064960K
  class space    used 1792K, capacity 1888K, committed 1920K, reserved 1048576K
Event: 4.966 GC heap after
Heap after GC invocations=44 (full 2):
 def new generation   total 10944K, used 748K [0x00000000f0800000, 0x00000000f13d0000, 0x00000000f5aa0000)
  eden space 9792K,   0% used [0x00000000f0800000, 0x00000000f0800000, 0x00000000f1190000)
  from space 1152K,  64% used [0x00000000f12b0000, 0x00000000f136b2e8, 0x00000000f13d0000)
  to   space 1152K,   0% used [0x00000000f1190000, 0x00000000f1190000, 0x00000000f12b0000)
 tenured generation   total 24088K, used 22764K [0x00000000f5aa0000, 0x00000000f7226000, 0x0000000100000000)
   the space 24088K,  94% used [0x00000000f5aa0000, 0x00000000f70db1f0, 0x00000000f70db200, 0x00000000f7226000)
 Metaspace       used 16273K, capacity 16560K, committed 16768K, reserved 1064960K
  class space    used 1792K, capacity 1888K, committed 1920K, reserved 1048576K
}
Event: 5.037 GC heap before
{Heap before GC invocations=44 (full 2):
 def new generation   total 10944K, used 10540K [0x00000000f0800000, 0x00000000f13d0000, 0x00000000f5aa0000)
  eden space 9792K, 100% used [0x00000000f0800000, 0x00000000f1190000, 0x00000000f1190000)
  from space 1152K,  64% used [0x00000000f12b0000, 0x00000000f136b2e8, 0x00000000f13d0000)
  to   space 1152K,   0% used [0x00000000f1190000, 0x00000000f1190000, 0x00000000f12b0000)
 tenured generation   total 24088K, used 22764K [0x00000000f5aa0000, 0x00000000f7226000, 0x0000000100000000)
   the space 24088K,  94% used [0x00000000f5aa0000, 0x00000000f70db1f0, 0x00000000f70db200, 0x00000000f7226000)
 Metaspace       used 16282K, capacity 16560K, committed 16768K, reserved 1064960K
  class space    used 1792K, capacity 1888K, committed 1920K, reserved 1048576K
Event: 5.041 GC heap after
Heap after GC invocations=45 (full 2):
 def new generation   total 10944K, used 1128K [0x00000000f0800000, 0x00000000f13d0000, 0x00000000f5aa0000)
  eden space 9792K,   0% used [0x00000000f0800000, 0x00000000f0800000, 0x00000000f1190000)
  from space 1152K,  97% used [0x00000000f1190000, 0x00000000f12aa1b8, 0x00000000f12b0000)
  to   space 1152K,   0% used [0x00000000f12b0000, 0x00000000f12b0000, 0x00000000f13d0000)
 tenured generation   total 24088K, used 23241K [0x00000000f5aa0000, 0x00000000f7226000, 0x0000000100000000)
   the space 24088K,  96% used [0x00000000f5aa0000, 0x00000000f7152410, 0x00000000f7152600, 0x00000000f7226000)
 Metaspace       used 16282K, capacity 16560K, committed 16768K, reserved 1064960K
  class space    used 1792K, capacity 1888K, committed 1920K, reserved 1048576K
}
Event: 5.110 GC heap before
{Heap before GC invocations=45 (full 2):
 def new generation   total 10944K, used 10920K [0x00000000f0800000, 0x00000000f13d0000, 0x00000000f5aa0000)
  eden space 9792K, 100% used [0x00000000f0800000, 0x00000000f1190000, 0x00000000f1190000)
  from space 1152K,  97% used [0x00000000f1190000, 0x00000000f12aa1b8, 0x00000000f12b0000)
  to   space 1152K,   0% used [0x00000000f12b0000, 0x00000000f12b0000, 0x00000000f13d0000)
 tenured generation   total 24088K, used 23241K [0x00000000f5aa0000, 0x00000000f7226000, 0x0000000100000000)
   the space 24088K,  96% used [0x00000000f5aa0000, 0x00000000f7152410, 0x00000000f7152600, 0x00000000f7226000)
 Metaspace       used 16291K, capacity 16560K, committed 16768K, reserved 1064960K
  class space    used 1792K, capacity 1888K, committed 1920K, reserved 1048576K
Event: 5.196 GC heap after
Heap after GC invocations=46 (full 3):
 def new generation   total 18432K, used 883K [0x00000000f0800000, 0x00000000f1bf0000, 0x00000000f5aa0000)
  eden space 16448K,   5% used [0x00000000f0800000, 0x00000000f08dced8, 0x00000000f1810000)
  from space 1984K,   0% used [0x00000000f1810000, 0x00000000f1810000, 0x00000000f1a00000)
  to   space 1984K,   0% used [0x00000000f1a00000, 0x00000000f1a00000, 0x00000000f1bf0000)
 tenured generation   total 40788K, used 24471K [0x00000000f5aa0000, 0x00000000f8275000, 0x0000000100000000)
   the space 40788K,  59% used [0x00000000f5aa0000, 0x00000000f7285ff0, 0x00000000f7286000, 0x00000000f8275000)
 Metaspace       used 16291K, capacity 16560K, committed 16768K, reserved 1064960K
  class space    used 1792K, capacity 1888K, committed 1920K, reserved 1048576K
}
Event: 5.395 GC heap before
{Heap before GC invocations=46 (full 3):
 def new generation   total 18432K, used 16448K [0x00000000f0800000, 0x00000000f1bf0000, 0x00000000f5aa0000)
  eden space 16448K, 100% used [0x00000000f0800000, 0x00000000f1810000, 0x00000000f1810000)
  from space 1984K,   0% used [0x00000000f1810000, 0x00000000f1810000, 0x00000000f1a00000)
  to   space 1984K,   0% used [0x00000000f1a00000, 0x00000000f1a00000, 0x00000000f1bf0000)
 tenured generation   total 40788K, used 24471K [0x00000000f5aa0000, 0x00000000f8275000, 0x0000000100000000)
   the space 40788K,  59% used [0x00000000f5aa0000, 0x00000000f7285ff0, 0x00000000f7286000, 0x00000000f8275000)
 Metaspace       used 16468K, capacity 16688K, committed 16768K, reserved 1064960K
  class space    used 1807K, capacity 1888K, committed 1920K, reserved 1048576K
Event: 5.413 GC heap after
Heap after GC invocations=47 (full 3):
 def new generation   total 18432K, used 1983K [0x00000000f0800000, 0x00000000f1bf0000, 0x00000000f5aa0000)
  eden space 16448K,   0% used [0x00000000f0800000, 0x00000000f0800000, 0x00000000f1810000)
  from space 1984K,  99% used [0x00000000f1a00000, 0x00000000f1befff8, 0x00000000f1bf0000)
  to   space 1984K,   0% used [0x00000000f1810000, 0x00000000f1810000, 0x00000000f1a00000)
 tenured generation   total 40788K, used 24611K [0x00000000f5aa0000, 0x00000000f8275000, 0x0000000100000000)
   the space 40788K,  60% used [0x00000000f5aa0000, 0x00000000f72a8dd0, 0x00000000f72a8e00, 0x00000000f8275000)
 Metaspace       used 16468K, capacity 16688K, committed 16768K, reserved 1064960K
  class space    used 1807K, capacity 1888K, committed 1920K, reserved 1048576K
}
Event: 5.629 GC heap before
{Heap before GC invocations=47 (full 3):
 def new generation   total 18432K, used 18431K [0x00000000f0800000, 0x00000000f1bf0000, 0x00000000f5aa0000)
  eden space 16448K, 100% used [0x00000000f0800000, 0x00000000f1810000, 0x00000000f1810000)
  from space 1984K,  99% used [0x00000000f1a00000, 0x00000000f1befff8, 0x00000000f1bf0000)
  to   space 1984K,   0% used [0x00000000f1810000, 0x00000000f1810000, 0x00000000f1a00000)
 tenured generation   total 40788K, used 24611K [0x00000000f5aa0000, 0x00000000f8275000, 0x0000000100000000)
   the space 40788K,  60% used [0x00000000f5aa0000, 0x00000000f72a8dd0, 0x00000000f72a8e00, 0x00000000f8275000)
 Metaspace       used 16672K, capacity 17006K, committed 17152K, reserved 1064960K
  class space    used 1826K, capacity 1929K, committed 2048K, reserved 1048576K
Event: 5.639 GC heap after
Heap after GC invocations=48 (full 3):
 def new generation   total 18432K, used 1038K [0x00000000f0800000, 0x00000000f1bf0000, 0x00000000f5aa0000)
  eden space 16448K,   0% used [0x00000000f0800000, 0x00000000f0800000, 0x00000000f1810000)
  from space 1984K,  52% used [0x00000000f1810000, 0x00000000f1913850, 0x00000000f1a00000)
  to   space 1984K,   0% used [0x00000000f1a00000, 0x00000000f1a00000, 0x00000000f1bf0000)
 tenured generation   total 40788K, used 26401K [0x00000000f5aa0000, 0x00000000f8275000, 0x0000000100000000)
   the space 40788K,  64% used [0x00000000f5aa0000, 0x00000000f7468400, 0x00000000f7468400, 0x00000000f8275000)
 Metaspace       used 16672K, capacity 17006K, committed 17152K, reserved 1064960K
  class space    used 1826K, capacity 1929K, committed 2048K, reserved 1048576K
}
Event: 5.874 GC heap before
{Heap before GC invocations=48 (full 3):
 def new generation   total 18432K, used 17486K [0x00000000f0800000, 0x00000000f1bf0000, 0x00000000f5aa0000)
  eden space 16448K, 100% used [0x00000000f0800000, 0x00000000f1810000, 0x00000000f1810000)
  from space 1984K,  52% used [0x00000000f1810000, 0x00000000f1913850, 0x00000000f1a00000)
  to   space 1984K,   0% used [0x00000000f1a00000, 0x00000000f1a00000, 0x00000000f1bf0000)
 tenured generation   total 40788K, used 26401K [0x00000000f5aa0000, 0x00000000f8275000, 0x0000000100000000)
   the space 40788K,  64% used [0x00000000f5aa0000, 0x00000000f7468400, 0x00000000f7468400, 0x00000000f8275000)
 Metaspace       used 17405K, capacity 17742K, committed 17920K, reserved 1064960K
  class space    used 1902K, capacity 2025K, committed 2048K, reserved 1048576K
Event: 5.880 GC heap after
Heap after GC invocations=49 (full 3):
 def new generation   total 18432K, used 1435K [0x00000000f0800000, 0x00000000f1bf0000, 0x00000000f5aa0000)
  eden space 16448K,   0% used [0x00000000f0800000, 0x00000000f0800000, 0x00000000f1810000)
  from space 1984K,  72% used [0x00000000f1a00000, 0x00000000f1b66f88, 0x00000000f1bf0000)
  to   space 1984K,   0% used [0x00000000f1810000, 0x00000000f1810000, 0x00000000f1a00000)
 tenured generation   total 40788K, used 27185K [0x00000000f5aa0000, 0x00000000f8275000, 0x0000000100000000)
   the space 40788K,  66% used [0x00000000f5aa0000, 0x00000000f752c490, 0x00000000f752c600, 0x00000000f8275000)
 Metaspace       used 17405K, capacity 17742K, committed 17920K, reserved 1064960K
  class space    used 1902K, capacity 2025K, committed 2048K, reserved 1048576K
}
Event: 6.212 GC heap before
{Heap before GC invocations=49 (full 3):
 def new generation   total 18432K, used 17883K [0x00000000f0800000, 0x00000000f1bf0000, 0x00000000f5aa0000)
  eden space 16448K, 100% used [0x00000000f0800000, 0x00000000f1810000, 0x00000000f1810000)
  from space 1984K,  72% used [0x00000000f1a00000, 0x00000000f1b66f88, 0x00000000f1bf0000)
  to   space 1984K,   0% used [0x00000000f1810000, 0x00000000f1810000, 0x00000000f1a00000)
 tenured generation   total 40788K, used 27185K [0x00000000f5aa0000, 0x00000000f8275000, 0x0000000100000000)
   the space 40788K,  66% used [0x00000000f5aa0000, 0x00000000f752c490, 0x00000000f752c600, 0x00000000f8275000)
 Metaspace       used 18856K, capacity 19256K, committed 19328K, reserved 1067008K
  class space    used 2067K, capacity 2170K, committed 2176K, reserved 1048576K
Event: 6.218 GC heap after
Heap after GC invocations=50 (full 3):
 def new generation   total 18432K, used 1323K [0x00000000f0800000, 0x00000000f1bf0000, 0x00000000f5aa0000)
  eden space 16448K,   0% used [0x00000000f0800000, 0x00000000f0800000, 0x00000000f1810000)
  from space 1984K,  66% used [0x00000000f1810000, 0x00000000f195ae28, 0x00000000f1a00000)
  to   space 1984K,   0% used [0x00000000f1a00000, 0x00000000f1a00000, 0x00000000f1bf0000)
 tenured generation   total 40788K, used 27899K [0x00000000f5aa0000, 0x00000000f8275000, 0x0000000100000000)
   the space 40788K,  68% used [0x00000000f5aa0000, 0x00000000f75dec90, 0x00000000f75dee00, 0x00000000f8275000)
 Metaspace       used 18856K, capacity 19256K, committed 19328K, reserved 1067008K
  class space    used 2067K, capacity 2170K, committed 2176K, reserved 1048576K
}
Event: 6.562 GC heap before
{Heap before GC invocations=50 (full 3):
 def new generation   total 18432K, used 17771K [0x00000000f0800000, 0x00000000f1bf0000, 0x00000000f5aa0000)
  eden space 16448K, 100% used [0x00000000f0800000, 0x00000000f1810000, 0x00000000f1810000)
  from space 1984K,  66% used [0x00000000f1810000, 0x00000000f195ae28, 0x00000000f1a00000)
  to   space 1984K,   0% used [0x00000000f1a00000, 0x00000000f1a00000, 0x00000000f1bf0000)
 tenured generation   total 40788K, used 27899K [0x00000000f5aa0000, 0x00000000f8275000, 0x0000000100000000)
   the space 40788K,  68% used [0x00000000f5aa0000, 0x00000000f75dec90, 0x00000000f75dee00, 0x00000000f8275000)
 Metaspace       used 21798K, capacity 22200K, committed 22272K, reserved 1069056K
  class space    used 2430K, capacity 2554K, committed 2560K, reserved 1048576K
Event: 6.569 GC heap after
Heap after GC invocations=51 (full 3):
 def new generation   total 18432K, used 1983K [0x00000000f0800000, 0x00000000f1bf0000, 0x00000000f5aa0000)
  eden space 16448K,   0% used [0x00000000f0800000, 0x00000000f0800000, 0x00000000f1810000)
  from space 1984K,  99% used [0x00000000f1a00000, 0x00000000f1befff8, 0x00000000f1bf0000)
  to   space 1984K,   0% used [0x00000000f1810000, 0x00000000f1810000, 0x00000000f1a00000)
 tenured generation   total 40788K, used 29038K [0x00000000f5aa0000, 0x00000000f8275000, 0x0000000100000000)
   the space 40788K,  71% used [0x00000000f5aa0000, 0x00000000f76fb978, 0x00000000f76fba00, 0x00000000f8275000)
 Metaspace       used 21798K, capacity 22200K, committed 22272K, reserved 1069056K
  class space    used 2430K, capacity 2554K, committed 2560K, reserved 1048576K
}
Event: 6.662 GC heap before
{Heap before GC invocations=51 (full 3):
 def new generation   total 18432K, used 18411K [0x00000000f0800000, 0x00000000f1bf0000, 0x00000000f5aa0000)
  eden space 16448K,  99% used [0x00000000f0800000, 0x00000000f180ad80, 0x00000000f1810000)
  from space 1984K,  99% used [0x00000000f1a00000, 0x00000000f1befff8, 0x00000000f1bf0000)
  to   space 1984K,   0% used [0x00000000f1810000, 0x00000000f1810000, 0x00000000f1a00000)
 tenured generation   total 40788K, used 29038K [0x00000000f5aa0000, 0x00000000f8275000, 0x0000000100000000)
   the space 40788K,  71% used [0x00000000f5aa0000, 0x00000000f76fb978, 0x00000000f76fba00, 0x00000000f8275000)
 Metaspace       used 21801K, capacity 22200K, committed 22272K, reserved 1069056K
  class space    used 2430K, capacity 2554K, committed 2560K, reserved 1048576K
Event: 6.675 GC heap after
Heap after GC invocations=52 (full 3):
 def new generation   total 18432K, used 1864K [0x00000000f0800000, 0x00000000f1bf0000, 0x00000000f5aa0000)
  eden space 16448K,   0% used [0x00000000f0800000, 0x00000000f0800000, 0x00000000f1810000)
  from space 1984K,  93% used [0x00000000f1810000, 0x00000000f19e20a0, 0x00000000f1a00000)
  to   space 1984K,   0% used [0x00000000f1a00000, 0x00000000f1a00000, 0x00000000f1bf0000)
 tenured generation   total 40788K, used 30762K [0x00000000f5aa0000, 0x00000000f8275000, 0x0000000100000000)
   the space 40788K,  75% used [0x00000000f5aa0000, 0x00000000f78aa818, 0x00000000f78aaa00, 0x00000000f8275000)
 Metaspace       used 21801K, capacity 22200K, committed 22272K, reserved 1069056K
  class space    used 2430K, capacity 2554K, committed 2560K, reserved 1048576K
}
Event: 6.678 GC heap before
{Heap before GC invocations=52 (full 3):
 def new generation   total 18432K, used 18269K [0x00000000f0800000, 0x00000000f1bf0000, 0x00000000f5aa0000)
  eden space 16448K,  99% used [0x00000000f0800000, 0x00000000f18055a0, 0x00000000f1810000)
  from space 1984K,  93% used [0x00000000f1810000, 0x00000000f19e20a0, 0x00000000f1a00000)
  to   space 1984K,   0% used [0x00000000f1a00000, 0x00000000f1a00000, 0x00000000f1bf0000)
 tenured generation   total 40788K, used 30762K [0x00000000f5aa0000, 0x00000000f8275000, 0x0000000100000000)
   the space 40788K,  75% used [0x00000000f5aa0000, 0x00000000f78aa818, 0x00000000f78aaa00, 0x00000000f8275000)
 Metaspace       used 21801K, capacity 22200K, committed 22272K, reserved 1069056K
  class space    used 2430K, capacity 2554K, committed 2560K, reserved 1048576K
Event: 6.682 GC heap after
Heap after GC invocations=53 (full 3):
 def new generation   total 18432K, used 60K [0x00000000f0800000, 0x00000000f1bf0000, 0x00000000f5aa0000)
  eden space 16448K,   0% used [0x00000000f0800000, 0x00000000f0800000, 0x00000000f1810000)
  from space 1984K,   3% used [0x00000000f1a00000, 0x00000000f1a0f028, 0x00000000f1bf0000)
  to   space 1984K,   0% used [0x00000000f1810000, 0x00000000f1810000, 0x00000000f1a00000)
 tenured generation   total 40788K, used 32588K [0x00000000f5aa0000, 0x00000000f8275000, 0x0000000100000000)
   the space 40788K,  79% used [0x00000000f5aa0000, 0x00000000f7a73320, 0x00000000f7a73400, 0x00000000f8275000)
 Metaspace       used 21801K, capacity 22200K, committed 22272K, reserved 1069056K
  class space    used 2430K, capacity 2554K, committed 2560K, reserved 1048576K
}
Event: 6.973 GC heap before
{Heap before GC invocations=53 (full 3):
 def new generation   total 18432K, used 16428K [0x00000000f0800000, 0x00000000f1bf0000, 0x00000000f5aa0000)
  eden space 16448K,  99% used [0x00000000f0800000, 0x00000000f17fc0e8, 0x00000000f1810000)
  from space 1984K,   3% used [0x00000000f1a00000, 0x00000000f1a0f028, 0x00000000f1bf0000)
  to   space 1984K,   0% used [0x00000000f1810000, 0x00000000f1810000, 0x00000000f1a00000)
 tenured generation   total 40788K, used 32588K [0x00000000f5aa0000, 0x00000000f8275000, 0x0000000100000000)
   the space 40788K,  79% used [0x00000000f5aa0000, 0x00000000f7a73320, 0x00000000f7a73400, 0x00000000f8275000)
 Metaspace       used 22253K, capacity 22680K, committed 22912K, reserved 1069056K
  class space    used 2463K, capacity 2586K, committed 2688K, reserved 1048576K
Event: 6.999 GC heap after
Heap after GC invocations=54 (full 3):
 def new generation   total 18432K, used 1983K [0x00000000f0800000, 0x00000000f1bf0000, 0x00000000f5aa0000)
  eden space 16448K,   0% used [0x00000000f0800000, 0x00000000f0800000, 0x00000000f1810000)
  from space 1984K,  99% used [0x00000000f1810000, 0x00000000f19ffff8, 0x00000000f1a00000)
  to   space 1984K,   0% used [0x00000000f1a00000, 0x00000000f1a00000, 0x00000000f1bf0000)
 tenured generation   total 40788K, used 35815K [0x00000000f5aa0000, 0x00000000f8275000, 0x0000000100000000)
   the space 40788K,  87% used [0x00000000f5aa0000, 0x00000000f7d99c68, 0x00000000f7d99e00, 0x00000000f8275000)
 Metaspace       used 22253K, capacity 22680K, committed 22912K, reserved 1069056K
  class space    used 2463K, capacity 2586K, committed 2688K, reserved 1048576K
}
Event: 7.215 GC heap before
{Heap before GC invocations=54 (full 3):
 def new generation   total 18432K, used 18431K [0x00000000f0800000, 0x00000000f1bf0000, 0x00000000f5aa0000)
  eden space 16448K, 100% used [0x00000000f0800000, 0x00000000f1810000, 0x00000000f1810000)
  from space 1984K,  99% used [0x00000000f1810000, 0x00000000f19ffff8, 0x00000000f1a00000)
  to   space 1984K,   0% used [0x00000000f1a00000, 0x00000000f1a00000, 0x00000000f1bf0000)
 tenured generation   total 40788K, used 35815K [0x00000000f5aa0000, 0x00000000f8275000, 0x0000000100000000)
   the space 40788K,  87% used [0x00000000f5aa0000, 0x00000000f7d99c68, 0x00000000f7d99e00, 0x00000000f8275000)
 Metaspace       used 22493K, capacity 22872K, committed 23168K, reserved 1069056K
  class space    used 2478K, capacity 2586K, committed 2688K, reserved 1048576K
Event: 7.389 GC heap after
Heap after GC invocations=55 (full 4):
 def new generation   total 30080K, used 0K [0x00000000f0800000, 0x00000000f28a0000, 0x00000000f5aa0000)
  eden space 26752K,   0% used [0x00000000f0800000, 0x00000000f0800000, 0x00000000f2220000)
  from space 3328K,   0% used [0x00000000f2220000, 0x00000000f2220000, 0x00000000f2560000)
  to   space 3328K,   0% used [0x00000000f2560000, 0x00000000f2560000, 0x00000000f28a0000)
 tenured generation   total 66768K, used 40058K [0x00000000f5aa0000, 0x00000000f9bd4000, 0x0000000100000000)
   the space 66768K,  59% used [0x00000000f5aa0000, 0x00000000f81be9d8, 0x00000000f81bea00, 0x00000000f9bd4000)
 Metaspace       used 22493K, capacity 22872K, committed 23168K, reserved 1069056K
  class space    used 2478K, capacity 2586K, committed 2688K, reserved 1048576K
}
Event: 8.051 GC heap before
{Heap before GC invocations=55 (full 4):
 def new generation   total 30080K, used 26752K [0x00000000f0800000, 0x00000000f28a0000, 0x00000000f5aa0000)
  eden space 26752K, 100% used [0x00000000f0800000, 0x00000000f2220000, 0x00000000f2220000)
  from space 3328K,   0% used [0x00000000f2220000, 0x00000000f2220000, 0x00000000f2560000)
  to   space 3328K,   0% used [0x00000000f2560000, 0x00000000f2560000, 0x00000000f28a0000)
 tenured generation   total 66768K, used 40058K [0x00000000f5aa0000, 0x00000000f9bd4000, 0x0000000100000000)
   the space 66768K,  59% used [0x00000000f5aa0000, 0x00000000f81be9d8, 0x00000000f81bea00, 0x00000000f9bd4000)
 Metaspace       used 23680K, capacity 24152K, committed 24320K, reserved 1071104K
  class space    used 2591K, capacity 2714K, committed 2816K, reserved 1048576K
Event: 8.074 GC heap after
Heap after GC invocations=56 (full 4):
 def new generation   total 30080K, used 3328K [0x00000000f0800000, 0x00000000f28a0000, 0x00000000f5aa0000)
  eden space 26752K,   0% used [0x00000000f0800000, 0x00000000f0800000, 0x00000000f2220000)
  from space 3328K, 100% used [0x00000000f2560000, 0x00000000f28a0000, 0x00000000f28a0000)
  to   space 3328K,   0% used [0x00000000f2220000, 0x00000000f2220000, 0x00000000f2560000)
 tenured generation   total 66768K, used 42521K [0x00000000f5aa0000, 0x00000000f9bd4000, 0x0000000100000000)
   the space 66768K,  63% used [0x00000000f5aa0000, 0x00000000f8426548, 0x00000000f8426600, 0x00000000f9bd4000)
 Metaspace       used 23680K, capacity 24152K, committed 24320K, reserved 1071104K
  class space    used 2591K, capacity 2714K, committed 2816K, reserved 1048576K
}
Event: 8.083 GC heap before
{Heap before GC invocations=56 (full 4):
 def new generation   total 30080K, used 30060K [0x00000000f0800000, 0x00000000f28a0000, 0x00000000f5aa0000)
  eden space 26752K,  99% used [0x00000000f0800000, 0x00000000f221b1f0, 0x00000000f2220000)
  from space 3328K, 100% used [0x00000000f2560000, 0x00000000f28a0000, 0x00000000f28a0000)
  to   space 3328K,   0% used [0x00000000f2220000, 0x00000000f2220000, 0x00000000f2560000)
 tenured generation   total 66768K, used 42521K [0x00000000f5aa0000, 0x00000000f9bd4000, 0x0000000100000000)
   the space 66768K,  63% used [0x00000000f5aa0000, 0x00000000f8426548, 0x00000000f8426600, 0x00000000f9bd4000)
 Metaspace       used 23681K, capacity 24152K, committed 24320K, reserved 1071104K
  class space    used 2591K, capacity 2714K, committed 2816K, reserved 1048576K
Event: 8.088 GC heap after
Heap after GC invocations=57 (full 4):
 def new generation   total 30080K, used 91K [0x00000000f0800000, 0x00000000f28a0000, 0x00000000f5aa0000)
  eden space 26752K,   0% used [0x00000000f0800000, 0x00000000f0800000, 0x00000000f2220000)
  from space 3328K,   2% used [0x00000000f2220000, 0x00000000f2236e78, 0x00000000f2560000)
  to   space 3328K,   0% used [0x00000000f2560000, 0x00000000f2560000, 0x00000000f28a0000)
 tenured generation   total 66768K, used 44771K [0x00000000f5aa0000, 0x00000000f9bd4000, 0x0000000100000000)
   the space 66768K,  67% used [0x00000000f5aa0000, 0x00000000f8658cd8, 0x00000000f8658e00, 0x00000000f9bd4000)
 Metaspace       used 23681K, capacity 24152K, committed 24320K, reserved 1071104K
  class space    used 2591K, capacity 2714K, committed 2816K, reserved 1048576K
}
Event: 8.401 GC heap before
{Heap before GC invocations=57 (full 4):
 def new generation   total 30080K, used 26836K [0x00000000f0800000, 0x00000000f28a0000, 0x00000000f5aa0000)
  eden space 26752K,  99% used [0x00000000f0800000, 0x00000000f221e1a8, 0x00000000f2220000)
  from space 3328K,   2% used [0x00000000f2220000, 0x00000000f2236e78, 0x00000000f2560000)
  to   space 3328K,   0% used [0x00000000f2560000, 0x00000000f2560000, 0x00000000f28a0000)
 tenured generation   total 66768K, used 44771K [0x00000000f5aa0000, 0x00000000f9bd4000, 0x0000000100000000)
   the space 66768K,  67% used [0x00000000f5aa0000, 0x00000000f8658cd8, 0x00000000f8658e00, 0x00000000f9bd4000)
 Metaspace       used 23763K, capacity 24216K, committed 24320K, reserved 1071104K
  class space    used 2593K, capacity 2714K, committed 2816K, reserved 1048576K
Event: 8.408 GC heap after
Heap after GC invocations=58 (full 4):
 def new generation   total 30080K, used 3328K [0x00000000f0800000, 0x00000000f28a0000, 0x00000000f5aa0000)
  eden space 26752K,   0% used [0x00000000f0800000, 0x00000000f0800000, 0x00000000f2220000)
  from space 3328K, 100% used [0x00000000f2560000, 0x00000000f28a0000, 0x00000000f28a0000)
  to   space 3328K,   0% used [0x00000000f2220000, 0x00000000f2220000, 0x00000000f2560000)
 tenured generation   total 66768K, used 45664K [0x00000000f5aa0000, 0x00000000f9bd4000, 0x0000000100000000)
   the space 66768K,  68% used [0x00000000f5aa0000, 0x00000000f8738298, 0x00000000f8738400, 0x00000000f9bd4000)
 Metaspace       used 23763K, capacity 24216K, committed 24320K, reserved 1071104K
  class space    used 2593K, capacity 2714K, committed 2816K, reserved 1048576K
}
Event: 8.907 GC heap before
{Heap before GC invocations=58 (full 4):
 def new generation   total 30080K, used 30080K [0x00000000f0800000, 0x00000000f28a0000, 0x00000000f5aa0000)
  eden space 26752K, 100% used [0x00000000f0800000, 0x00000000f2220000, 0x00000000f2220000)
  from space 3328K, 100% used [0x00000000f2560000, 0x00000000f28a0000, 0x00000000f28a0000)
  to   space 3328K,   0% used [0x00000000f2220000, 0x00000000f2220000, 0x00000000f2560000)
 tenured generation   total 66768K, used 45664K [0x00000000f5aa0000, 0x00000000f9bd4000, 0x0000000100000000)
   the space 66768K,  68% used [0x00000000f5aa0000, 0x00000000f8738298, 0x00000000f8738400, 0x00000000f9bd4000)
 Metaspace       used 25078K, capacity 25630K, committed 25728K, reserved 1073152K
  class space    used 2743K, capacity 2926K, committed 2944K, reserved 1048576K
Event: 8.919 GC heap after
Heap after GC invocations=59 (full 4):
 def new generation   total 30080K, used 2404K [0x00000000f0800000, 0x00000000f28a0000, 0x00000000f5aa0000)
  eden space 26752K,   0% used [0x00000000f0800000, 0x00000000f0800000, 0x00000000f2220000)
  from space 3328K,  72% used [0x00000000f2220000, 0x00000000f24793a0, 0x00000000f2560000)
  to   space 3328K,   0% used [0x00000000f2560000, 0x00000000f2560000, 0x00000000f28a0000)
 tenured generation   total 66768K, used 48909K [0x00000000f5aa0000, 0x00000000f9bd4000, 0x0000000100000000)
   the space 66768K,  73% used [0x00000000f5aa0000, 0x00000000f8a63660, 0x00000000f8a63800, 0x00000000f9bd4000)
 Metaspace       used 25078K, capacity 25630K, committed 25728K, reserved 1073152K
  class space    used 2743K, capacity 2926K, committed 2944K, reserved 1048576K
}
Event: 9.144 GC heap before
{Heap before GC invocations=59 (full 4):
 def new generation   total 30080K, used 28884K [0x00000000f0800000, 0x00000000f28a0000, 0x00000000f5aa0000)
  eden space 26752K,  98% used [0x00000000f0800000, 0x00000000f21dbf58, 0x00000000f2220000)
  from space 3328K,  72% used [0x00000000f2220000, 0x00000000f24793a0, 0x00000000f2560000)
  to   space 3328K,   0% used [0x00000000f2560000, 0x00000000f2560000, 0x00000000f28a0000)
 tenured generation   total 66768K, used 48909K [0x00000000f5aa0000, 0x00000000f9bd4000, 0x0000000100000000)
   the space 66768K,  73% used [0x00000000f5aa0000, 0x00000000f8a63660, 0x00000000f8a63800, 0x00000000f9bd4000)
 Metaspace       used 26058K, capacity 26566K, committed 26624K, reserved 1073152K
  class space    used 2874K, capacity 3022K, committed 3072K, reserved 1048576K

