# JRE version: OpenJDK Runtime Environment (8.0_191-b12) (build 1.8.0_191-b12)
# Java VM: OpenJDK 64-Bit Server VM (25.191-b12 mixed mode linux-amd64 compressed oops)
Heap:
 def new generation   total 31104K, used 21986K [0x00000000f0800000, 0x00000000f29c0000, 0x00000000f5aa0000)
  eden space 27648K,  74% used [0x00000000f0800000, 0x00000000f1c245e0, 0x00000000f2300000)
  from space 3456K,  39% used [0x00000000f2300000, 0x00000000f24545b8, 0x00000000f2660000)
  to   space 3456K,  11% used [0x00000000f2660000, 0x00000000f26c4070, 0x00000000f29c0000)
 tenured generation   total 69056K, used 62233K [0x00000000f5aa0000, 0x00000000f9e10000, 0x0000000100000000)
   the space 69056K,  90% used [0x00000000f5aa0000, 0x00000000f9766520, 0x00000000f9766600, 0x00000000f9e10000)
 Metaspace       used 24797K, capacity 25318K, committed 25472K, reserved 1071104K
  class space    used 2769K, capacity 2926K, committed 2944K, reserved 1048576K
GC Heap History (117 events):
Event: 0.431 GC heap before
{Heap before GC invocations=0 (full 0):
 def new generation   total 4928K, used 4416K [0x00000000f0800000, 0x00000000f0d50000, 0x00000000f5aa0000)
  eden space 4416K, 100% used [0x00000000f0800000, 0x00000000f0c50000, 0x00000000f0c50000)
  from space 512K,   0% used [0x00000000f0c50000, 0x00000000f0c50000, 0x00000000f0cd0000)
  to   space 512K,   0% used [0x00000000f0cd0000, 0x00000000f0cd0000, 0x00000000f0d50000)
 tenured generation   total 10944K, used 0K [0x00000000f5aa0000, 0x00000000f6550000, 0x0000000100000000)
   the space 10944K,   0% used [0x00000000f5aa0000, 0x00000000f5aa0000, 0x00000000f5aa0200, 0x00000000f6550000)
 Metaspace       used 5010K, capacity 5260K, committed 5504K, reserved 1056768K
  class space    used 477K, capacity 568K, committed 640K, reserved 1048576K
Event: 0.434 GC heap after
Heap after GC invocations=1 (full 0):
 def new generation   total 4928K, used 512K [0x00000000f0800000, 0x00000000f0d50000, 0x00000000f5aa0000)
  eden space 4416K,   0% used [0x00000000f0800000, 0x00000000f0800000, 0x00000000f0c50000)
  from space 512K, 100% used [0x00000000f0cd0000, 0x00000000f0d50000, 0x00000000f0d50000)
  to   space 512K,   0% used [0x00000000f0c50000, 0x00000000f0c50000, 0x00000000f0cd0000)
 tenured generation   total 10944K, used 913K [0x00000000f5aa0000, 0x00000000f6550000, 0x0000000100000000)
   the space 10944K,   8% used [0x00000000f5aa0000, 0x00000000f5b84598, 0x00000000f5b84600, 0x00000000f6550000)
 Metaspace       used 5010K, capacity 5260K, committed 5504K, reserved 1056768K
  class space    used 477K, capacity 568K, committed 640K, reserved 1048576K
}
Event: 0.605 GC heap before
{Heap before GC invocations=1 (full 0):
 def new generation   total 4928K, used 4928K [0x00000000f0800000, 0x00000000f0d50000, 0x00000000f5aa0000)
  eden space 4416K, 100% used [0x00000000f0800000, 0x00000000f0c50000, 0x00000000f0c50000)
  from space 512K, 100% used [0x00000000f0cd0000, 0x00000000f0d50000, 0x00000000f0d50000)
  to   space 512K,   0% used [0x00000000f0c50000, 0x00000000f0c50000, 0x00000000f0cd0000)
 tenured generation   total 10944K, used 913K [0x00000000f5aa0000, 0x00000000f6550000, 0x0000000100000000)
   the space 10944K,   8% used [0x00000000f5aa0000, 0x00000000f5b84598, 0x00000000f5b84600, 0x00000000f6550000)
 Metaspace       used 5774K, capacity 5916K, committed 6016K, reserved 1056768K
  class space    used 572K, capacity 632K, committed 640K, reserved 1048576K
Event: 0.607 GC heap after
Heap after GC invocations=2 (full 0):
 def new generation   total 4928K, used 512K [0x00000000f0800000, 0x00000000f0d50000, 0x00000000f5aa0000)
  eden space 4416K,   0% used [0x00000000f0800000, 0x00000000f0800000, 0x00000000f0c50000)
  from space 512K, 100% used [0x00000000f0c50000, 0x00000000f0cd0000, 0x00000000f0cd0000)
  to   space 512K,   0% used [0x00000000f0cd0000, 0x00000000f0cd0000, 0x00000000f0d50000)
 tenured generation   total 10944K, used 1570K [0x00000000f5aa0000, 0x00000000f6550000, 0x0000000100000000)
   the space 10944K,  14% used [0x00000000f5aa0000, 0x00000000f5c28a10, 0x00000000f5c28c00, 0x00000000f6550000)
 Metaspace       used 5774K, capacity 5916K, committed 6016K, reserved 1056768K
  class space    used 572K, capacity 632K, committed 640K, reserved 1048576K
}
Event: 0.745 GC heap before
{Heap before GC invocations=2 (full 0):
 def new generation   total 4928K, used 4928K [0x00000000f0800000, 0x00000000f0d50000, 0x00000000f5aa0000)
  eden space 4416K, 100% used [0x00000000f0800000, 0x00000000f0c50000, 0x00000000f0c50000)
  from space 512K, 100% used [0x00000000f0c50000, 0x00000000f0cd0000, 0x00000000f0cd0000)
  to   space 512K,   0% used [0x00000000f0cd0000, 0x00000000f0cd0000, 0x00000000f0d50000)
 tenured generation   total 10944K, used 1570K [0x00000000f5aa0000, 0x00000000f6550000, 0x0000000100000000)
   the space 10944K,  14% used [0x00000000f5aa0000, 0x00000000f5c28a10, 0x00000000f5c28c00, 0x00000000f6550000)
 Metaspace       used 6650K, capacity 6780K, committed 6912K, reserved 1056768K
  class space    used 674K, capacity 728K, committed 768K, reserved 1048576K
Event: 0.746 GC heap after
Heap after GC invocations=3 (full 0):
 def new generation   total 4928K, used 512K [0x00000000f0800000, 0x00000000f0d50000, 0x00000000f5aa0000)
  eden space 4416K,   0% used [0x00000000f0800000, 0x00000000f0800000, 0x00000000f0c50000)
  from space 512K, 100% used [0x00000000f0cd0000, 0x00000000f0d50000, 0x00000000f0d50000)
  to   space 512K,   0% used [0x00000000f0c50000, 0x00000000f0c50000, 0x00000000f0cd0000)
 tenured generation   total 10944K, used 1953K [0x00000000f5aa0000, 0x00000000f6550000, 0x0000000100000000)
   the space 10944K,  17% used [0x00000000f5aa0000, 0x00000000f5c88548, 0x00000000f5c88600, 0x00000000f6550000)
 Metaspace       used 6650K, capacity 6780K, committed 6912K, reserved 1056768K
  class space    used 674K, capacity 728K, committed 768K, reserved 1048576K
}
Event: 0.851 GC heap before
{Heap before GC invocations=3 (full 0):
 def new generation   total 4928K, used 4928K [0x00000000f0800000, 0x00000000f0d50000, 0x00000000f5aa0000)
  eden space 4416K, 100% used [0x00000000f0800000, 0x00000000f0c50000, 0x00000000f0c50000)
  from space 512K, 100% used [0x00000000f0cd0000, 0x00000000f0d50000, 0x00000000f0d50000)
  to   space 512K,   0% used [0x00000000f0c50000, 0x00000000f0c50000, 0x00000000f0cd0000)
 tenured generation   total 10944K, used 1953K [0x00000000f5aa0000, 0x00000000f6550000, 0x0000000100000000)
   the space 10944K,  17% used [0x00000000f5aa0000, 0x00000000f5c88548, 0x00000000f5c88600, 0x00000000f6550000)
 Metaspace       used 7249K, capacity 7388K, committed 7552K, reserved 1056768K
  class space    used 764K, capacity 824K, committed 896K, reserved 1048576K
Event: 0.852 GC heap after
Heap after GC invocations=4 (full 0):
 def new generation   total 4928K, used 511K [0x00000000f0800000, 0x00000000f0d50000, 0x00000000f5aa0000)
  eden space 4416K,   0% used [0x00000000f0800000, 0x00000000f0800000, 0x00000000f0c50000)
  from space 512K,  99% used [0x00000000f0c50000, 0x00000000f0ccfff8, 0x00000000f0cd0000)
  to   space 512K,   0% used [0x00000000f0cd0000, 0x00000000f0cd0000, 0x00000000f0d50000)
 tenured generation   total 10944K, used 2173K [0x00000000f5aa0000, 0x00000000f6550000, 0x0000000100000000)
   the space 10944K,  19% used [0x00000000f5aa0000, 0x00000000f5cbf7e8, 0x00000000f5cbf800, 0x00000000f6550000)
 Metaspace       used 7249K, capacity 7388K, committed 7552K, reserved 1056768K
  class space    used 764K, capacity 824K, committed 896K, reserved 1048576K
}
Event: 0.981 GC heap before
{Heap before GC invocations=4 (full 0):
 def new generation   total 4928K, used 4927K [0x00000000f0800000, 0x00000000f0d50000, 0x00000000f5aa0000)
  eden space 4416K, 100% used [0x00000000f0800000, 0x00000000f0c50000, 0x00000000f0c50000)
  from space 512K,  99% used [0x00000000f0c50000, 0x00000000f0ccfff8, 0x00000000f0cd0000)
  to   space 512K,   0% used [0x00000000f0cd0000, 0x00000000f0cd0000, 0x00000000f0d50000)
 tenured generation   total 10944K, used 2173K [0x00000000f5aa0000, 0x00000000f6550000, 0x0000000100000000)
   the space 10944K,  19% used [0x00000000f5aa0000, 0x00000000f5cbf7e8, 0x00000000f5cbf800, 0x00000000f6550000)
 Metaspace       used 8029K, capacity 8220K, committed 8448K, reserved 1056768K
  class space    used 881K, capacity 952K, committed 1024K, reserved 1048576K
Event: 0.983 GC heap after
Heap after GC invocations=5 (full 0):
 def new generation   total 4928K, used 512K [0x00000000f0800000, 0x00000000f0d50000, 0x00000000f5aa0000)
  eden space 4416K,   0% used [0x00000000f0800000, 0x00000000f0800000, 0x00000000f0c50000)
  from space 512K, 100% used [0x00000000f0cd0000, 0x00000000f0d50000, 0x00000000f0d50000)
  to   space 512K,   0% used [0x00000000f0c50000, 0x00000000f0c50000, 0x00000000f0cd0000)
 tenured generation   total 10944K, used 2378K [0x00000000f5aa0000, 0x00000000f6550000, 0x0000000100000000)
   the space 10944K,  21% used [0x00000000f5aa0000, 0x00000000f5cf29b0, 0x00000000f5cf2a00, 0x00000000f6550000)
 Metaspace       used 8029K, capacity 8220K, committed 8448K, reserved 1056768K
  class space    used 881K, capacity 952K, committed 1024K, reserved 1048576K
}
Event: 1.058 GC heap before
{Heap before GC invocations=5 (full 0):
 def new generation   total 4928K, used 4928K [0x00000000f0800000, 0x00000000f0d50000, 0x00000000f5aa0000)
  eden space 4416K, 100% used [0x00000000f0800000, 0x00000000f0c50000, 0x00000000f0c50000)
  from space 512K, 100% used [0x00000000f0cd0000, 0x00000000f0d50000, 0x00000000f0d50000)
  to   space 512K,   0% used [0x00000000f0c50000, 0x00000000f0c50000, 0x00000000f0cd0000)
 tenured generation   total 10944K, used 2378K [0x00000000f5aa0000, 0x00000000f6550000, 0x0000000100000000)
   the space 10944K,  21% used [0x00000000f5aa0000, 0x00000000f5cf29b0, 0x00000000f5cf2a00, 0x00000000f6550000)
 Metaspace       used 8146K, capacity 8316K, committed 8448K, reserved 1056768K
  class space    used 898K, capacity 984K, committed 1024K, reserved 1048576K
Event: 1.060 GC heap after
Heap after GC invocations=6 (full 0):
 def new generation   total 4928K, used 352K [0x00000000f0800000, 0x00000000f0d50000, 0x00000000f5aa0000)
  eden space 4416K,   0% used [0x00000000f0800000, 0x00000000f0800000, 0x00000000f0c50000)
  from space 512K,  68% used [0x00000000f0c50000, 0x00000000f0ca8038, 0x00000000f0cd0000)
  to   space 512K,   0% used [0x00000000f0cd0000, 0x00000000f0cd0000, 0x00000000f0d50000)
 tenured generation   total 10944K, used 2555K [0x00000000f5aa0000, 0x00000000f6550000, 0x0000000100000000)
   the space 10944K,  23% used [0x00000000f5aa0000, 0x00000000f5d1efe0, 0x00000000f5d1f000, 0x00000000f6550000)
 Metaspace       used 8146K, capacity 8316K, committed 8448K, reserved 1056768K
  class space    used 898K, capacity 984K, committed 1024K, reserved 1048576K
}
Event: 1.111 GC heap before
{Heap before GC invocations=6 (full 0):
 def new generation   total 4928K, used 4768K [0x00000000f0800000, 0x00000000f0d50000, 0x00000000f5aa0000)
  eden space 4416K, 100% used [0x00000000f0800000, 0x00000000f0c50000, 0x00000000f0c50000)
  from space 512K,  68% used [0x00000000f0c50000, 0x00000000f0ca8038, 0x00000000f0cd0000)
  to   space 512K,   0% used [0x00000000f0cd0000, 0x00000000f0cd0000, 0x00000000f0d50000)
 tenured generation   total 10944K, used 2555K [0x00000000f5aa0000, 0x00000000f6550000, 0x0000000100000000)
   the space 10944K,  23% used [0x00000000f5aa0000, 0x00000000f5d1efe0, 0x00000000f5d1f000, 0x00000000f6550000)
 Metaspace       used 8255K, capacity 8380K, committed 8448K, reserved 1056768K
  class space    used 927K, capacity 984K, committed 1024K, reserved 1048576K
Event: 1.112 GC heap after
Heap after GC invocations=7 (full 0):
 def new generation   total 4928K, used 314K [0x00000000f0800000, 0x00000000f0d50000, 0x00000000f5aa0000)
  eden space 4416K,   0% used [0x00000000f0800000, 0x00000000f0800000, 0x00000000f0c50000)
  from space 512K,  61% used [0x00000000f0cd0000, 0x00000000f0d1e978, 0x00000000f0d50000)
  to   space 512K,   0% used [0x00000000f0c50000, 0x00000000f0c50000, 0x00000000f0cd0000)
 tenured generation   total 10944K, used 2746K [0x00000000f5aa0000, 0x00000000f6550000, 0x0000000100000000)
   the space 10944K,  25% used [0x00000000f5aa0000, 0x00000000f5d4ea50, 0x00000000f5d4ec00, 0x00000000f6550000)
 Metaspace       used 8255K, capacity 8380K, committed 8448K, reserved 1056768K
  class space    used 927K, capacity 984K, committed 1024K, reserved 1048576K
}
Event: 1.228 GC heap before
{Heap before GC invocations=7 (full 0):
 def new generation   total 4928K, used 4730K [0x00000000f0800000, 0x00000000f0d50000, 0x00000000f5aa0000)
  eden space 4416K, 100% used [0x00000000f0800000, 0x00000000f0c50000, 0x00000000f0c50000)
  from space 512K,  61% used [0x00000000f0cd0000, 0x00000000f0d1e978, 0x00000000f0d50000)
  to   space 512K,   0% used [0x00000000f0c50000, 0x00000000f0c50000, 0x00000000f0cd0000)
 tenured generation   total 10944K, used 2746K [0x00000000f5aa0000, 0x00000000f6550000, 0x0000000100000000)
   the space 10944K,  25% used [0x00000000f5aa0000, 0x00000000f5d4ea50, 0x00000000f5d4ec00, 0x00000000f6550000)
 Metaspace       used 8548K, capacity 8700K, committed 8832K, reserved 1056768K
  class space    used 963K, capacity 1048K, committed 1152K, reserved 1048576K
Event: 1.230 GC heap after
Heap after GC invocations=8 (full 0):
 def new generation   total 4928K, used 402K [0x00000000f0800000, 0x00000000f0d50000, 0x00000000f5aa0000)
  eden space 4416K,   0% used [0x00000000f0800000, 0x00000000f0800000, 0x00000000f0c50000)
  from space 512K,  78% used [0x00000000f0c50000, 0x00000000f0cb4ac0, 0x00000000f0cd0000)
  to   space 512K,   0% used [0x00000000f0cd0000, 0x00000000f0cd0000, 0x00000000f0d50000)
 tenured generation   total 10944K, used 2862K [0x00000000f5aa0000, 0x00000000f6550000, 0x0000000100000000)
   the space 10944K,  26% used [0x00000000f5aa0000, 0x00000000f5d6ba30, 0x00000000f5d6bc00, 0x00000000f6550000)
 Metaspace       used 8548K, capacity 8700K, committed 8832K, reserved 1056768K
  class space    used 963K, capacity 1048K, committed 1152K, reserved 1048576K
}
Event: 1.309 GC heap before
{Heap before GC invocations=8 (full 0):
 def new generation   total 4928K, used 4818K [0x00000000f0800000, 0x00000000f0d50000, 0x00000000f5aa0000)
  eden space 4416K, 100% used [0x00000000f0800000, 0x00000000f0c50000, 0x00000000f0c50000)
  from space 512K,  78% used [0x00000000f0c50000, 0x00000000f0cb4ac0, 0x00000000f0cd0000)
  to   space 512K,   0% used [0x00000000f0cd0000, 0x00000000f0cd0000, 0x00000000f0d50000)
 tenured generation   total 10944K, used 2862K [0x00000000f5aa0000, 0x00000000f6550000, 0x0000000100000000)
   the space 10944K,  26% used [0x00000000f5aa0000, 0x00000000f5d6ba30, 0x00000000f5d6bc00, 0x00000000f6550000)
 Metaspace       used 9046K, capacity 9186K, committed 9344K, reserved 1056768K
  class space    used 1014K, capacity 1081K, committed 1152K, reserved 1048576K
Event: 1.311 GC heap after
Heap after GC invocations=9 (full 0):
 def new generation   total 4928K, used 511K [0x00000000f0800000, 0x00000000f0d50000, 0x00000000f5aa0000)
  eden space 4416K,   0% used [0x00000000f0800000, 0x00000000f0800000, 0x00000000f0c50000)
  from space 512K,  99% used [0x00000000f0cd0000, 0x00000000f0d4fff8, 0x00000000f0d50000)
  to   space 512K,   0% used [0x00000000f0c50000, 0x00000000f0c50000, 0x00000000f0cd0000)
 tenured generation   total 10944K, used 3417K [0x00000000f5aa0000, 0x00000000f6550000, 0x0000000100000000)
   the space 10944K,  31% used [0x00000000f5aa0000, 0x00000000f5df6710, 0x00000000f5df6800, 0x00000000f6550000)
 Metaspace       used 9046K, capacity 9186K, committed 9344K, reserved 1056768K
  class space    used 1014K, capacity 1081K, committed 1152K, reserved 1048576K
}
Event: 1.396 GC heap before
{Heap before GC invocations=9 (full 0):
 def new generation   total 4928K, used 4927K [0x00000000f0800000, 0x00000000f0d50000, 0x00000000f5aa0000)
  eden space 4416K, 100% used [0x00000000f0800000, 0x00000000f0c50000, 0x00000000f0c50000)
  from space 512K,  99% used [0x00000000f0cd0000, 0x00000000f0d4fff8, 0x00000000f0d50000)
  to   space 512K,   0% used [0x00000000f0c50000, 0x00000000f0c50000, 0x00000000f0cd0000)
 tenured generation   total 10944K, used 3417K [0x00000000f5aa0000, 0x00000000f6550000, 0x0000000100000000)
   the space 10944K,  31% used [0x00000000f5aa0000, 0x00000000f5df6710, 0x00000000f5df6800, 0x00000000f6550000)
 Metaspace       used 9488K, capacity 9614K, committed 9856K, reserved 1058816K
  class space    used 1065K, capacity 1116K, committed 1152K, reserved 1048576K
Event: 1.398 GC heap after
Heap after GC invocations=10 (full 0):
 def new generation   total 4928K, used 512K [0x00000000f0800000, 0x00000000f0d50000, 0x00000000f5aa0000)
  eden space 4416K,   0% used [0x00000000f0800000, 0x00000000f0800000, 0x00000000f0c50000)
  from space 512K, 100% used [0x00000000f0c50000, 0x00000000f0cd0000, 0x00000000f0cd0000)
  to   space 512K,   0% used [0x00000000f0cd0000, 0x00000000f0cd0000, 0x00000000f0d50000)
 tenured generation   total 10944K, used 3674K [0x00000000f5aa0000, 0x00000000f6550000, 0x0000000100000000)
   the space 10944K,  33% used [0x00000000f5aa0000, 0x00000000f5e36b00, 0x00000000f5e36c00, 0x00000000f6550000)
 Metaspace       used 9488K, capacity 9614K, committed 9856K, reserved 1058816K
  class space    used 1065K, capacity 1116K, committed 1152K, reserved 1048576K
}
Event: 1.487 GC heap before
{Heap before GC invocations=10 (full 0):
 def new generation   total 4928K, used 4883K [0x00000000f0800000, 0x00000000f0d50000, 0x00000000f5aa0000)
  eden space 4416K,  98% used [0x00000000f0800000, 0x00000000f0c44cf0, 0x00000000f0c50000)
  from space 512K, 100% used [0x00000000f0c50000, 0x00000000f0cd0000, 0x00000000f0cd0000)
  to   space 512K,   0% used [0x00000000f0cd0000, 0x00000000f0cd0000, 0x00000000f0d50000)
 tenured generation   total 10944K, used 3674K [0x00000000f5aa0000, 0x00000000f6550000, 0x0000000100000000)
   the space 10944K,  33% used [0x00000000f5aa0000, 0x00000000f5e36b00, 0x00000000f5e36c00, 0x00000000f6550000)
 Metaspace       used 9994K, capacity 10134K, committed 10240K, reserved 1058816K
  class space    used 1131K, capacity 1183K, committed 1280K, reserved 1048576K
Event: 1.489 GC heap after
Heap after GC invocations=11 (full 0):
 def new generation   total 4928K, used 512K [0x00000000f0800000, 0x00000000f0d50000, 0x00000000f5aa0000)
  eden space 4416K,   0% used [0x00000000f0800000, 0x00000000f0800000, 0x00000000f0c50000)
  from space 512K, 100% used [0x00000000f0cd0000, 0x00000000f0d50000, 0x00000000f0d50000)
  to   space 512K,   0% used [0x00000000f0c50000, 0x00000000f0c50000, 0x00000000f0cd0000)
 tenured generation   total 10944K, used 3988K [0x00000000f5aa0000, 0x00000000f6550000, 0x0000000100000000)
   the space 10944K,  36% used [0x00000000f5aa0000, 0x00000000f5e85348, 0x00000000f5e85400, 0x00000000f6550000)
 Metaspace       used 9994K, capacity 10134K, committed 10240K, reserved 1058816K
  class space    used 1131K, capacity 1183K, committed 1280K, reserved 1048576K
}
Event: 1.554 GC heap before
{Heap before GC invocations=11 (full 0):
 def new generation   total 4928K, used 4928K [0x00000000f0800000, 0x00000000f0d50000, 0x00000000f5aa0000)
  eden space 4416K, 100% used [0x00000000f0800000, 0x00000000f0c50000, 0x00000000f0c50000)
  from space 512K, 100% used [0x00000000f0cd0000, 0x00000000f0d50000, 0x00000000f0d50000)
  to   space 512K,   0% used [0x00000000f0c50000, 0x00000000f0c50000, 0x00000000f0cd0000)
 tenured generation   total 10944K, used 3988K [0x00000000f5aa0000, 0x00000000f6550000, 0x0000000100000000)
   the space 10944K,  36% used [0x00000000f5aa0000, 0x00000000f5e85348, 0x00000000f5e85400, 0x00000000f6550000)
 Metaspace       used 10554K, capacity 10686K, committed 10880K, reserved 1058816K
  class space    used 1208K, capacity 1283K, committed 1408K, reserved 1048576K
Event: 1.555 GC heap after
Heap after GC invocations=12 (full 0):
 def new generation   total 4928K, used 511K [0x00000000f0800000, 0x00000000f0d50000, 0x00000000f5aa0000)
  eden space 4416K,   0% used [0x00000000f0800000, 0x00000000f0800000, 0x00000000f0c50000)
  from space 512K,  99% used [0x00000000f0c50000, 0x00000000f0ccffd0, 0x00000000f0cd0000)
  to   space 512K,   0% used [0x00000000f0cd0000, 0x00000000f0cd0000, 0x00000000f0d50000)
 tenured generation   total 10944K, used 4242K [0x00000000f5aa0000, 0x00000000f6550000, 0x0000000100000000)
   the space 10944K,  38% used [0x00000000f5aa0000, 0x00000000f5ec4838, 0x00000000f5ec4a00, 0x00000000f6550000)
 Metaspace       used 10554K, capacity 10686K, committed 10880K, reserved 1058816K
  class space    used 1208K, capacity 1283K, committed 1408K, reserved 1048576K
}
Event: 1.634 GC heap before
{Heap before GC invocations=12 (full 0):
 def new generation   total 4928K, used 4927K [0x00000000f0800000, 0x00000000f0d50000, 0x00000000f5aa0000)
  eden space 4416K, 100% used [0x00000000f0800000, 0x00000000f0c50000, 0x00000000f0c50000)
  from space 512K,  99% used [0x00000000f0c50000, 0x00000000f0ccffd0, 0x00000000f0cd0000)
  to   space 512K,   0% used [0x00000000f0cd0000, 0x00000000f0cd0000, 0x00000000f0d50000)
 tenured generation   total 10944K, used 4242K [0x00000000f5aa0000, 0x00000000f6550000, 0x0000000100000000)
   the space 10944K,  38% used [0x00000000f5aa0000, 0x00000000f5ec4838, 0x00000000f5ec4a00, 0x00000000f6550000)
 Metaspace       used 11092K, capacity 11262K, committed 11392K, reserved 1058816K
  class space    used 1266K, capacity 1347K, committed 1408K, reserved 1048576K
Event: 1.636 GC heap after
Heap after GC invocations=13 (full 0):
 def new generation   total 4928K, used 512K [0x00000000f0800000, 0x00000000f0d50000, 0x00000000f5aa0000)
  eden space 4416K,   0% used [0x00000000f0800000, 0x00000000f0800000, 0x00000000f0c50000)
  from space 512K, 100% used [0x00000000f0cd0000, 0x00000000f0d50000, 0x00000000f0d50000)
  to   space 512K,   0% used [0x00000000f0c50000, 0x00000000f0c50000, 0x00000000f0cd0000)
 tenured generation   total 10944K, used 4670K [0x00000000f5aa0000, 0x00000000f6550000, 0x0000000100000000)
   the space 10944K,  42% used [0x00000000f5aa0000, 0x00000000f5f2fa50, 0x00000000f5f2fc00, 0x00000000f6550000)
 Metaspace       used 11092K, capacity 11262K, committed 11392K, reserved 1058816K
  class space    used 1266K, capacity 1347K, committed 1408K, reserved 1048576K
}
Event: 1.729 GC heap before
{Heap before GC invocations=13 (full 0):
 def new generation   total 4928K, used 4928K [0x00000000f0800000, 0x00000000f0d50000, 0x00000000f5aa0000)
  eden space 4416K, 100% used [0x00000000f0800000, 0x00000000f0c50000, 0x00000000f0c50000)
  from space 512K, 100% used [0x00000000f0cd0000, 0x00000000f0d50000, 0x00000000f0d50000)
  to   space 512K,   0% used [0x00000000f0c50000, 0x00000000f0c50000, 0x00000000f0cd0000)
 tenured generation   total 10944K, used 4670K [0x00000000f5aa0000, 0x00000000f6550000, 0x0000000100000000)
   the space 10944K,  42% used [0x00000000f5aa0000, 0x00000000f5f2fa50, 0x00000000f5f2fc00, 0x00000000f6550000)
 Metaspace       used 11546K, capacity 11714K, committed 12032K, reserved 1060864K
  class space    used 1330K, capacity 1411K, committed 1536K, reserved 1048576K
Event: 1.731 GC heap after
Heap after GC invocations=14 (full 0):
 def new generation   total 4928K, used 511K [0x00000000f0800000, 0x00000000f0d50000, 0x00000000f5aa0000)
  eden space 4416K,   0% used [0x00000000f0800000, 0x00000000f0800000, 0x00000000f0c50000)
  from space 512K,  99% used [0x00000000f0c50000, 0x00000000f0ccfff0, 0x00000000f0cd0000)
  to   space 512K,   0% used [0x00000000f0cd0000, 0x00000000f0cd0000, 0x00000000f0d50000)
 tenured generation   total 10944K, used 5012K [0x00000000f5aa0000, 0x00000000f6550000, 0x0000000100000000)
   the space 10944K,  45% used [0x00000000f5aa0000, 0x00000000f5f85030, 0x00000000f5f85200, 0x00000000f6550000)
 Metaspace       used 11546K, capacity 11714K, committed 12032K, reserved 1060864K
  class space    used 1330K, capacity 1411K, committed 1536K, reserved 1048576K
}
Event: 1.851 GC heap before
{Heap before GC invocations=14 (full 0):
 def new generation   total 4928K, used 4927K [0x00000000f0800000, 0x00000000f0d50000, 0x00000000f5aa0000)
  eden space 4416K, 100% used [0x00000000f0800000, 0x00000000f0c50000, 0x00000000f0c50000)
  from space 512K,  99% used [0x00000000f0c50000, 0x00000000f0ccfff0, 0x00000000f0cd0000)
  to   space 512K,   0% used [0x00000000f0cd0000, 0x00000000f0cd0000, 0x00000000f0d50000)
 tenured generation   total 10944K, used 5012K [0x00000000f5aa0000, 0x00000000f6550000, 0x0000000100000000)
   the space 10944K,  45% used [0x00000000f5aa0000, 0x00000000f5f85030, 0x00000000f5f85200, 0x00000000f6550000)
 Metaspace       used 12051K, capacity 12168K, committed 12288K, reserved 1060864K
  class space    used 1405K, capacity 1476K, committed 1536K, reserved 1048576K
Event: 1.853 GC heap after
Heap after GC invocations=15 (full 0):
 def new generation   total 4928K, used 512K [0x00000000f0800000, 0x00000000f0d50000, 0x00000000f5aa0000)
  eden space 4416K,   0% used [0x00000000f0800000, 0x00000000f0800000, 0x00000000f0c50000)
  from space 512K, 100% used [0x00000000f0cd0000, 0x00000000f0d50000, 0x00000000f0d50000)
  to   space 512K,   0% used [0x00000000f0c50000, 0x00000000f0c50000, 0x00000000f0cd0000)
 tenured generation   total 10944K, used 5524K [0x00000000f5aa0000, 0x00000000f6550000, 0x0000000100000000)
   the space 10944K,  50% used [0x00000000f5aa0000, 0x00000000f60051c0, 0x00000000f6005200, 0x00000000f6550000)
 Metaspace       used 12051K, capacity 12168K, committed 12288K, reserved 1060864K
  class space    used 1405K, capacity 1476K, committed 1536K, reserved 1048576K
}
Event: 1.967 GC heap before
{Heap before GC invocations=15 (full 0):
 def new generation   total 4928K, used 4928K [0x00000000f0800000, 0x00000000f0d50000, 0x00000000f5aa0000)
  eden space 4416K, 100% used [0x00000000f0800000, 0x00000000f0c50000, 0x00000000f0c50000)
  from space 512K, 100% used [0x00000000f0cd0000, 0x00000000f0d50000, 0x00000000f0d50000)
  to   space 512K,   0% used [0x00000000f0c50000, 0x00000000f0c50000, 0x00000000f0cd0000)
 tenured generation   total 10944K, used 5524K [0x00000000f5aa0000, 0x00000000f6550000, 0x0000000100000000)
   the space 10944K,  50% used [0x00000000f5aa0000, 0x00000000f60051c0, 0x00000000f6005200, 0x00000000f6550000)
 Metaspace       used 12475K, capacity 12686K, committed 12928K, reserved 1060864K
  class space    used 1468K, capacity 1541K, committed 1664K, reserved 1048576K
Event: 1.970 GC heap after
Heap after GC invocations=16 (full 0):
 def new generation   total 4928K, used 512K [0x00000000f0800000, 0x00000000f0d50000, 0x00000000f5aa0000)
  eden space 4416K,   0% used [0x00000000f0800000, 0x00000000f0800000, 0x00000000f0c50000)
  from space 512K, 100% used [0x00000000f0c50000, 0x00000000f0cd0000, 0x00000000f0cd0000)
  to   space 512K,   0% used [0x00000000f0cd0000, 0x00000000f0cd0000, 0x00000000f0d50000)
 tenured generation   total 10944K, used 6048K [0x00000000f5aa0000, 0x00000000f6550000, 0x0000000100000000)
   the space 10944K,  55% used [0x00000000f5aa0000, 0x00000000f6088288, 0x00000000f6088400, 0x00000000f6550000)
 Metaspace       used 12475K, capacity 12686K, committed 12928K, reserved 1060864K
  class space    used 1468K, capacity 1541K, committed 1664K, reserved 1048576K
}
Event: 2.140 GC heap before
{Heap before GC invocations=16 (full 0):
 def new generation   total 4928K, used 4928K [0x00000000f0800000, 0x00000000f0d50000, 0x00000000f5aa0000)
  eden space 4416K, 100% used [0x00000000f0800000, 0x00000000f0c50000, 0x00000000f0c50000)
  from space 512K, 100% used [0x00000000f0c50000, 0x00000000f0cd0000, 0x00000000f0cd0000)
  to   space 512K,   0% used [0x00000000f0cd0000, 0x00000000f0cd0000, 0x00000000f0d50000)
 tenured generation   total 10944K, used 6048K [0x00000000f5aa0000, 0x00000000f6550000, 0x0000000100000000)
   the space 10944K,  55% used [0x00000000f5aa0000, 0x00000000f6088288, 0x00000000f6088400, 0x00000000f6550000)
 Metaspace       used 12997K, capacity 13172K, committed 13440K, reserved 1060864K
  class space    used 1541K, capacity 1638K, committed 1664K, reserved 1048576K
Event: 2.143 GC heap after
Heap after GC invocations=17 (full 0):
 def new generation   total 4928K, used 512K [0x00000000f0800000, 0x00000000f0d50000, 0x00000000f5aa0000)
  eden space 4416K,   0% used [0x00000000f0800000, 0x00000000f0800000, 0x00000000f0c50000)
  from space 512K, 100% used [0x00000000f0cd0000, 0x00000000f0d50000, 0x00000000f0d50000)
  to   space 512K,   0% used [0x00000000f0c50000, 0x00000000f0c50000, 0x00000000f0cd0000)
 tenured generation   total 10944K, used 6351K [0x00000000f5aa0000, 0x00000000f6550000, 0x0000000100000000)
   the space 10944K,  58% used [0x00000000f5aa0000, 0x00000000f60d3f78, 0x00000000f60d4000, 0x00000000f6550000)
 Metaspace       used 12997K, capacity 13172K, committed 13440K, reserved 1060864K
  class space    used 1541K, capacity 1638K, committed 1664K, reserved 1048576K
}
Event: 2.370 GC heap before
{Heap before GC invocations=17 (full 0):
 def new generation   total 4928K, used 4916K [0x00000000f0800000, 0x00000000f0d50000, 0x00000000f5aa0000)
  eden space 4416K,  99% used [0x00000000f0800000, 0x00000000f0c4d108, 0x00000000f0c50000)
  from space 512K, 100% used [0x00000000f0cd0000, 0x00000000f0d50000, 0x00000000f0d50000)
  to   space 512K,   0% used [0x00000000f0c50000, 0x00000000f0c50000, 0x00000000f0cd0000)
 tenured generation   total 10944K, used 6351K [0x00000000f5aa0000, 0x00000000f6550000, 0x0000000100000000)
   the space 10944K,  58% used [0x00000000f5aa0000, 0x00000000f60d3f78, 0x00000000f60d4000, 0x00000000f6550000)
 Metaspace       used 13861K, capacity 14026K, committed 14080K, reserved 1060864K
  class space    used 1630K, capacity 1743K, committed 1792K, reserved 1048576K
Event: 2.373 GC heap after
Heap after GC invocations=18 (full 0):
 def new generation   total 4928K, used 512K [0x00000000f0800000, 0x00000000f0d50000, 0x00000000f5aa0000)
  eden space 4416K,   0% used [0x00000000f0800000, 0x00000000f0800000, 0x00000000f0c50000)
  from space 512K, 100% used [0x00000000f0c50000, 0x00000000f0cd0000, 0x00000000f0cd0000)
  to   space 512K,   0% used [0x00000000f0cd0000, 0x00000000f0cd0000, 0x00000000f0d50000)
 tenured generation   total 10944K, used 6791K [0x00000000f5aa0000, 0x00000000f6550000, 0x0000000100000000)
   the space 10944K,  62% used [0x00000000f5aa0000, 0x00000000f6141cc8, 0x00000000f6141e00, 0x00000000f6550000)
 Metaspace       used 13861K, capacity 14026K, committed 14080K, reserved 1060864K
  class space    used 1630K, capacity 1743K, committed 1792K, reserved 1048576K
}
Event: 2.516 GC heap before
{Heap before GC invocations=18 (full 0):
 def new generation   total 4928K, used 4928K [0x00000000f0800000, 0x00000000f0d50000, 0x00000000f5aa0000)
  eden space 4416K, 100% used [0x00000000f0800000, 0x00000000f0c50000, 0x00000000f0c50000)
  from space 512K, 100% used [0x00000000f0c50000, 0x00000000f0cd0000, 0x00000000f0cd0000)
  to   space 512K,   0% used [0x00000000f0cd0000, 0x00000000f0cd0000, 0x00000000f0d50000)
 tenured generation   total 10944K, used 6791K [0x00000000f5aa0000, 0x00000000f6550000, 0x0000000100000000)
   the space 10944K,  62% used [0x00000000f5aa0000, 0x00000000f6141cc8, 0x00000000f6141e00, 0x00000000f6550000)
 Metaspace       used 14736K, capacity 14922K, committed 15232K, reserved 1062912K
  class space    used 1712K, capacity 1807K, committed 1920K, reserved 1048576K
Event: 2.521 GC heap after
Heap after GC invocations=19 (full 0):
 def new generation   total 4928K, used 511K [0x00000000f0800000, 0x00000000f0d50000, 0x00000000f5aa0000)
  eden space 4416K,   0% used [0x00000000f0800000, 0x00000000f0800000, 0x00000000f0c50000)
  from space 512K,  99% used [0x00000000f0cd0000, 0x00000000f0d4fff8, 0x00000000f0d50000)
  to   space 512K,   0% used [0x00000000f0c50000, 0x00000000f0c50000, 0x00000000f0cd0000)
 tenured generation   total 10944K, used 7884K [0x00000000f5aa0000, 0x00000000f6550000, 0x0000000100000000)
   the space 10944K,  72% used [0x00000000f5aa0000, 0x00000000f6253058, 0x00000000f6253200, 0x00000000f6550000)
 Metaspace       used 14736K, capacity 14922K, committed 15232K, reserved 1062912K
  class space    used 1712K, capacity 1807K, committed 1920K, reserved 1048576K
}
Event: 2.679 GC heap before
{Heap before GC invocations=19 (full 0):
 def new generation   total 4928K, used 4927K [0x00000000f0800000, 0x00000000f0d50000, 0x00000000f5aa0000)
  eden space 4416K, 100% used [0x00000000f0800000, 0x00000000f0c50000, 0x00000000f0c50000)
  from space 512K,  99% used [0x00000000f0cd0000, 0x00000000f0d4fff8, 0x00000000f0d50000)
  to   space 512K,   0% used [0x00000000f0c50000, 0x00000000f0c50000, 0x00000000f0cd0000)
 tenured generation   total 10944K, used 7884K [0x00000000f5aa0000, 0x00000000f6550000, 0x0000000100000000)
   the space 10944K,  72% used [0x00000000f5aa0000, 0x00000000f6253058, 0x00000000f6253200, 0x00000000f6550000)
 Metaspace       used 14997K, capacity 15164K, committed 15488K, reserved 1062912K
  class space    used 1740K, capacity 1842K, committed 1920K, reserved 1048576K
Event: 2.684 GC heap after
Heap after GC invocations=20 (full 0):
 def new generation   total 4928K, used 512K [0x00000000f0800000, 0x00000000f0d50000, 0x00000000f5aa0000)
  eden space 4416K,   0% used [0x00000000f0800000, 0x00000000f0800000, 0x00000000f0c50000)
  from space 512K, 100% used [0x00000000f0c50000, 0x00000000f0cd0000, 0x00000000f0cd0000)
  to   space 512K,   0% used [0x00000000f0cd0000, 0x00000000f0cd0000, 0x00000000f0d50000)
 tenured generation   total 10944K, used 8806K [0x00000000f5aa0000, 0x00000000f6550000, 0x0000000100000000)
   the space 10944K,  80% used [0x00000000f5aa0000, 0x00000000f63398d0, 0x00000000f6339a00, 0x00000000f6550000)
 Metaspace       used 14997K, capacity 15164K, committed 15488K, reserved 1062912K
  class space    used 1740K, capacity 1842K, committed 1920K, reserved 1048576K
}
Event: 2.766 GC heap before
{Heap before GC invocations=20 (full 0):
 def new generation   total 4928K, used 4928K [0x00000000f0800000, 0x00000000f0d50000, 0x00000000f5aa0000)
  eden space 4416K, 100% used [0x00000000f0800000, 0x00000000f0c50000, 0x00000000f0c50000)
  from space 512K, 100% used [0x00000000f0c50000, 0x00000000f0cd0000, 0x00000000f0cd0000)
  to   space 512K,   0% used [0x00000000f0cd0000, 0x00000000f0cd0000, 0x00000000f0d50000)
 tenured generation   total 10944K, used 8806K [0x00000000f5aa0000, 0x00000000f6550000, 0x0000000100000000)
   the space 10944K,  80% used [0x00000000f5aa0000, 0x00000000f63398d0, 0x00000000f6339a00, 0x00000000f6550000)
 Metaspace       used 15046K, capacity 15298K, committed 15488K, reserved 1062912K
  class space    used 1741K, capacity 1843K, committed 1920K, reserved 1048576K
Event: 2.769 GC heap after
Heap after GC invocations=21 (full 0):
 def new generation   total 4928K, used 287K [0x00000000f0800000, 0x00000000f0d50000, 0x00000000f5aa0000)
  eden space 4416K,   0% used [0x00000000f0800000, 0x00000000f0800000, 0x00000000f0c50000)
  from space 512K,  56% used [0x00000000f0cd0000, 0x00000000f0d17dc0, 0x00000000f0d50000)
  to   space 512K,   0% used [0x00000000f0c50000, 0x00000000f0c50000, 0x00000000f0cd0000)
 tenured generation   total 10944K, used 9258K [0x00000000f5aa0000, 0x00000000f6550000, 0x0000000100000000)
   the space 10944K,  84% used [0x00000000f5aa0000, 0x00000000f63aa840, 0x00000000f63aaa00, 0x00000000f6550000)
 Metaspace       used 15046K, capacity 15298K, committed 15488K, reserved 1062912K
  class space    used 1741K, capacity 1843K, committed 1920K, reserved 1048576K
}
Event: 2.833 GC heap before
{Heap before GC invocations=21 (full 0):
 def new generation   total 4928K, used 4703K [0x00000000f0800000, 0x00000000f0d50000, 0x00000000f5aa0000)
  eden space 4416K, 100% used [0x00000000f0800000, 0x00000000f0c50000, 0x00000000f0c50000)
  from space 512K,  56% used [0x00000000f0cd0000, 0x00000000f0d17dc0, 0x00000000f0d50000)
  to   space 512K,   0% used [0x00000000f0c50000, 0x00000000f0c50000, 0x00000000f0cd0000)
 tenured generation   total 10944K, used 9258K [0x00000000f5aa0000, 0x00000000f6550000, 0x0000000100000000)
   the space 10944K,  84% used [0x00000000f5aa0000, 0x00000000f63aa840, 0x00000000f63aaa00, 0x00000000f6550000)
 Metaspace       used 15075K, capacity 15298K, committed 15488K, reserved 1062912K
  class space    used 1741K, capacity 1843K, committed 1920K, reserved 1048576K
Event: 2.836 GC heap after
Heap after GC invocations=22 (full 0):
 def new generation   total 4928K, used 512K [0x00000000f0800000, 0x00000000f0d50000, 0x00000000f5aa0000)
  eden space 4416K,   0% used [0x00000000f0800000, 0x00000000f0800000, 0x00000000f0c50000)
  from space 512K, 100% used [0x00000000f0c50000, 0x00000000f0cd0000, 0x00000000f0cd0000)
  to   space 512K,   0% used [0x00000000f0cd0000, 0x00000000f0cd0000, 0x00000000f0d50000)
 tenured generation   total 10944K, used 9611K [0x00000000f5aa0000, 0x00000000f6550000, 0x0000000100000000)
   the space 10944K,  87% used [0x00000000f5aa0000, 0x00000000f6402f88, 0x00000000f6403000, 0x00000000f6550000)
 Metaspace       used 15075K, capacity 15298K, committed 15488K, reserved 1062912K
  class space    used 1741K, capacity 1843K, committed 1920K, reserved 1048576K
}
Event: 2.911 GC heap before
{Heap before GC invocations=22 (full 0):
 def new generation   total 4928K, used 4928K [0x00000000f0800000, 0x00000000f0d50000, 0x00000000f5aa0000)
  eden space 4416K, 100% used [0x00000000f0800000, 0x00000000f0c50000, 0x00000000f0c50000)
  from space 512K, 100% used [0x00000000f0c50000, 0x00000000f0cd0000, 0x00000000f0cd0000)
  to   space 512K,   0% used [0x00000000f0cd0000, 0x00000000f0cd0000, 0x00000000f0d50000)
 tenured generation   total 10944K, used 9611K [0x00000000f5aa0000, 0x00000000f6550000, 0x0000000100000000)
   the space 10944K,  87% used [0x00000000f5aa0000, 0x00000000f6402f88, 0x00000000f6403000, 0x00000000f6550000)
 Metaspace       used 15094K, capacity 15304K, committed 15488K, reserved 1062912K
  class space    used 1742K, capacity 1844K, committed 1920K, reserved 1048576K
Event: 2.915 GC heap after
Heap after GC invocations=23 (full 0):
 def new generation   total 4928K, used 512K [0x00000000f0800000, 0x00000000f0d50000, 0x00000000f5aa0000)
  eden space 4416K,   0% used [0x00000000f0800000, 0x00000000f0800000, 0x00000000f0c50000)
  from space 512K, 100% used [0x00000000f0cd0000, 0x00000000f0d50000, 0x00000000f0d50000)
  to   space 512K,   0% used [0x00000000f0c50000, 0x00000000f0c50000, 0x00000000f0cd0000)
 tenured generation   total 10944K, used 10230K [0x00000000f5aa0000, 0x00000000f6550000, 0x0000000100000000)
   the space 10944K,  93% used [0x00000000f5aa0000, 0x00000000f649d8a0, 0x00000000f649da00, 0x00000000f6550000)
 Metaspace       used 15094K, capacity 15304K, committed 15488K, reserved 1062912K
  class space    used 1742K, capacity 1844K, committed 1920K, reserved 1048576K
}
Event: 2.970 GC heap before
{Heap before GC invocations=23 (full 0):
 def new generation   total 4928K, used 4928K [0x00000000f0800000, 0x00000000f0d50000, 0x00000000f5aa0000)
  eden space 4416K, 100% used [0x00000000f0800000, 0x00000000f0c50000, 0x00000000f0c50000)
  from space 512K, 100% used [0x00000000f0cd0000, 0x00000000f0d50000, 0x00000000f0d50000)
  to   space 512K,   0% used [0x00000000f0c50000, 0x00000000f0c50000, 0x00000000f0cd0000)
 tenured generation   total 10944K, used 10230K [0x00000000f5aa0000, 0x00000000f6550000, 0x0000000100000000)
   the space 10944K,  93% used [0x00000000f5aa0000, 0x00000000f649d8a0, 0x00000000f649da00, 0x00000000f6550000)
 Metaspace       used 15099K, capacity 15304K, committed 15488K, reserved 1062912K
  class space    used 1742K, capacity 1844K, committed 1920K, reserved 1048576K
Event: 2.973 GC heap after
Heap after GC invocations=24 (full 0):
 def new generation   total 4928K, used 370K [0x00000000f0800000, 0x00000000f0d50000, 0x00000000f5aa0000)
  eden space 4416K,   0% used [0x00000000f0800000, 0x00000000f0800000, 0x00000000f0c50000)
  from space 512K,  72% used [0x00000000f0c50000, 0x00000000f0cac878, 0x00000000f0cd0000)
  to   space 512K,   0% used [0x00000000f0cd0000, 0x00000000f0cd0000, 0x00000000f0d50000)
 tenured generation   total 10944K, used 10673K [0x00000000f5aa0000, 0x00000000f6550000, 0x0000000100000000)
   the space 10944K,  97% used [0x00000000f5aa0000, 0x00000000f650c678, 0x00000000f650c800, 0x00000000f6550000)
 Metaspace       used 15099K, capacity 15304K, committed 15488K, reserved 1062912K
  class space    used 1742K, capacity 1844K, committed 1920K, reserved 1048576K
}
Event: 3.019 GC heap before
{Heap before GC invocations=24 (full 0):
 def new generation   total 4928K, used 4786K [0x00000000f0800000, 0x00000000f0d50000, 0x00000000f5aa0000)
  eden space 4416K, 100% used [0x00000000f0800000, 0x00000000f0c50000, 0x00000000f0c50000)
  from space 512K,  72% used [0x00000000f0c50000, 0x00000000f0cac878, 0x00000000f0cd0000)
  to   space 512K,   0% used [0x00000000f0cd0000, 0x00000000f0cd0000, 0x00000000f0d50000)
 tenured generation   total 10944K, used 10673K [0x00000000f5aa0000, 0x00000000f6550000, 0x0000000100000000)
   the space 10944K,  97% used [0x00000000f5aa0000, 0x00000000f650c678, 0x00000000f650c800, 0x00000000f6550000)
 Metaspace       used 15282K, capacity 15496K, committed 15744K, reserved 1062912K
  class space    used 1751K, capacity 1844K, committed 1920K, reserved 1048576K
Event: 3.064 GC heap after
Heap after GC invocations=25 (full 1):
 def new generation   total 7104K, used 0K [0x00000000f0800000, 0x00000000f0fb0000, 0x00000000f5aa0000)
  eden space 6336K,   0% used [0x00000000f0800000, 0x00000000f0800000, 0x00000000f0e30000)
  from space 768K,   0% used [0x00000000f0e30000, 0x00000000f0e30000, 0x00000000f0ef0000)
  to   space 768K,   0% used [0x00000000f0ef0000, 0x00000000f0ef0000, 0x00000000f0fb0000)
 tenured generation   total 15696K, used 9415K [0x00000000f5aa0000, 0x00000000f69f4000, 0x0000000100000000)
   the space 15696K,  59% used [0x00000000f5aa0000, 0x00000000f63d1dc8, 0x00000000f63d1e00, 0x00000000f69f4000)
 Metaspace       used 15282K, capacity 15496K, committed 15744K, reserved 1062912K
  class space    used 1751K, capacity 1844K, committed 1920K, reserved 1048576K
}
Event: 3.157 GC heap before
{Heap before GC invocations=25 (full 1):
 def new generation   total 7104K, used 6336K [0x00000000f0800000, 0x00000000f0fb0000, 0x00000000f5aa0000)
  eden space 6336K, 100% used [0x00000000f0800000, 0x00000000f0e30000, 0x00000000f0e30000)
  from space 768K,   0% used [0x00000000f0e30000, 0x00000000f0e30000, 0x00000000f0ef0000)
  to   space 768K,   0% used [0x00000000f0ef0000, 0x00000000f0ef0000, 0x00000000f0fb0000)
 tenured generation   total 15696K, used 9415K [0x00000000f5aa0000, 0x00000000f69f4000, 0x0000000100000000)
   the space 15696K,  59% used [0x00000000f5aa0000, 0x00000000f63d1dc8, 0x00000000f63d1e00, 0x00000000f69f4000)
 Metaspace       used 15337K, capacity 15560K, committed 15744K, reserved 1062912K
  class space    used 1753K, capacity 1844K, committed 1920K, reserved 1048576K
Event: 3.166 GC heap after
Heap after GC invocations=26 (full 1):
 def new generation   total 7104K, used 768K [0x00000000f0800000, 0x00000000f0fb0000, 0x00000000f5aa0000)
  eden space 6336K,   0% used [0x00000000f0800000, 0x00000000f0800000, 0x00000000f0e30000)
  from space 768K, 100% used [0x00000000f0ef0000, 0x00000000f0fb0000, 0x00000000f0fb0000)
  to   space 768K,   0% used [0x00000000f0e30000, 0x00000000f0e30000, 0x00000000f0ef0000)
 tenured generation   total 15696K, used 9912K [0x00000000f5aa0000, 0x00000000f69f4000, 0x0000000100000000)
   the space 15696K,  63% used [0x00000000f5aa0000, 0x00000000f644e180, 0x00000000f644e200, 0x00000000f69f4000)
 Metaspace       used 15337K, capacity 15560K, committed 15744K, reserved 1062912K
  class space    used 1753K, capacity 1844K, committed 1920K, reserved 1048576K
}
Event: 3.230 GC heap before
{Heap before GC invocations=26 (full 1):
 def new generation   total 7104K, used 7104K [0x00000000f0800000, 0x00000000f0fb0000, 0x00000000f5aa0000)
  eden space 6336K, 100% used [0x00000000f0800000, 0x00000000f0e30000, 0x00000000f0e30000)
  from space 768K, 100% used [0x00000000f0ef0000, 0x00000000f0fb0000, 0x00000000f0fb0000)
  to   space 768K,   0% used [0x00000000f0e30000, 0x00000000f0e30000, 0x00000000f0ef0000)
 tenured generation   total 15696K, used 9912K [0x00000000f5aa0000, 0x00000000f69f4000, 0x0000000100000000)
   the space 15696K,  63% used [0x00000000f5aa0000, 0x00000000f644e180, 0x00000000f644e200, 0x00000000f69f4000)
 Metaspace       used 15392K, capacity 15624K, committed 15744K, reserved 1062912K
  class space    used 1753K, capacity 1844K, committed 1920K, reserved 1048576K
Event: 3.236 GC heap after
Heap after GC invocations=27 (full 1):
 def new generation   total 7104K, used 768K [0x00000000f0800000, 0x00000000f0fb0000, 0x00000000f5aa0000)
  eden space 6336K,   0% used [0x00000000f0800000, 0x00000000f0800000, 0x00000000f0e30000)
  from space 768K, 100% used [0x00000000f0e30000, 0x00000000f0ef0000, 0x00000000f0ef0000)
  to   space 768K,   0% used [0x00000000f0ef0000, 0x00000000f0ef0000, 0x00000000f0fb0000)
 tenured generation   total 15696K, used 11167K [0x00000000f5aa0000, 0x00000000f69f4000, 0x0000000100000000)
   the space 15696K,  71% used [0x00000000f5aa0000, 0x00000000f6587e70, 0x00000000f6588000, 0x00000000f69f4000)
 Metaspace       used 15392K, capacity 15624K, committed 15744K, reserved 1062912K
  class space    used 1753K, capacity 1844K, committed 1920K, reserved 1048576K
}
Event: 3.344 GC heap before
{Heap before GC invocations=27 (full 1):
 def new generation   total 7104K, used 7104K [0x00000000f0800000, 0x00000000f0fb0000, 0x00000000f5aa0000)
  eden space 6336K, 100% used [0x00000000f0800000, 0x00000000f0e30000, 0x00000000f0e30000)
  from space 768K, 100% used [0x00000000f0e30000, 0x00000000f0ef0000, 0x00000000f0ef0000)
  to   space 768K,   0% used [0x00000000f0ef0000, 0x00000000f0ef0000, 0x00000000f0fb0000)
 tenured generation   total 15696K, used 11167K [0x00000000f5aa0000, 0x00000000f69f4000, 0x0000000100000000)
   the space 15696K,  71% used [0x00000000f5aa0000, 0x00000000f6587e70, 0x00000000f6588000, 0x00000000f69f4000)
 Metaspace       used 15535K, capacity 15688K, committed 16000K, reserved 1062912K
  class space    used 1762K, capacity 1844K, committed 1920K, reserved 1048576K
Event: 3.355 GC heap after
Heap after GC invocations=28 (full 1):
 def new generation   total 7104K, used 768K [0x00000000f0800000, 0x00000000f0fb0000, 0x00000000f5aa0000)
  eden space 6336K,   0% used [0x00000000f0800000, 0x00000000f0800000, 0x00000000f0e30000)
  from space 768K, 100% used [0x00000000f0ef0000, 0x00000000f0fb0000, 0x00000000f0fb0000)
  to   space 768K,   0% used [0x00000000f0e30000, 0x00000000f0e30000, 0x00000000f0ef0000)
 tenured generation   total 15696K, used 12549K [0x00000000f5aa0000, 0x00000000f69f4000, 0x0000000100000000)
   the space 15696K,  79% used [0x00000000f5aa0000, 0x00000000f66e1580, 0x00000000f66e1600, 0x00000000f69f4000)
 Metaspace       used 15535K, capacity 15688K, committed 16000K, reserved 1062912K
  class space    used 1762K, capacity 1844K, committed 1920K, reserved 1048576K
}
Event: 3.430 GC heap before
{Heap before GC invocations=28 (full 1):
 def new generation   total 7104K, used 7104K [0x00000000f0800000, 0x00000000f0fb0000, 0x00000000f5aa0000)
  eden space 6336K, 100% used [0x00000000f0800000, 0x00000000f0e30000, 0x00000000f0e30000)
  from space 768K, 100% used [0x00000000f0ef0000, 0x00000000f0fb0000, 0x00000000f0fb0000)
  to   space 768K,   0% used [0x00000000f0e30000, 0x00000000f0e30000, 0x00000000f0ef0000)
 tenured generation   total 15696K, used 12549K [0x00000000f5aa0000, 0x00000000f69f4000, 0x0000000100000000)
   the space 15696K,  79% used [0x00000000f5aa0000, 0x00000000f66e1580, 0x00000000f66e1600, 0x00000000f69f4000)
 Metaspace       used 15583K, capacity 15822K, committed 16000K, reserved 1062912K
  class space    used 1764K, capacity 1845K, committed 1920K, reserved 1048576K
Event: 3.432 GC heap after
Heap after GC invocations=29 (full 1):
 def new generation   total 7104K, used 388K [0x00000000f0800000, 0x00000000f0fb0000, 0x00000000f5aa0000)
  eden space 6336K,   0% used [0x00000000f0800000, 0x00000000f0800000, 0x00000000f0e30000)
  from space 768K,  50% used [0x00000000f0e30000, 0x00000000f0e913f0, 0x00000000f0ef0000)
  to   space 768K,   0% used [0x00000000f0ef0000, 0x00000000f0ef0000, 0x00000000f0fb0000)
 tenured generation   total 15696K, used 13113K [0x00000000f5aa0000, 0x00000000f69f4000, 0x0000000100000000)
   the space 15696K,  83% used [0x00000000f5aa0000, 0x00000000f676e418, 0x00000000f676e600, 0x00000000f69f4000)
 Metaspace       used 15583K, capacity 15822K, committed 16000K, reserved 1062912K
  class space    used 1764K, capacity 1845K, committed 1920K, reserved 1048576K
}
Event: 3.534 GC heap before
{Heap before GC invocations=29 (full 1):
 def new generation   total 7104K, used 6724K [0x00000000f0800000, 0x00000000f0fb0000, 0x00000000f5aa0000)
  eden space 6336K, 100% used [0x00000000f0800000, 0x00000000f0e30000, 0x00000000f0e30000)
  from space 768K,  50% used [0x00000000f0e30000, 0x00000000f0e913f0, 0x00000000f0ef0000)
  to   space 768K,   0% used [0x00000000f0ef0000, 0x00000000f0ef0000, 0x00000000f0fb0000)
 tenured generation   total 15696K, used 13113K [0x00000000f5aa0000, 0x00000000f69f4000, 0x0000000100000000)
   the space 15696K,  83% used [0x00000000f5aa0000, 0x00000000f676e418, 0x00000000f676e600, 0x00000000f69f4000)
 Metaspace       used 15680K, capacity 15918K, committed 16000K, reserved 1062912K
  class space    used 1772K, capacity 1877K, committed 1920K, reserved 1048576K
Event: 3.538 GC heap after
Heap after GC invocations=30 (full 1):
 def new generation   total 7104K, used 768K [0x00000000f0800000, 0x00000000f0fb0000, 0x00000000f5aa0000)
  eden space 6336K,   0% used [0x00000000f0800000, 0x00000000f0800000, 0x00000000f0e30000)
  from space 768K, 100% used [0x00000000f0ef0000, 0x00000000f0fb0000, 0x00000000f0fb0000)
  to   space 768K,   0% used [0x00000000f0e30000, 0x00000000f0e30000, 0x00000000f0ef0000)
 tenured generation   total 15696K, used 13721K [0x00000000f5aa0000, 0x00000000f69f4000, 0x0000000100000000)
   the space 15696K,  87% used [0x00000000f5aa0000, 0x00000000f6806470, 0x00000000f6806600, 0x00000000f69f4000)
 Metaspace       used 15680K, capacity 15918K, committed 16000K, reserved 1062912K
  class space    used 1772K, capacity 1877K, committed 1920K, reserved 1048576K
}
Event: 3.623 GC heap before
{Heap before GC invocations=30 (full 1):
 def new generation   total 7104K, used 7104K [0x00000000f0800000, 0x00000000f0fb0000, 0x00000000f5aa0000)
  eden space 6336K, 100% used [0x00000000f0800000, 0x00000000f0e30000, 0x00000000f0e30000)
  from space 768K, 100% used [0x00000000f0ef0000, 0x00000000f0fb0000, 0x00000000f0fb0000)
  to   space 768K,   0% used [0x00000000f0e30000, 0x00000000f0e30000, 0x00000000f0ef0000)
 tenured generation   total 15696K, used 13721K [0x00000000f5aa0000, 0x00000000f69f4000, 0x0000000100000000)
   the space 15696K,  87% used [0x00000000f5aa0000, 0x00000000f6806470, 0x00000000f6806600, 0x00000000f69f4000)
 Metaspace       used 15734K, capacity 15982K, committed 16256K, reserved 1062912K
  class space    used 1776K, capacity 1877K, committed 1920K, reserved 1048576K
Event: 3.628 GC heap after
Heap after GC invocations=31 (full 1):
 def new generation   total 7104K, used 768K [0x00000000f0800000, 0x00000000f0fb0000, 0x00000000f5aa0000)
  eden space 6336K,   0% used [0x00000000f0800000, 0x00000000f0800000, 0x00000000f0e30000)
  from space 768K, 100% used [0x00000000f0e30000, 0x00000000f0ef0000, 0x00000000f0ef0000)
  to   space 768K,   0% used [0x00000000f0ef0000, 0x00000000f0ef0000, 0x00000000f0fb0000)
 tenured generation   total 15696K, used 14433K [0x00000000f5aa0000, 0x00000000f69f4000, 0x0000000100000000)
   the space 15696K,  91% used [0x00000000f5aa0000, 0x00000000f68b86f8, 0x00000000f68b8800, 0x00000000f69f4000)
 Metaspace       used 15734K, capacity 15982K, committed 16256K, reserved 1062912K
  class space    used 1776K, capacity 1877K, committed 1920K, reserved 1048576K
}
Event: 3.683 GC heap before
{Heap before GC invocations=31 (full 1):
 def new generation   total 7104K, used 7104K [0x00000000f0800000, 0x00000000f0fb0000, 0x00000000f5aa0000)
  eden space 6336K, 100% used [0x00000000f0800000, 0x00000000f0e30000, 0x00000000f0e30000)
  from space 768K, 100% used [0x00000000f0e30000, 0x00000000f0ef0000, 0x00000000f0ef0000)
  to   space 768K,   0% used [0x00000000f0ef0000, 0x00000000f0ef0000, 0x00000000f0fb0000)
 tenured generation   total 15696K, used 14433K [0x00000000f5aa0000, 0x00000000f69f4000, 0x0000000100000000)
   the space 15696K,  91% used [0x00000000f5aa0000, 0x00000000f68b86f8, 0x00000000f68b8800, 0x00000000f69f4000)
 Metaspace       used 15794K, capacity 16046K, committed 16256K, reserved 1062912K
  class space    used 1784K, capacity 1877K, committed 1920K, reserved 1048576K
Event: 3.688 GC heap after
Heap after GC invocations=32 (full 1):
 def new generation   total 7104K, used 768K [0x00000000f0800000, 0x00000000f0fb0000, 0x00000000f5aa0000)
  eden space 6336K,   0% used [0x00000000f0800000, 0x00000000f0800000, 0x00000000f0e30000)
  from space 768K, 100% used [0x00000000f0ef0000, 0x00000000f0fb0000, 0x00000000f0fb0000)
  to   space 768K,   0% used [0x00000000f0e30000, 0x00000000f0e30000, 0x00000000f0ef0000)
 tenured generation   total 15696K, used 15476K [0x00000000f5aa0000, 0x00000000f69f4000, 0x0000000100000000)
   the space 15696K,  98% used [0x00000000f5aa0000, 0x00000000f69bd028, 0x00000000f69bd200, 0x00000000f69f4000)
 Metaspace       used 15794K, capacity 16046K, committed 16256K, reserved 1062912K
  class space    used 1784K, capacity 1877K, committed 1920K, reserved 1048576K
}
Event: 3.744 GC heap before
{Heap before GC invocations=32 (full 1):
 def new generation   total 7104K, used 7104K [0x00000000f0800000, 0x00000000f0fb0000, 0x00000000f5aa0000)
  eden space 6336K, 100% used [0x00000000f0800000, 0x00000000f0e30000, 0x00000000f0e30000)
  from space 768K, 100% used [0x00000000f0ef0000, 0x00000000f0fb0000, 0x00000000f0fb0000)
  to   space 768K,   0% used [0x00000000f0e30000, 0x00000000f0e30000, 0x00000000f0ef0000)
 tenured generation   total 15696K, used 15476K [0x00000000f5aa0000, 0x00000000f69f4000, 0x0000000100000000)
   the space 15696K,  98% used [0x00000000f5aa0000, 0x00000000f69bd028, 0x00000000f69bd200, 0x00000000f69f4000)
 Metaspace       used 15808K, capacity 16046K, committed 16256K, reserved 1062912K
  class space    used 1784K, capacity 1877K, committed 1920K, reserved 1048576K
Event: 3.795 GC heap after
Heap after GC invocations=33 (full 2):
 def new generation   total 11008K, used 0K [0x00000000f0800000, 0x00000000f13f0000, 0x00000000f5aa0000)
  eden space 9792K,   0% used [0x00000000f0800000, 0x00000000f0800000, 0x00000000f1190000)
  from space 1216K,   0% used [0x00000000f1190000, 0x00000000f1190000, 0x00000000f12c0000)
  to   space 1216K,   0% used [0x00000000f12c0000, 0x00000000f12c0000, 0x00000000f13f0000)
 tenured generation   total 24312K, used 14585K [0x00000000f5aa0000, 0x00000000f725e000, 0x0000000100000000)
   the space 24312K,  59% used [0x00000000f5aa0000, 0x00000000f68de7e8, 0x00000000f68de800, 0x00000000f725e000)
 Metaspace       used 15808K, capacity 16046K, committed 16256K, reserved 1062912K
  class space    used 1784K, capacity 1877K, committed 1920K, reserved 1048576K
}
Event: 3.913 GC heap before
{Heap before GC invocations=33 (full 2):
 def new generation   total 11008K, used 9792K [0x00000000f0800000, 0x00000000f13f0000, 0x00000000f5aa0000)
  eden space 9792K, 100% used [0x00000000f0800000, 0x00000000f1190000, 0x00000000f1190000)
  from space 1216K,   0% used [0x00000000f1190000, 0x00000000f1190000, 0x00000000f12c0000)
  to   space 1216K,   0% used [0x00000000f12c0000, 0x00000000f12c0000, 0x00000000f13f0000)
 tenured generation   total 24312K, used 14585K [0x00000000f5aa0000, 0x00000000f725e000, 0x0000000100000000)
   the space 24312K,  59% used [0x00000000f5aa0000, 0x00000000f68de7e8, 0x00000000f68de800, 0x00000000f725e000)
 Metaspace       used 15840K, capacity 16070K, committed 16256K, reserved 1062912K
  class space    used 1786K, capacity 1881K, committed 1920K, reserved 1048576K
Event: 3.920 GC heap after
Heap after GC invocations=34 (full 2):
 def new generation   total 11008K, used 1142K [0x00000000f0800000, 0x00000000f13f0000, 0x00000000f5aa0000)
  eden space 9792K,   0% used [0x00000000f0800000, 0x00000000f0800000, 0x00000000f1190000)
  from space 1216K,  93% used [0x00000000f12c0000, 0x00000000f13dd930, 0x00000000f13f0000)
  to   space 1216K,   0% used [0x00000000f1190000, 0x00000000f1190000, 0x00000000f12c0000)
 tenured generation   total 24312K, used 14585K [0x00000000f5aa0000, 0x00000000f725e000, 0x0000000100000000)
   the space 24312K,  59% used [0x00000000f5aa0000, 0x00000000f68de7e8, 0x00000000f68de800, 0x00000000f725e000)
 Metaspace       used 15840K, capacity 16070K, committed 16256K, reserved 1062912K
  class space    used 1786K, capacity 1881K, committed 1920K, reserved 1048576K
}
Event: 3.997 GC heap before
{Heap before GC invocations=34 (full 2):
 def new generation   total 11008K, used 10934K [0x00000000f0800000, 0x00000000f13f0000, 0x00000000f5aa0000)
  eden space 9792K, 100% used [0x00000000f0800000, 0x00000000f1190000, 0x00000000f1190000)
  from space 1216K,  93% used [0x00000000f12c0000, 0x00000000f13dd930, 0x00000000f13f0000)
  to   space 1216K,   0% used [0x00000000f1190000, 0x00000000f1190000, 0x00000000f12c0000)
 tenured generation   total 24312K, used 14585K [0x00000000f5aa0000, 0x00000000f725e000, 0x0000000100000000)
   the space 24312K,  59% used [0x00000000f5aa0000, 0x00000000f68de7e8, 0x00000000f68de800, 0x00000000f725e000)
 Metaspace       used 15855K, capacity 16070K, committed 16256K, reserved 1062912K
  class space    used 1786K, capacity 1881K, committed 1920K, reserved 1048576K
Event: 4.001 GC heap after
Heap after GC invocations=35 (full 2):
 def new generation   total 11008K, used 1097K [0x00000000f0800000, 0x00000000f13f0000, 0x00000000f5aa0000)
  eden space 9792K,   0% used [0x00000000f0800000, 0x00000000f0800000, 0x00000000f1190000)
  from space 1216K,  90% used [0x00000000f1190000, 0x00000000f12a24d8, 0x00000000f12c0000)
  to   space 1216K,   0% used [0x00000000f12c0000, 0x00000000f12c0000, 0x00000000f13f0000)
 tenured generation   total 24312K, used 15441K [0x00000000f5aa0000, 0x00000000f725e000, 0x0000000100000000)
   the space 24312K,  63% used [0x00000000f5aa0000, 0x00000000f69b4518, 0x00000000f69b4600, 0x00000000f725e000)
 Metaspace       used 15855K, capacity 16070K, committed 16256K, reserved 1062912K
  class space    used 1786K, capacity 1881K, committed 1920K, reserved 1048576K
}
Event: 4.062 GC heap before
{Heap before GC invocations=35 (full 2):
 def new generation   total 11008K, used 10889K [0x00000000f0800000, 0x00000000f13f0000, 0x00000000f5aa0000)
  eden space 9792K, 100% used [0x00000000f0800000, 0x00000000f1190000, 0x00000000f1190000)
  from space 1216K,  90% used [0x00000000f1190000, 0x00000000f12a24d8, 0x00000000f12c0000)
  to   space 1216K,   0% used [0x00000000f12c0000, 0x00000000f12c0000, 0x00000000f13f0000)
 tenured generation   total 24312K, used 15441K [0x00000000f5aa0000, 0x00000000f725e000, 0x0000000100000000)
   the space 24312K,  63% used [0x00000000f5aa0000, 0x00000000f69b4518, 0x00000000f69b4600, 0x00000000f725e000)
 Metaspace       used 15872K, capacity 16134K, committed 16256K, reserved 1062912K
  class space    used 1787K, capacity 1881K, committed 1920K, reserved 1048576K
Event: 4.066 GC heap after
Heap after GC invocations=36 (full 2):
 def new generation   total 11008K, used 1184K [0x00000000f0800000, 0x00000000f13f0000, 0x00000000f5aa0000)
  eden space 9792K,   0% used [0x00000000f0800000, 0x00000000f0800000, 0x00000000f1190000)
  from space 1216K,  97% used [0x00000000f12c0000, 0x00000000f13e8360, 0x00000000f13f0000)
  to   space 1216K,   0% used [0x00000000f1190000, 0x00000000f1190000, 0x00000000f12c0000)
 tenured generation   total 24312K, used 16283K [0x00000000f5aa0000, 0x00000000f725e000, 0x0000000100000000)
   the space 24312K,  66% used [0x00000000f5aa0000, 0x00000000f6a86c08, 0x00000000f6a86e00, 0x00000000f725e000)
 Metaspace       used 15872K, capacity 16134K, committed 16256K, reserved 1062912K
  class space    used 1787K, capacity 1881K, committed 1920K, reserved 1048576K
}
Event: 4.197 GC heap before
{Heap before GC invocations=36 (full 2):
 def new generation   total 11008K, used 10976K [0x00000000f0800000, 0x00000000f13f0000, 0x00000000f5aa0000)
  eden space 9792K, 100% used [0x00000000f0800000, 0x00000000f1190000, 0x00000000f1190000)
  from space 1216K,  97% used [0x00000000f12c0000, 0x00000000f13e8360, 0x00000000f13f0000)
  to   space 1216K,   0% used [0x00000000f1190000, 0x00000000f1190000, 0x00000000f12c0000)
 tenured generation   total 24312K, used 16283K [0x00000000f5aa0000, 0x00000000f725e000, 0x0000000100000000)
   the space 24312K,  66% used [0x00000000f5aa0000, 0x00000000f6a86c08, 0x00000000f6a86e00, 0x00000000f725e000)
 Metaspace       used 15922K, capacity 16134K, committed 16256K, reserved 1062912K
  class space    used 1787K, capacity 1881K, committed 1920K, reserved 1048576K
Event: 4.203 GC heap after
Heap after GC invocations=37 (full 2):
 def new generation   total 11008K, used 913K [0x00000000f0800000, 0x00000000f13f0000, 0x00000000f5aa0000)
  eden space 9792K,   0% used [0x00000000f0800000, 0x00000000f0800000, 0x00000000f1190000)
  from space 1216K,  75% used [0x00000000f1190000, 0x00000000f12745b8, 0x00000000f12c0000)
  to   space 1216K,   0% used [0x00000000f12c0000, 0x00000000f12c0000, 0x00000000f13f0000)
 tenured generation   total 24312K, used 17316K [0x00000000f5aa0000, 0x00000000f725e000, 0x0000000100000000)
   the space 24312K,  71% used [0x00000000f5aa0000, 0x00000000f6b89288, 0x00000000f6b89400, 0x00000000f725e000)
 Metaspace       used 15922K, capacity 16134K, committed 16256K, reserved 1062912K
  class space    used 1787K, capacity 1881K, committed 1920K, reserved 1048576K
}
Event: 4.322 GC heap before
{Heap before GC invocations=37 (full 2):
 def new generation   total 11008K, used 10705K [0x00000000f0800000, 0x00000000f13f0000, 0x00000000f5aa0000)
  eden space 9792K, 100% used [0x00000000f0800000, 0x00000000f1190000, 0x00000000f1190000)
  from space 1216K,  75% used [0x00000000f1190000, 0x00000000f12745b8, 0x00000000f12c0000)
  to   space 1216K,   0% used [0x00000000f12c0000, 0x00000000f12c0000, 0x00000000f13f0000)
 tenured generation   total 24312K, used 17316K [0x00000000f5aa0000, 0x00000000f725e000, 0x0000000100000000)
   the space 24312K,  71% used [0x00000000f5aa0000, 0x00000000f6b89288, 0x00000000f6b89400, 0x00000000f725e000)
 Metaspace       used 16011K, capacity 16216K, committed 16256K, reserved 1062912K
  class space    used 1790K, capacity 1884K, committed 1920K, reserved 1048576K
Event: 4.326 GC heap after
Heap after GC invocations=38 (full 2):
 def new generation   total 11008K, used 566K [0x00000000f0800000, 0x00000000f13f0000, 0x00000000f5aa0000)
  eden space 9792K,   0% used [0x00000000f0800000, 0x00000000f0800000, 0x00000000f1190000)
  from space 1216K,  46% used [0x00000000f12c0000, 0x00000000f134d9e0, 0x00000000f13f0000)
  to   space 1216K,   0% used [0x00000000f1190000, 0x00000000f1190000, 0x00000000f12c0000)
 tenured generation   total 24312K, used 18152K [0x00000000f5aa0000, 0x00000000f725e000, 0x0000000100000000)
   the space 24312K,  74% used [0x00000000f5aa0000, 0x00000000f6c5a000, 0x00000000f6c5a000, 0x00000000f725e000)
 Metaspace       used 16011K, capacity 16216K, committed 16256K, reserved 1062912K
  class space    used 1790K, capacity 1884K, committed 1920K, reserved 1048576K
}
Event: 4.436 GC heap before
{Heap before GC invocations=38 (full 2):
 def new generation   total 11008K, used 10358K [0x00000000f0800000, 0x00000000f13f0000, 0x00000000f5aa0000)
  eden space 9792K, 100% used [0x00000000f0800000, 0x00000000f1190000, 0x00000000f1190000)
  from space 1216K,  46% used [0x00000000f12c0000, 0x00000000f134d9e0, 0x00000000f13f0000)
  to   space 1216K,   0% used [0x00000000f1190000, 0x00000000f1190000, 0x00000000f12c0000)
 tenured generation   total 24312K, used 18152K [0x00000000f5aa0000, 0x00000000f725e000, 0x0000000100000000)
   the space 24312K,  74% used [0x00000000f5aa0000, 0x00000000f6c5a000, 0x00000000f6c5a000, 0x00000000f725e000)
 Metaspace       used 16052K, capacity 16280K, committed 16512K, reserved 1064960K
  class space    used 1790K, capacity 1884K, committed 1920K, reserved 1048576K
Event: 4.439 GC heap after
Heap after GC invocations=39 (full 2):
 def new generation   total 11008K, used 1216K [0x00000000f0800000, 0x00000000f13f0000, 0x00000000f5aa0000)
  eden space 9792K,   0% used [0x00000000f0800000, 0x00000000f0800000, 0x00000000f1190000)
  from space 1216K, 100% used [0x00000000f1190000, 0x00000000f12c0000, 0x00000000f12c0000)
  to   space 1216K,   0% used [0x00000000f12c0000, 0x00000000f12c0000, 0x00000000f13f0000)
 tenured generation   total 24312K, used 18386K [0x00000000f5aa0000, 0x00000000f725e000, 0x0000000100000000)
   the space 24312K,  75% used [0x00000000f5aa0000, 0x00000000f6c94a40, 0x00000000f6c94c00, 0x00000000f725e000)
 Metaspace       used 16052K, capacity 16280K, committed 16512K, reserved 1064960K
  class space    used 1790K, capacity 1884K, committed 1920K, reserved 1048576K
}
Event: 4.512 GC heap before
{Heap before GC invocations=39 (full 2):
 def new generation   total 11008K, used 11008K [0x00000000f0800000, 0x00000000f13f0000, 0x00000000f5aa0000)
  eden space 9792K, 100% used [0x00000000f0800000, 0x00000000f1190000, 0x00000000f1190000)
  from space 1216K, 100% used [0x00000000f1190000, 0x00000000f12c0000, 0x00000000f12c0000)
  to   space 1216K,   0% used [0x00000000f12c0000, 0x00000000f12c0000, 0x00000000f13f0000)
 tenured generation   total 24312K, used 18386K [0x00000000f5aa0000, 0x00000000f725e000, 0x0000000100000000)
   the space 24312K,  75% used [0x00000000f5aa0000, 0x00000000f6c94a40, 0x00000000f6c94c00, 0x00000000f725e000)
 Metaspace       used 16068K, capacity 16344K, committed 16512K, reserved 1064960K
  class space    used 1790K, capacity 1884K, committed 1920K, reserved 1048576K
Event: 4.517 GC heap after
Heap after GC invocations=40 (full 2):
 def new generation   total 11008K, used 1053K [0x00000000f0800000, 0x00000000f13f0000, 0x00000000f5aa0000)
  eden space 9792K,   0% used [0x00000000f0800000, 0x00000000f0800000, 0x00000000f1190000)
  from space 1216K,  86% used [0x00000000f12c0000, 0x00000000f13c74c8, 0x00000000f13f0000)
  to   space 1216K,   0% used [0x00000000f1190000, 0x00000000f1190000, 0x00000000f12c0000)
 tenured generation   total 24312K, used 19497K [0x00000000f5aa0000, 0x00000000f725e000, 0x0000000100000000)
   the space 24312K,  80% used [0x00000000f5aa0000, 0x00000000f6daa4c8, 0x00000000f6daa600, 0x00000000f725e000)
 Metaspace       used 16068K, capacity 16344K, committed 16512K, reserved 1064960K
  class space    used 1790K, capacity 1884K, committed 1920K, reserved 1048576K
}
Event: 4.616 GC heap before
{Heap before GC invocations=40 (full 2):
 def new generation   total 11008K, used 10845K [0x00000000f0800000, 0x00000000f13f0000, 0x00000000f5aa0000)
  eden space 9792K, 100% used [0x00000000f0800000, 0x00000000f1190000, 0x00000000f1190000)
  from space 1216K,  86% used [0x00000000f12c0000, 0x00000000f13c74c8, 0x00000000f13f0000)
  to   space 1216K,   0% used [0x00000000f1190000, 0x00000000f1190000, 0x00000000f12c0000)
 tenured generation   total 24312K, used 19497K [0x00000000f5aa0000, 0x00000000f725e000, 0x0000000100000000)
   the space 24312K,  80% used [0x00000000f5aa0000, 0x00000000f6daa4c8, 0x00000000f6daa600, 0x00000000f725e000)
 Metaspace       used 16130K, capacity 16408K, committed 16512K, reserved 1064960K
  class space    used 1790K, capacity 1884K, committed 1920K, reserved 1048576K
Event: 4.620 GC heap after
Heap after GC invocations=41 (full 2):
 def new generation   total 11008K, used 901K [0x00000000f0800000, 0x00000000f13f0000, 0x00000000f5aa0000)
  eden space 9792K,   0% used [0x00000000f0800000, 0x00000000f0800000, 0x00000000f1190000)
  from space 1216K,  74% used [0x00000000f1190000, 0x00000000f12714c0, 0x00000000f12c0000)
  to   space 1216K,   0% used [0x00000000f12c0000, 0x00000000f12c0000, 0x00000000f13f0000)
 tenured generation   total 24312K, used 20523K [0x00000000f5aa0000, 0x00000000f725e000, 0x0000000100000000)
   the space 24312K,  84% used [0x00000000f5aa0000, 0x00000000f6eaafe0, 0x00000000f6eab000, 0x00000000f725e000)
 Metaspace       used 16130K, capacity 16408K, committed 16512K, reserved 1064960K
  class space    used 1790K, capacity 1884K, committed 1920K, reserved 1048576K
}
Event: 4.728 GC heap before
{Heap before GC invocations=41 (full 2):
 def new generation   total 11008K, used 10693K [0x00000000f0800000, 0x00000000f13f0000, 0x00000000f5aa0000)
  eden space 9792K, 100% used [0x00000000f0800000, 0x00000000f1190000, 0x00000000f1190000)
  from space 1216K,  74% used [0x00000000f1190000, 0x00000000f12714c0, 0x00000000f12c0000)
  to   space 1216K,   0% used [0x00000000f12c0000, 0x00000000f12c0000, 0x00000000f13f0000)
 tenured generation   total 24312K, used 20523K [0x00000000f5aa0000, 0x00000000f725e000, 0x0000000100000000)
   the space 24312K,  84% used [0x00000000f5aa0000, 0x00000000f6eaafe0, 0x00000000f6eab000, 0x00000000f725e000)
 Metaspace       used 16202K, capacity 16484K, committed 16768K, reserved 1064960K
  class space    used 1791K, capacity 1886K, committed 1920K, reserved 1048576K
Event: 4.732 GC heap after
Heap after GC invocations=42 (full 2):
 def new generation   total 11008K, used 641K [0x00000000f0800000, 0x00000000f13f0000, 0x00000000f5aa0000)
  eden space 9792K,   0% used [0x00000000f0800000, 0x00000000f0800000, 0x00000000f1190000)
  from space 1216K,  52% used [0x00000000f12c0000, 0x00000000f13604e0, 0x00000000f13f0000)
  to   space 1216K,   0% used [0x00000000f1190000, 0x00000000f1190000, 0x00000000f12c0000)
 tenured generation   total 24312K, used 21383K [0x00000000f5aa0000, 0x00000000f725e000, 0x0000000100000000)
   the space 24312K,  87% used [0x00000000f5aa0000, 0x00000000f6f81f28, 0x00000000f6f82000, 0x00000000f725e000)
 Metaspace       used 16202K, capacity 16484K, committed 16768K, reserved 1064960K
  class space    used 1791K, capacity 1886K, committed 1920K, reserved 1048576K
}
Event: 4.817 GC heap before
{Heap before GC invocations=42 (full 2):
 def new generation   total 11008K, used 10433K [0x00000000f0800000, 0x00000000f13f0000, 0x00000000f5aa0000)
  eden space 9792K, 100% used [0x00000000f0800000, 0x00000000f1190000, 0x00000000f1190000)
  from space 1216K,  52% used [0x00000000f12c0000, 0x00000000f13604e0, 0x00000000f13f0000)
  to   space 1216K,   0% used [0x00000000f1190000, 0x00000000f1190000, 0x00000000f12c0000)
 tenured generation   total 24312K, used 21383K [0x00000000f5aa0000, 0x00000000f725e000, 0x0000000100000000)
   the space 24312K,  87% used [0x00000000f5aa0000, 0x00000000f6f81f28, 0x00000000f6f82000, 0x00000000f725e000)
 Metaspace       used 16263K, capacity 16548K, committed 16768K, reserved 1064960K
  class space    used 1791K, capacity 1886K, committed 1920K, reserved 1048576K
Event: 4.826 GC heap after
Heap after GC invocations=43 (full 2):
 def new generation   total 11008K, used 860K [0x00000000f0800000, 0x00000000f13f0000, 0x00000000f5aa0000)
  eden space 9792K,   0% used [0x00000000f0800000, 0x00000000f0800000, 0x00000000f1190000)
  from space 1216K,  70% used [0x00000000f1190000, 0x00000000f12672d0, 0x00000000f12c0000)
  to   space 1216K,   0% used [0x00000000f12c0000, 0x00000000f12c0000, 0x00000000f13f0000)
 tenured generation   total 24312K, used 21982K [0x00000000f5aa0000, 0x00000000f725e000, 0x0000000100000000)
   the space 24312K,  90% used [0x00000000f5aa0000, 0x00000000f7017a50, 0x00000000f7017c00, 0x00000000f725e000)
 Metaspace       used 16263K, capacity 16548K, committed 16768K, reserved 1064960K
  class space    used 1791K, capacity 1886K, committed 1920K, reserved 1048576K
}
Event: 4.923 GC heap before
{Heap before GC invocations=43 (full 2):
 def new generation   total 11008K, used 10652K [0x00000000f0800000, 0x00000000f13f0000, 0x00000000f5aa0000)
  eden space 9792K, 100% used [0x00000000f0800000, 0x00000000f1190000, 0x00000000f1190000)
  from space 1216K,  70% used [0x00000000f1190000, 0x00000000f12672d0, 0x00000000f12c0000)
  to   space 1216K,   0% used [0x00000000f12c0000, 0x00000000f12c0000, 0x00000000f13f0000)
 tenured generation   total 24312K, used 21982K [0x00000000f5aa0000, 0x00000000f725e000, 0x0000000100000000)
   the space 24312K,  90% used [0x00000000f5aa0000, 0x00000000f7017a50, 0x00000000f7017c00, 0x00000000f725e000)
 Metaspace       used 16293K, capacity 16560K, committed 16768K, reserved 1064960K
  class space    used 1792K, capacity 1888K, committed 1920K, reserved 1048576K
Event: 4.927 GC heap after
Heap after GC invocations=44 (full 2):
 def new generation   total 11008K, used 841K [0x00000000f0800000, 0x00000000f13f0000, 0x00000000f5aa0000)
  eden space 9792K,   0% used [0x00000000f0800000, 0x00000000f0800000, 0x00000000f1190000)
  from space 1216K,  69% used [0x00000000f12c0000, 0x00000000f13925f0, 0x00000000f13f0000)
  to   space 1216K,   0% used [0x00000000f1190000, 0x00000000f1190000, 0x00000000f12c0000)
 tenured generation   total 24312K, used 22822K [0x00000000f5aa0000, 0x00000000f725e000, 0x0000000100000000)
   the space 24312K,  93% used [0x00000000f5aa0000, 0x00000000f70e9ac8, 0x00000000f70e9c00, 0x00000000f725e000)
 Metaspace       used 16293K, capacity 16560K, committed 16768K, reserved 1064960K
  class space    used 1792K, capacity 1888K, committed 1920K, reserved 1048576K
}
Event: 5.005 GC heap before
{Heap before GC invocations=44 (full 2):
 def new generation   total 11008K, used 10633K [0x00000000f0800000, 0x00000000f13f0000, 0x00000000f5aa0000)
  eden space 9792K, 100% used [0x00000000f0800000, 0x00000000f1190000, 0x00000000f1190000)
  from space 1216K,  69% used [0x00000000f12c0000, 0x00000000f13925f0, 0x00000000f13f0000)
  to   space 1216K,   0% used [0x00000000f1190000, 0x00000000f1190000, 0x00000000f12c0000)
 tenured generation   total 24312K, used 22822K [0x00000000f5aa0000, 0x00000000f725e000, 0x0000000100000000)
   the space 24312K,  93% used [0x00000000f5aa0000, 0x00000000f70e9ac8, 0x00000000f70e9c00, 0x00000000f725e000)
 Metaspace       used 16305K, capacity 16560K, committed 16768K, reserved 1064960K
  class space    used 1792K, capacity 1888K, committed 1920K, reserved 1048576K
Event: 5.009 GC heap after
Heap after GC invocations=45 (full 2):
 def new generation   total 11008K, used 946K [0x00000000f0800000, 0x00000000f13f0000, 0x00000000f5aa0000)
  eden space 9792K,   0% used [0x00000000f0800000, 0x00000000f0800000, 0x00000000f1190000)
  from space 1216K,  77% used [0x00000000f1190000, 0x00000000f127c958, 0x00000000f12c0000)
  to   space 1216K,   0% used [0x00000000f12c0000, 0x00000000f12c0000, 0x00000000f13f0000)
 tenured generation   total 24312K, used 23496K [0x00000000f5aa0000, 0x00000000f725e000, 0x0000000100000000)
   the space 24312K,  96% used [0x00000000f5aa0000, 0x00000000f71923f8, 0x00000000f7192400, 0x00000000f725e000)
 Metaspace       used 16305K, capacity 16560K, committed 16768K, reserved 1064960K
  class space    used 1792K, capacity 1888K, committed 1920K, reserved 1048576K
}
Event: 5.072 GC heap before
{Heap before GC invocations=45 (full 2):
 def new generation   total 11008K, used 10738K [0x00000000f0800000, 0x00000000f13f0000, 0x00000000f5aa0000)
  eden space 9792K, 100% used [0x00000000f0800000, 0x00000000f1190000, 0x00000000f1190000)
  from space 1216K,  77% used [0x00000000f1190000, 0x00000000f127c958, 0x00000000f12c0000)
  to   space 1216K,   0% used [0x00000000f12c0000, 0x00000000f12c0000, 0x00000000f13f0000)
 tenured generation   total 24312K, used 23496K [0x00000000f5aa0000, 0x00000000f725e000, 0x0000000100000000)
   the space 24312K,  96% used [0x00000000f5aa0000, 0x00000000f71923f8, 0x00000000f7192400, 0x00000000f725e000)
 Metaspace       used 16323K, capacity 16560K, committed 16768K, reserved 1064960K
  class space    used 1792K, capacity 1888K, committed 1920K, reserved 1048576K
Event: 5.159 GC heap after
Heap after GC invocations=46 (full 3):
 def new generation   total 18432K, used 863K [0x00000000f0800000, 0x00000000f1c00000, 0x00000000f5aa0000)
  eden space 16384K,   5% used [0x00000000f0800000, 0x00000000f08d7c48, 0x00000000f1800000)
  from space 2048K,   0% used [0x00000000f1800000, 0x00000000f1800000, 0x00000000f1a00000)
  to   space 2048K,   0% used [0x00000000f1a00000, 0x00000000f1a00000, 0x00000000f1c00000)
 tenured generation   total 40840K, used 24503K [0x00000000f5aa0000, 0x00000000f8282000, 0x0000000100000000)
   the space 40840K,  59% used [0x00000000f5aa0000, 0x00000000f728dff0, 0x00000000f728e000, 0x00000000f8282000)
 Metaspace       used 16323K, capacity 16560K, committed 16768K, reserved 1064960K
  class space    used 1792K, capacity 1888K, committed 1920K, reserved 1048576K
}
Event: 5.383 GC heap before
{Heap before GC invocations=46 (full 3):
 def new generation   total 18432K, used 16384K [0x00000000f0800000, 0x00000000f1c00000, 0x00000000f5aa0000)
  eden space 16384K, 100% used [0x00000000f0800000, 0x00000000f1800000, 0x00000000f1800000)
  from space 2048K,   0% used [0x00000000f1800000, 0x00000000f1800000, 0x00000000f1a00000)
  to   space 2048K,   0% used [0x00000000f1a00000, 0x00000000f1a00000, 0x00000000f1c00000)
 tenured generation   total 40840K, used 24503K [0x00000000f5aa0000, 0x00000000f8282000, 0x0000000100000000)
   the space 40840K,  59% used [0x00000000f5aa0000, 0x00000000f728dff0, 0x00000000f728e000, 0x00000000f8282000)
 Metaspace       used 16508K, capacity 16752K, committed 17024K, reserved 1064960K
  class space    used 1807K, capacity 1888K, committed 1920K, reserved 1048576K
Event: 5.417 GC heap after
Heap after GC invocations=47 (full 3):
 def new generation   total 18432K, used 1999K [0x00000000f0800000, 0x00000000f1c00000, 0x00000000f5aa0000)
  eden space 16384K,   0% used [0x00000000f0800000, 0x00000000f0800000, 0x00000000f1800000)
  from space 2048K,  97% used [0x00000000f1a00000, 0x00000000f1bf3cd0, 0x00000000f1c00000)
  to   space 2048K,   0% used [0x00000000f1800000, 0x00000000f1800000, 0x00000000f1a00000)
 tenured generation   total 40840K, used 24503K [0x00000000f5aa0000, 0x00000000f8282000, 0x0000000100000000)
   the space 40840K,  59% used [0x00000000f5aa0000, 0x00000000f728dff0, 0x00000000f728e000, 0x00000000f8282000)
 Metaspace       used 16508K, capacity 16752K, committed 17024K, reserved 1064960K
  class space    used 1807K, capacity 1888K, committed 1920K, reserved 1048576K
}
Event: 5.637 GC heap before
{Heap before GC invocations=47 (full 3):
 def new generation   total 18432K, used 18383K [0x00000000f0800000, 0x00000000f1c00000, 0x00000000f5aa0000)
  eden space 16384K, 100% used [0x00000000f0800000, 0x00000000f1800000, 0x00000000f1800000)
  from space 2048K,  97% used [0x00000000f1a00000, 0x00000000f1bf3cd0, 0x00000000f1c00000)
  to   space 2048K,   0% used [0x00000000f1800000, 0x00000000f1800000, 0x00000000f1a00000)
 tenured generation   total 40840K, used 24503K [0x00000000f5aa0000, 0x00000000f8282000, 0x0000000100000000)
   the space 40840K,  59% used [0x00000000f5aa0000, 0x00000000f728dff0, 0x00000000f728e000, 0x00000000f8282000)
 Metaspace       used 16749K, capacity 17038K, committed 17152K, reserved 1064960K
  class space    used 1831K, capacity 1961K, committed 2048K, reserved 1048576K
Event: 5.647 GC heap after
Heap after GC invocations=48 (full 3):
 def new generation   total 18432K, used 1079K [0x00000000f0800000, 0x00000000f1c00000, 0x00000000f5aa0000)
  eden space 16384K,   0% used [0x00000000f0800000, 0x00000000f0800000, 0x00000000f1800000)
  from space 2048K,  52% used [0x00000000f1800000, 0x00000000f190dea8, 0x00000000f1a00000)
  to   space 2048K,   0% used [0x00000000f1a00000, 0x00000000f1a00000, 0x00000000f1c00000)
 tenured generation   total 40840K, used 26281K [0x00000000f5aa0000, 0x00000000f8282000, 0x0000000100000000)
   the space 40840K,  64% used [0x00000000f5aa0000, 0x00000000f744a480, 0x00000000f744a600, 0x00000000f8282000)
 Metaspace       used 16749K, capacity 17038K, committed 17152K, reserved 1064960K
  class space    used 1831K, capacity 1961K, committed 2048K, reserved 1048576K
}
Event: 5.905 GC heap before
{Heap before GC invocations=48 (full 3):
 def new generation   total 18432K, used 17463K [0x00000000f0800000, 0x00000000f1c00000, 0x00000000f5aa0000)
  eden space 16384K, 100% used [0x00000000f0800000, 0x00000000f1800000, 0x00000000f1800000)
  from space 2048K,  52% used [0x00000000f1800000, 0x00000000f190dea8, 0x00000000f1a00000)
  to   space 2048K,   0% used [0x00000000f1a00000, 0x00000000f1a00000, 0x00000000f1c00000)
 tenured generation   total 40840K, used 26281K [0x00000000f5aa0000, 0x00000000f8282000, 0x0000000100000000)
   the space 40840K,  64% used [0x00000000f5aa0000, 0x00000000f744a480, 0x00000000f744a600, 0x00000000f8282000)
 Metaspace       used 17442K, capacity 17870K, committed 17920K, reserved 1064960K
  class space    used 1902K, capacity 2025K, committed 2048K, reserved 1048576K
Event: 5.911 GC heap after
Heap after GC invocations=49 (full 3):
 def new generation   total 18432K, used 1287K [0x00000000f0800000, 0x00000000f1c00000, 0x00000000f5aa0000)
  eden space 16384K,   0% used [0x00000000f0800000, 0x00000000f0800000, 0x00000000f1800000)
  from space 2048K,  62% used [0x00000000f1a00000, 0x00000000f1b41d00, 0x00000000f1c00000)
  to   space 2048K,   0% used [0x00000000f1800000, 0x00000000f1800000, 0x00000000f1a00000)
 tenured generation   total 40840K, used 27074K [0x00000000f5aa0000, 0x00000000f8282000, 0x0000000100000000)
   the space 40840K,  66% used [0x00000000f5aa0000, 0x00000000f75109c0, 0x00000000f7510a00, 0x00000000f8282000)
 Metaspace       used 17442K, capacity 17870K, committed 17920K, reserved 1064960K
  class space    used 1902K, capacity 2025K, committed 2048K, reserved 1048576K
}
Event: 6.302 GC heap before
{Heap before GC invocations=49 (full 3):
 def new generation   total 18432K, used 17671K [0x00000000f0800000, 0x00000000f1c00000, 0x00000000f5aa0000)
  eden space 16384K, 100% used [0x00000000f0800000, 0x00000000f1800000, 0x00000000f1800000)
  from space 2048K,  62% used [0x00000000f1a00000, 0x00000000f1b41d00, 0x00000000f1c00000)
  to   space 2048K,   0% used [0x00000000f1800000, 0x00000000f1800000, 0x00000000f1a00000)
 tenured generation   total 40840K, used 27074K [0x00000000f5aa0000, 0x00000000f8282000, 0x0000000100000000)
   the space 40840K,  66% used [0x00000000f5aa0000, 0x00000000f75109c0, 0x00000000f7510a00, 0x00000000f8282000)
 Metaspace       used 18616K, capacity 19096K, committed 19328K, reserved 1067008K
  class space    used 2025K, capacity 2138K, committed 2176K, reserved 1048576K
Event: 6.310 GC heap after
Heap after GC invocations=50 (full 3):
 def new generation   total 18432K, used 1278K [0x00000000f0800000, 0x00000000f1c00000, 0x00000000f5aa0000)
  eden space 16384K,   0% used [0x00000000f0800000, 0x00000000f0800000, 0x00000000f1800000)
  from space 2048K,  62% used [0x00000000f1800000, 0x00000000f193f820, 0x00000000f1a00000)
  to   space 2048K,   0% used [0x00000000f1a00000, 0x00000000f1a00000, 0x00000000f1c00000)
 tenured generation   total 40840K, used 27775K [0x00000000f5aa0000, 0x00000000f8282000, 0x0000000100000000)
   the space 40840K,  68% used [0x00000000f5aa0000, 0x00000000f75bfc00, 0x00000000f75bfc00, 0x00000000f8282000)
 Metaspace       used 18616K, capacity 19096K, committed 19328K, reserved 1067008K
  class space    used 2025K, capacity 2138K, committed 2176K, reserved 1048576K
}
Event: 6.764 GC heap before
{Heap before GC invocations=50 (full 3):
 def new generation   total 18432K, used 17646K [0x00000000f0800000, 0x00000000f1c00000, 0x00000000f5aa0000)
  eden space 16384K,  99% used [0x00000000f0800000, 0x00000000f17fc2e0, 0x00000000f1800000)
  from space 2048K,  62% used [0x00000000f1800000, 0x00000000f193f820, 0x00000000f1a00000)
  to   space 2048K,   0% used [0x00000000f1a00000, 0x00000000f1a00000, 0x00000000f1c00000)
 tenured generation   total 40840K, used 27775K [0x00000000f5aa0000, 0x00000000f8282000, 0x0000000100000000)
   the space 40840K,  68% used [0x00000000f5aa0000, 0x00000000f75bfc00, 0x00000000f75bfc00, 0x00000000f8282000)
 Metaspace       used 21873K, capacity 22328K, committed 22528K, reserved 1069056K
  class space    used 2431K, capacity 2554K, committed 2560K, reserved 1048576K
Event: 6.778 GC heap after
Heap after GC invocations=51 (full 3):
 def new generation   total 18432K, used 2047K [0x00000000f0800000, 0x00000000f1c00000, 0x00000000f5aa0000)
  eden space 16384K,   0% used [0x00000000f0800000, 0x00000000f0800000, 0x00000000f1800000)
  from space 2048K,  99% used [0x00000000f1a00000, 0x00000000f1bffff0, 0x00000000f1c00000)
  to   space 2048K,   0% used [0x00000000f1800000, 0x00000000f1800000, 0x00000000f1a00000)
 tenured generation   total 40840K, used 28529K [0x00000000f5aa0000, 0x00000000f8282000, 0x0000000100000000)
   the space 40840K,  69% used [0x00000000f5aa0000, 0x00000000f767c4f0, 0x00000000f767c600, 0x00000000f8282000)
 Metaspace       used 21873K, capacity 22328K, committed 22528K, reserved 1069056K
  class space    used 2431K, capacity 2554K, committed 2560K, reserved 1048576K
}
Event: 6.976 GC heap before
{Heap before GC invocations=51 (full 3):
 def new generation   total 18432K, used 18413K [0x00000000f0800000, 0x00000000f1c00000, 0x00000000f5aa0000)
  eden space 16384K,  99% used [0x00000000f0800000, 0x00000000f17fb718, 0x00000000f1800000)
  from space 2048K,  99% used [0x00000000f1a00000, 0x00000000f1bffff0, 0x00000000f1c00000)
  to   space 2048K,   0% used [0x00000000f1800000, 0x00000000f1800000, 0x00000000f1a00000)
 tenured generation   total 40840K, used 28529K [0x00000000f5aa0000, 0x00000000f8282000, 0x0000000100000000)
   the space 40840K,  69% used [0x00000000f5aa0000, 0x00000000f767c4f0, 0x00000000f767c600, 0x00000000f8282000)
 Metaspace       used 21881K, capacity 22328K, committed 22528K, reserved 1069056K
  class space    used 2431K, capacity 2554K, committed 2560K, reserved 1048576K
Event: 6.987 GC heap after
Heap after GC invocations=52 (full 3):
 def new generation   total 18432K, used 2047K [0x00000000f0800000, 0x00000000f1c00000, 0x00000000f5aa0000)
  eden space 16384K,   0% used [0x00000000f0800000, 0x00000000f0800000, 0x00000000f1800000)
  from space 2048K,  99% used [0x00000000f1800000, 0x00000000f19ffff8, 0x00000000f1a00000)
  to   space 2048K,   0% used [0x00000000f1a00000, 0x00000000f1a00000, 0x00000000f1c00000)
 tenured generation   total 40840K, used 30559K [0x00000000f5aa0000, 0x00000000f8282000, 0x0000000100000000)
   the space 40840K,  74% used [0x00000000f5aa0000, 0x00000000f7877e00, 0x00000000f7877e00, 0x00000000f8282000)
 Metaspace       used 21881K, capacity 22328K, committed 22528K, reserved 1069056K
  class space    used 2431K, capacity 2554K, committed 2560K, reserved 1048576K
}
Event: 6.998 GC heap before
{Heap before GC invocations=52 (full 3):
 def new generation   total 18432K, used 18415K [0x00000000f0800000, 0x00000000f1c00000, 0x00000000f5aa0000)
  eden space 16384K,  99% used [0x00000000f0800000, 0x00000000f17fbf70, 0x00000000f1800000)
  from space 2048K,  99% used [0x00000000f1800000, 0x00000000f19ffff8, 0x00000000f1a00000)
  to   space 2048K,   0% used [0x00000000f1a00000, 0x00000000f1a00000, 0x00000000f1c00000)
 tenured generation   total 40840K, used 30559K [0x00000000f5aa0000, 0x00000000f8282000, 0x0000000100000000)
   the space 40840K,  74% used [0x00000000f5aa0000, 0x00000000f7877e00, 0x00000000f7877e00, 0x00000000f8282000)
 Metaspace       used 21881K, capacity 22328K, committed 22528K, reserved 1069056K
  class space    used 2431K, capacity 2554K, committed 2560K, reserved 1048576K
Event: 7.007 GC heap after
Heap after GC invocations=53 (full 3):
 def new generation   total 18432K, used 54K [0x00000000f0800000, 0x00000000f1c00000, 0x00000000f5aa0000)
  eden space 16384K,   0% used [0x00000000f0800000, 0x00000000f0800000, 0x00000000f1800000)
  from space 2048K,   2% used [0x00000000f1a00000, 0x00000000f1a0d940, 0x00000000f1c00000)
  to   space 2048K,   0% used [0x00000000f1800000, 0x00000000f1800000, 0x00000000f1a00000)
 tenured generation   total 40840K, used 32320K [0x00000000f5aa0000, 0x00000000f8282000, 0x0000000100000000)
   the space 40840K,  79% used [0x00000000f5aa0000, 0x00000000f7a30120, 0x00000000f7a30200, 0x00000000f8282000)
 Metaspace       used 21881K, capacity 22328K, committed 22528K, reserved 1069056K
  class space    used 2431K, capacity 2554K, committed 2560K, reserved 1048576K
}
Event: 7.190 GC heap before
{Heap before GC invocations=53 (full 3):
 def new generation   total 18432K, used 16438K [0x00000000f0800000, 0x00000000f1c00000, 0x00000000f5aa0000)
  eden space 16384K, 100% used [0x00000000f0800000, 0x00000000f1800000, 0x00000000f1800000)
  from space 2048K,   2% used [0x00000000f1a00000, 0x00000000f1a0d940, 0x00000000f1c00000)
  to   space 2048K,   0% used [0x00000000f1800000, 0x00000000f1800000, 0x00000000f1a00000)
 tenured generation   total 40840K, used 32320K [0x00000000f5aa0000, 0x00000000f8282000, 0x0000000100000000)
   the space 40840K,  79% used [0x00000000f5aa0000, 0x00000000f7a30120, 0x00000000f7a30200, 0x00000000f8282000)
 Metaspace       used 22099K, capacity 22584K, committed 22784K, reserved 1069056K
  class space    used 2448K, capacity 2554K, committed 2560K, reserved 1048576K
Event: 7.193 GC heap after
Heap after GC invocations=54 (full 3):
 def new generation   total 18432K, used 1176K [0x00000000f0800000, 0x00000000f1c00000, 0x00000000f5aa0000)
  eden space 16384K,   0% used [0x00000000f0800000, 0x00000000f0800000, 0x00000000f1800000)
  from space 2048K,  57% used [0x00000000f1800000, 0x00000000f1926198, 0x00000000f1a00000)
  to   space 2048K,   0% used [0x00000000f1a00000, 0x00000000f1a00000, 0x00000000f1c00000)
 tenured generation   total 40840K, used 32320K [0x00000000f5aa0000, 0x00000000f8282000, 0x0000000100000000)
   the space 40840K,  79% used [0x00000000f5aa0000, 0x00000000f7a30120, 0x00000000f7a30200, 0x00000000f8282000)
 Metaspace       used 22099K, capacity 22584K, committed 22784K, reserved 1069056K
  class space    used 2448K, capacity 2554K, committed 2560K, reserved 1048576K
}
Event: 7.431 GC heap before
{Heap before GC invocations=54 (full 3):
 def new generation   total 18432K, used 17560K [0x00000000f0800000, 0x00000000f1c00000, 0x00000000f5aa0000)
  eden space 16384K, 100% used [0x00000000f0800000, 0x00000000f1800000, 0x00000000f1800000)
  from space 2048K,  57% used [0x00000000f1800000, 0x00000000f1926198, 0x00000000f1a00000)
  to   space 2048K,   0% used [0x00000000f1a00000, 0x00000000f1a00000, 0x00000000f1c00000)
 tenured generation   total 40840K, used 32320K [0x00000000f5aa0000, 0x00000000f8282000, 0x0000000100000000)
   the space 40840K,  79% used [0x00000000f5aa0000, 0x00000000f7a30120, 0x00000000f7a30200, 0x00000000f8282000)
 Metaspace       used 22242K, capacity 22648K, committed 22784K, reserved 1069056K
  class space    used 2459K, capacity 2554K, committed 2560K, reserved 1048576K
Event: 7.469 GC heap after
Heap after GC invocations=55 (full 3):
 def new generation   total 18432K, used 2047K [0x00000000f0800000, 0x00000000f1c00000, 0x00000000f5aa0000)
  eden space 16384K,   0% used [0x00000000f0800000, 0x00000000f0800000, 0x00000000f1800000)
  from space 2048K,  99% used [0x00000000f1a00000, 0x00000000f1bffff8, 0x00000000f1c00000)
  to   space 2048K,   0% used [0x00000000f1800000, 0x00000000f1800000, 0x00000000f1a00000)
 tenured generation   total 40840K, used 39256K [0x00000000f5aa0000, 0x00000000f8282000, 0x0000000100000000)
   the space 40840K,  96% used [0x00000000f5aa0000, 0x00000000f80f63d8, 0x00000000f80f6400, 0x00000000f8282000)
 Metaspace       used 22242K, capacity 22648K, committed 22784K, reserved 1069056K
  class space    used 2459K, capacity 2554K, committed 2560K, reserved 1048576K
}
Event: 7.697 GC heap before
{Heap before GC invocations=55 (full 3):
 def new generation   total 18432K, used 18431K [0x00000000f0800000, 0x00000000f1c00000, 0x00000000f5aa0000)
  eden space 16384K, 100% used [0x00000000f0800000, 0x00000000f1800000, 0x00000000f1800000)
  from space 2048K,  99% used [0x00000000f1a00000, 0x00000000f1bffff8, 0x00000000f1c00000)
  to   space 2048K,   0% used [0x00000000f1800000, 0x00000000f1800000, 0x00000000f1a00000)
 tenured generation   total 40840K, used 39256K [0x00000000f5aa0000, 0x00000000f8282000, 0x0000000100000000)
   the space 40840K,  96% used [0x00000000f5aa0000, 0x00000000f80f63d8, 0x00000000f80f6400, 0x00000000f8282000)
 Metaspace       used 22450K, capacity 22904K, committed 23168K, reserved 1069056K
  class space    used 2476K, capacity 2618K, committed 2688K, reserved 1048576K
Event: 7.833 GC heap after
Heap after GC invocations=56 (full 4):
 def new generation   total 31104K, used 0K [0x00000000f0800000, 0x00000000f29c0000, 0x00000000f5aa0000)
  eden space 27648K,   0% used [0x00000000f0800000, 0x00000000f0800000, 0x00000000f2300000)
  from space 3456K,   0% used [0x00000000f2300000, 0x00000000f2300000, 0x00000000f2660000)
  to   space 3456K,   0% used [0x00000000f2660000, 0x00000000f2660000, 0x00000000f29c0000)
 tenured generation   total 69056K, used 41432K [0x00000000f5aa0000, 0x00000000f9e10000, 0x0000000100000000)
   the space 69056K,  59% used [0x00000000f5aa0000, 0x00000000f83163d8, 0x00000000f8316400, 0x00000000f9e10000)
 Metaspace       used 22450K, capacity 22904K, committed 23168K, reserved 1069056K
  class space    used 2476K, capacity 2618K, committed 2688K, reserved 1048576K
}
Event: 8.310 GC heap before
{Heap before GC invocations=56 (full 4):
 def new generation   total 31104K, used 27648K [0x00000000f0800000, 0x00000000f29c0000, 0x00000000f5aa0000)
  eden space 27648K, 100% used [0x00000000f0800000, 0x00000000f2300000, 0x00000000f2300000)
  from space 3456K,   0% used [0x00000000f2300000, 0x00000000f2300000, 0x00000000f2660000)
  to   space 3456K,   0% used [0x00000000f2660000, 0x00000000f2660000, 0x00000000f29c0000)
 tenured generation   total 69056K, used 41432K [0x00000000f5aa0000, 0x00000000f9e10000, 0x0000000100000000)
   the space 69056K,  59% used [0x00000000f5aa0000, 0x00000000f83163d8, 0x00000000f8316400, 0x00000000f9e10000)
 Metaspace       used 23905K, capacity 24446K, committed 24704K, reserved 1071104K
  class space    used 2645K, capacity 2830K, committed 2944K, reserved 1048576K
Event: 8.318 GC heap after
Heap after GC invocations=57 (full 4):
 def new generation   total 31104K, used 2613K [0x00000000f0800000, 0x00000000f29c0000, 0x00000000f5aa0000)
  eden space 27648K,   0% used [0x00000000f0800000, 0x00000000f0800000, 0x00000000f2300000)
  from space 3456K,  75% used [0x00000000f2660000, 0x00000000f28ed500, 0x00000000f29c0000)
  to   space 3456K,   0% used [0x00000000f2300000, 0x00000000f2300000, 0x00000000f2660000)
 tenured generation   total 69056K, used 41432K [0x00000000f5aa0000, 0x00000000f9e10000, 0x0000000100000000)
   the space 69056K,  59% used [0x00000000f5aa0000, 0x00000000f83163d8, 0x00000000f8316400, 0x00000000f9e10000)
 Metaspace       used 23905K, capacity 24446K, committed 24704K, reserved 1071104K
  class space    used 2645K, capacity 2830K, committed 2944K, reserved 1048576K
}
Event: 8.519 GC heap before
{Heap before GC invocations=57 (full 4):
 def new generation   total 31104K, used 28236K [0x00000000f0800000, 0x00000000f29c0000, 0x00000000f5aa0000)
  eden space 27648K,  92% used [0x00000000f0800000, 0x00000000f2105b28, 0x00000000f2300000)
  from space 3456K,  75% used [0x00000000f2660000, 0x00000000f28ed500, 0x00000000f29c0000)
  to   space 3456K,   0% used [0x00000000f2300000, 0x00000000f2300000, 0x00000000f2660000)
 tenured generation   total 69056K, used 41432K [0x00000000f5aa0000, 0x00000000f9e10000, 0x0000000100000000)
   the space 69056K,  59% used [0x00000000f5aa0000, 0x00000000f83163d8, 0x00000000f8316400, 0x00000000f9e10000)
 Metaspace       used 24709K, capacity 25254K, committed 25472K, reserved 1071104K
  class space    used 2757K, capacity 2926K, committed 2944K, reserved 1048576K
Event: 8.562 GC heap after
Heap after GC invocations=58 (full 4):
 def new generation   total 31104K, used 1361K [0x00000000f0800000, 0x00000000f29c0000, 0x00000000f5aa0000)
  eden space 27648K,   0% used [0x00000000f0800000, 0x00000000f0800000, 0x00000000f2300000)
  from space 3456K,  39% used [0x00000000f2300000, 0x00000000f24545b8, 0x00000000f2660000)
  to   space 3456K,   0% used [0x00000000f2660000, 0x00000000f2660000, 0x00000000f29c0000)
 tenured generation   total 69056K, used 62233K [0x00000000f5aa0000, 0x00000000f9e10000, 0x0000000100000000)
   the space 69056K,  90% used [0x00000000f5aa0000, 0x00000000f9766520, 0x00000000f9766600, 0x00000000f9e10000)
 Metaspace       used 24709K, capacity 25254K, committed 25472K, reserved 1071104K
  class space    used 2757K, capacity 2926K, committed 2944K, reserved 1048576K
}
Event: 10.338 GC heap before
{Heap before GC invocations=58 (full 4):
 def new generation   total 31104K, used 21986K [0x00000000f0800000, 0x00000000f29c0000, 0x00000000f5aa0000)
  eden space 27648K,  74% used [0x00000000f0800000, 0x00000000f1c245e0, 0x00000000f2300000)
  from space 3456K,  39% used [0x00000000f2300000, 0x00000000f24545b8, 0x00000000f2660000)
  to   space 3456K,   0% used [0x00000000f2660000, 0x00000000f2660000, 0x00000000f29c0000)
 tenured generation   total 69056K, used 62233K [0x00000000f5aa0000, 0x00000000f9e10000, 0x0000000100000000)
   the space 69056K,  90% used [0x00000000f5aa0000, 0x00000000f9766520, 0x00000000f9766600, 0x00000000f9e10000)
 Metaspace       used 24797K, capacity 25318K, committed 25472K, reserved 1071104K
  class space    used 2769K, capacity 2926K, committed 2944K, reserved 1048576K

